[ 2017-05-17T20:20:43+08:00 ] 192.168.199.241 /home/course/getchapter
INFO: [ app_init ] --START--
INFO: Run Behavior\BuildLiteBehavior [ RunTime:0.000037s ]
INFO: [ app_init ] --END-- [ RunTime:0.001644s ]
INFO: [ app_begin ] --START--
INFO: Run Behavior\ReadHtmlCacheBehavior [ RunTime:0.021487s ]
INFO: [ app_begin ] --END-- [ RunTime:0.021734s ]
SQL: SHOW COLUMNS FROM `we_chapter` [ RunTime:0.1920s ]
SQL: SELECT * FROM `we_chapter` WHERE `status` > 0 AND `course_id` = 1  [ RunTime:0.1450s ]

[ 2017-05-17T20:20:51+08:00 ] 192.168.199.241 /home/question/getquestion
INFO: [ app_init ] --START--
INFO: Run Behavior\BuildLiteBehavior [ RunTime:0.000035s ]
INFO: [ app_init ] --END-- [ RunTime:0.001082s ]
INFO: [ app_begin ] --START--
INFO: Run Behavior\ReadHtmlCacheBehavior [ RunTime:0.000842s ]
INFO: [ app_begin ] --END-- [ RunTime:0.000931s ]
SQL: SHOW COLUMNS FROM `we_question` [ RunTime:0.0311s ]
SQL: SELECT `id`,`sn`,`stem`,`question_type`,`explain` FROM `we_question` WHERE `status` = 1 AND `course_id` = 1 AND `type` = 1 AND `obj_id` = 2  [ RunTime:0.0006s ]
SQL: SHOW COLUMNS FROM `we_answer` [ RunTime:0.0045s ]
SQL: SELECT `content`,`is_true`,`sn` FROM `we_answer` WHERE `question_id` = 4  [ RunTime:0.0261s ]

[ 2017-05-17T20:21:01+08:00 ] 192.168.199.241 /home/question/getquestion
INFO: [ app_init ] --START--
INFO: Run Behavior\BuildLiteBehavior [ RunTime:0.000026s ]
INFO: [ app_init ] --END-- [ RunTime:0.000716s ]
INFO: [ app_begin ] --START--
INFO: Run Behavior\ReadHtmlCacheBehavior [ RunTime:0.000926s ]
INFO: [ app_begin ] --END-- [ RunTime:0.001033s ]
SQL: SHOW COLUMNS FROM `we_question` [ RunTime:0.0277s ]
SQL: SELECT `id`,`sn`,`stem`,`question_type`,`explain` FROM `we_question` WHERE `status` = 1 AND `course_id` = 1 AND `type` = 1 AND `obj_id` = 2  [ RunTime:0.0004s ]
SQL: SHOW COLUMNS FROM `we_answer` [ RunTime:0.0035s ]
SQL: SELECT `content`,`is_true`,`sn` FROM `we_answer` WHERE `question_id` = 4  [ RunTime:0.0003s ]

[ 2017-05-17T20:21:02+08:00 ] 192.168.199.241 /home/course/getchapter
INFO: [ app_init ] --START--
INFO: Run Behavior\BuildLiteBehavior [ RunTime:0.000022s ]
INFO: [ app_init ] --END-- [ RunTime:0.000638s ]
INFO: [ app_begin ] --START--
INFO: Run Behavior\ReadHtmlCacheBehavior [ RunTime:0.000770s ]
INFO: [ app_begin ] --END-- [ RunTime:0.000865s ]
SQL: SHOW COLUMNS FROM `we_chapter` [ RunTime:0.0030s ]
SQL: SELECT * FROM `we_chapter` WHERE `status` > 0 AND `course_id` = 1  [ RunTime:0.0004s ]

[ 2017-05-17T20:21:05+08:00 ] 192.168.199.241 /home/question/getquestion
INFO: [ app_init ] --START--
INFO: Run Behavior\BuildLiteBehavior [ RunTime:0.000034s ]
INFO: [ app_init ] --END-- [ RunTime:0.000998s ]
INFO: [ app_begin ] --START--
INFO: Run Behavior\ReadHtmlCacheBehavior [ RunTime:0.001281s ]
INFO: [ app_begin ] --END-- [ RunTime:0.001436s ]
SQL: SHOW COLUMNS FROM `we_question` [ RunTime:0.0036s ]
SQL: SELECT `id`,`sn`,`stem`,`question_type`,`explain` FROM `we_question` WHERE `status` = 1 AND `course_id` = 1 AND `type` = 1 AND `obj_id` = 2  [ RunTime:0.0004s ]
SQL: SHOW COLUMNS FROM `we_answer` [ RunTime:0.0037s ]
SQL: SELECT `content`,`is_true`,`sn` FROM `we_answer` WHERE `question_id` = 4  [ RunTime:0.0003s ]

[ 2017-05-17T21:55:07+08:00 ] 192.168.1.120 /index.php/home/user/login
INFO: [ app_init ] --START--
INFO: Run Behavior\BuildLiteBehavior [ RunTime:0.000020s ]
INFO: [ app_init ] --END-- [ RunTime:0.000588s ]
INFO: [ app_begin ] --START--
INFO: Run Behavior\ReadHtmlCacheBehavior [ RunTime:0.000922s ]
INFO: [ app_begin ] --END-- [ RunTime:0.001004s ]
SQL: SHOW COLUMNS FROM `we_user` [ RunTime:0.0235s ]
SQL: SELECT * FROM `we_user` WHERE `email` = 'zsy' LIMIT 1   [ RunTime:0.0379s ]

[ 2017-05-17T21:55:08+08:00 ] 192.168.1.120 /index.php/home/index/index
INFO: [ app_init ] --START--
INFO: Run Behavior\BuildLiteBehavior [ RunTime:0.000019s ]
INFO: [ app_init ] --END-- [ RunTime:0.000590s ]
INFO: [ app_begin ] --START--
INFO: Run Behavior\ReadHtmlCacheBehavior [ RunTime:0.000698s ]
INFO: [ app_begin ] --END-- [ RunTime:0.000792s ]
SQL: SHOW COLUMNS FROM `we_ad` [ RunTime:0.0042s ]
SQL: SELECT `id`,`img`,`address` FROM `we_ad` WHERE `status` = 1  [ RunTime:0.0314s ]
SQL: SHOW COLUMNS FROM `we_course` [ RunTime:0.0073s ]
SQL: SHOW COLUMNS FROM `we_course` [ RunTime:0.0073s ]
SQL: SELECT `id`,`name`,`head_image`,`image` FROM `we_course` WHERE `status` = 1 LIMIT 3   [ RunTime:0.0458s ]
SQL: SHOW COLUMNS FROM `we_collection` [ RunTime:0.0069s ]
SQL: SELECT COUNT(id) AS tp_count FROM `we_collection` WHERE `status` = 1 AND `course_id` = 1 LIMIT 1   [ RunTime:0.0428s ]
SQL: SELECT * FROM `we_collection` WHERE `course_id` = 1 AND `user_id` = 42 LIMIT 1   [ RunTime:0.0007s ]
NOTIC: [8] Undefined variable: lists F:\XAMPP\htdocs\toget\Application\Home\Model\CourseModel.class.php 第 13 行.
SQL: SELECT COUNT(id) AS tp_count FROM `we_collection` WHERE `status` = 1 AND `course_id` = 2 LIMIT 1   [ RunTime:0.0007s ]
SQL: SELECT * FROM `we_collection` WHERE `course_id` = 2 AND `user_id` = 42 LIMIT 1   [ RunTime:0.0006s ]
NOTIC: [8] Undefined variable: lists F:\XAMPP\htdocs\toget\Application\Home\Model\CourseModel.class.php 第 13 行.
SQL: SELECT COUNT(id) AS tp_count FROM `we_collection` WHERE `status` = 1 AND `course_id` = 3 LIMIT 1   [ RunTime:0.0006s ]
SQL: SELECT * FROM `we_collection` WHERE `course_id` = 3 AND `user_id` = 42 LIMIT 1   [ RunTime:0.0007s ]
NOTIC: [8] Undefined variable: lists F:\XAMPP\htdocs\toget\Application\Home\Model\CourseModel.class.php 第 13 行.

[ 2017-05-17T21:55:18+08:00 ] 192.168.1.120 /index.php/home/course/detail
INFO: [ app_init ] --START--
INFO: Run Behavior\BuildLiteBehavior [ RunTime:0.000035s ]
INFO: [ app_init ] --END-- [ RunTime:0.001078s ]
INFO: [ app_begin ] --START--
INFO: Run Behavior\ReadHtmlCacheBehavior [ RunTime:0.001817s ]
INFO: [ app_begin ] --END-- [ RunTime:0.001991s ]
SQL: SHOW COLUMNS FROM `we_course` [ RunTime:0.0068s ]
SQL: SHOW COLUMNS FROM `we_course` [ RunTime:0.0069s ]
SQL: SELECT `image`,`name`,`id` FROM `we_course` WHERE `id` = 1 AND `status` = 1 LIMIT 1   [ RunTime:0.0008s ]
SQL: SHOW COLUMNS FROM `we_test` [ RunTime:0.0077s ]
SQL: SELECT COUNT(id) AS tp_count FROM `we_test` WHERE `course_id` = 1 AND `type` = 1 AND `status` > 0 LIMIT 1   [ RunTime:0.0488s ]
SQL: SELECT COUNT(id) AS tp_count FROM `we_test` WHERE `status` = 2 AND `course_id` = 1 AND `type` = 1 LIMIT 1   [ RunTime:0.0008s ]
SQL: SHOW COLUMNS FROM `we_chapter` [ RunTime:0.0077s ]
SQL: SELECT COUNT(id) AS tp_count FROM `we_chapter` WHERE `course_id` = 1 AND `status` > 0 LIMIT 1   [ RunTime:0.0007s ]
SQL: SELECT COUNT(id) AS tp_count FROM `we_chapter` WHERE `status` = 2 AND `course_id` = 1 LIMIT 1   [ RunTime:0.0007s ]
SQL: SELECT COUNT(id) AS tp_count FROM `we_test` WHERE `course_id` = 1 AND `type` = 2 AND `status` > 0 LIMIT 1   [ RunTime:0.0007s ]
SQL: SELECT COUNT(id) AS tp_count FROM `we_test` WHERE `status` = 2 AND `course_id` = 1 AND `type` = 2 LIMIT 1   [ RunTime:0.0006s ]

[ 2017-05-17T21:55:23+08:00 ] 192.168.1.120 /index.php/home/course/getchapter
INFO: [ app_init ] --START--
INFO: Run Behavior\BuildLiteBehavior [ RunTime:0.000020s ]
INFO: [ app_init ] --END-- [ RunTime:0.000571s ]
INFO: [ app_begin ] --START--
INFO: Run Behavior\ReadHtmlCacheBehavior [ RunTime:0.000791s ]
INFO: [ app_begin ] --END-- [ RunTime:0.000876s ]
SQL: SHOW COLUMNS FROM `we_chapter` [ RunTime:0.0045s ]
SQL: SELECT * FROM `we_chapter` WHERE `status` > 0 AND `course_id` = 1  [ RunTime:0.0006s ]

[ 2017-05-17T21:55:24+08:00 ] 192.168.1.120 /index.php/home/question/getquestion
INFO: [ app_init ] --START--
INFO: Run Behavior\BuildLiteBehavior [ RunTime:0.000033s ]
INFO: [ app_init ] --END-- [ RunTime:0.000980s ]
INFO: [ app_begin ] --START--
INFO: Run Behavior\ReadHtmlCacheBehavior [ RunTime:0.001481s ]
INFO: [ app_begin ] --END-- [ RunTime:0.001643s ]
SQL: SHOW COLUMNS FROM `we_question` [ RunTime:0.0312s ]
SQL: SELECT `id`,`sn`,`stem`,`question_type`,`explain` FROM `we_question` WHERE `status` = 1 AND `course_id` = 1 AND `type` = 1 AND `obj_id` = 2  [ RunTime:0.0008s ]
SQL: SHOW COLUMNS FROM `we_answer` [ RunTime:0.0067s ]
SQL: SELECT `content`,`is_true`,`sn` FROM `we_answer` WHERE `question_id` = 4  [ RunTime:0.0007s ]

[ 2017-05-17T21:55:42+08:00 ] 192.168.1.120 /index.php/home/course/getchapter
INFO: [ app_init ] --START--
INFO: Run Behavior\BuildLiteBehavior [ RunTime:0.000017s ]
INFO: [ app_init ] --END-- [ RunTime:0.000421s ]
INFO: [ app_begin ] --START--
INFO: Run Behavior\ReadHtmlCacheBehavior [ RunTime:0.000437s ]
INFO: [ app_begin ] --END-- [ RunTime:0.000488s ]
SQL: SHOW COLUMNS FROM `we_chapter` [ RunTime:0.0029s ]
SQL: SELECT * FROM `we_chapter` WHERE `status` > 0 AND `course_id` = 1  [ RunTime:0.0004s ]

[ 2017-05-17T21:55:48+08:00 ] 192.168.1.120 /index.php/home/question/getquestion
INFO: [ app_init ] --START--
INFO: Run Behavior\BuildLiteBehavior [ RunTime:0.000022s ]
INFO: [ app_init ] --END-- [ RunTime:0.000622s ]
INFO: [ app_begin ] --START--
INFO: Run Behavior\ReadHtmlCacheBehavior [ RunTime:0.000771s ]
INFO: [ app_begin ] --END-- [ RunTime:0.000860s ]
SQL: SHOW COLUMNS FROM `we_question` [ RunTime:0.0043s ]
SQL: SELECT `id`,`sn`,`stem`,`question_type`,`explain` FROM `we_question` WHERE `status` = 1 AND `course_id` = 1 AND `type` = 1 AND `obj_id` = 4  [ RunTime:0.0005s ]

[ 2017-05-17T21:55:50+08:00 ] 192.168.1.120 /index.php/home/course/getchapter
INFO: [ app_init ] --START--
INFO: Run Behavior\BuildLiteBehavior [ RunTime:0.000015s ]
INFO: [ app_init ] --END-- [ RunTime:0.000409s ]
INFO: [ app_begin ] --START--
INFO: Run Behavior\ReadHtmlCacheBehavior [ RunTime:0.000596s ]
INFO: [ app_begin ] --END-- [ RunTime:0.000659s ]
SQL: SHOW COLUMNS FROM `we_chapter` [ RunTime:0.0035s ]
SQL: SELECT * FROM `we_chapter` WHERE `status` > 0 AND `course_id` = 1  [ RunTime:0.0004s ]

[ 2017-05-17T21:55:50+08:00 ] 192.168.1.120 /index.php/home/course/detail
INFO: [ app_init ] --START--
INFO: Run Behavior\BuildLiteBehavior [ RunTime:0.000021s ]
INFO: [ app_init ] --END-- [ RunTime:0.000584s ]
INFO: [ app_begin ] --START--
INFO: Run Behavior\ReadHtmlCacheBehavior [ RunTime:0.000719s ]
INFO: [ app_begin ] --END-- [ RunTime:0.000800s ]
SQL: SHOW COLUMNS FROM `we_course` [ RunTime:0.0435s ]
SQL: SHOW COLUMNS FROM `we_course` [ RunTime:0.0032s ]
SQL: SELECT `image`,`name`,`id` FROM `we_course` WHERE `id` = 1 AND `status` = 1 LIMIT 1   [ RunTime:0.0004s ]
SQL: SHOW COLUMNS FROM `we_test` [ RunTime:0.0035s ]
SQL: SELECT COUNT(id) AS tp_count FROM `we_test` WHERE `course_id` = 1 AND `type` = 1 AND `status` > 0 LIMIT 1   [ RunTime:0.0004s ]
SQL: SELECT COUNT(id) AS tp_count FROM `we_test` WHERE `status` = 2 AND `course_id` = 1 AND `type` = 1 LIMIT 1   [ RunTime:0.0003s ]
SQL: SHOW COLUMNS FROM `we_chapter` [ RunTime:0.0034s ]
SQL: SELECT COUNT(id) AS tp_count FROM `we_chapter` WHERE `course_id` = 1 AND `status` > 0 LIMIT 1   [ RunTime:0.0004s ]
SQL: SELECT COUNT(id) AS tp_count FROM `we_chapter` WHERE `status` = 2 AND `course_id` = 1 LIMIT 1   [ RunTime:0.0003s ]
SQL: SELECT COUNT(id) AS tp_count FROM `we_test` WHERE `course_id` = 1 AND `type` = 2 AND `status` > 0 LIMIT 1   [ RunTime:0.0002s ]
SQL: SELECT COUNT(id) AS tp_count FROM `we_test` WHERE `status` = 2 AND `course_id` = 1 AND `type` = 2 LIMIT 1   [ RunTime:0.0002s ]

[ 2017-05-17T21:55:52+08:00 ] 192.168.1.120 /index.php/home/course/gettest
INFO: [ app_init ] --START--
INFO: Run Behavior\BuildLiteBehavior [ RunTime:0.000021s ]
INFO: [ app_init ] --END-- [ RunTime:0.000479s ]
INFO: [ app_begin ] --START--
INFO: Run Behavior\ReadHtmlCacheBehavior [ RunTime:0.000583s ]
INFO: [ app_begin ] --END-- [ RunTime:0.000650s ]
SQL: SHOW COLUMNS FROM `we_test` [ RunTime:0.0037s ]
SQL: SELECT `id`,`name` FROM `we_test` WHERE `course_id` = 1 AND `type` = 2 AND `status` > 0  [ RunTime:0.0004s ]

[ 2017-05-17T21:55:53+08:00 ] 192.168.1.120 /index.php/home/question/getquestion
INFO: [ app_init ] --START--
INFO: Run Behavior\BuildLiteBehavior [ RunTime:0.000017s ]
INFO: [ app_init ] --END-- [ RunTime:0.000488s ]
INFO: [ app_begin ] --START--
INFO: Run Behavior\ReadHtmlCacheBehavior [ RunTime:0.000760s ]
INFO: [ app_begin ] --END-- [ RunTime:0.000842s ]
SQL: SHOW COLUMNS FROM `we_question` [ RunTime:0.0039s ]
SQL: SELECT `id`,`sn`,`stem`,`question_type`,`explain` FROM `we_question` WHERE `status` = 1 AND `course_id` = 1 AND `type` = 2 AND `obj_id` = 5  [ RunTime:0.0004s ]

[ 2017-05-17T21:55:54+08:00 ] 192.168.1.120 /index.php/home/course/gettest
INFO: [ app_init ] --START--
INFO: Run Behavior\BuildLiteBehavior [ RunTime:0.000017s ]
INFO: [ app_init ] --END-- [ RunTime:0.000453s ]
INFO: [ app_begin ] --START--
INFO: Run Behavior\ReadHtmlCacheBehavior [ RunTime:0.000607s ]
INFO: [ app_begin ] --END-- [ RunTime:0.000693s ]
SQL: SHOW COLUMNS FROM `we_test` [ RunTime:0.0045s ]
SQL: SELECT `id`,`name` FROM `we_test` WHERE `course_id` = 1 AND `type` = 2 AND `status` > 0  [ RunTime:0.0005s ]

[ 2017-05-17T21:55:55+08:00 ] 192.168.1.120 /index.php/home/course/detail
INFO: [ app_init ] --START--
INFO: Run Behavior\BuildLiteBehavior [ RunTime:0.000034s ]
INFO: [ app_init ] --END-- [ RunTime:0.000995s ]
INFO: [ app_begin ] --START--
INFO: Run Behavior\ReadHtmlCacheBehavior [ RunTime:0.001317s ]
INFO: [ app_begin ] --END-- [ RunTime:0.001463s ]
SQL: SHOW COLUMNS FROM `we_course` [ RunTime:0.0038s ]
SQL: SHOW COLUMNS FROM `we_course` [ RunTime:0.0035s ]
SQL: SELECT `image`,`name`,`id` FROM `we_course` WHERE `id` = 1 AND `status` = 1 LIMIT 1   [ RunTime:0.0004s ]
SQL: SHOW COLUMNS FROM `we_test` [ RunTime:0.0039s ]
SQL: SELECT COUNT(id) AS tp_count FROM `we_test` WHERE `course_id` = 1 AND `type` = 1 AND `status` > 0 LIMIT 1   [ RunTime:0.0004s ]
SQL: SELECT COUNT(id) AS tp_count FROM `we_test` WHERE `status` = 2 AND `course_id` = 1 AND `type` = 1 LIMIT 1   [ RunTime:0.0003s ]
SQL: SHOW COLUMNS FROM `we_chapter` [ RunTime:0.0037s ]
SQL: SELECT COUNT(id) AS tp_count FROM `we_chapter` WHERE `course_id` = 1 AND `status` > 0 LIMIT 1   [ RunTime:0.0004s ]
SQL: SELECT COUNT(id) AS tp_count FROM `we_chapter` WHERE `status` = 2 AND `course_id` = 1 LIMIT 1   [ RunTime:0.0004s ]
SQL: SELECT COUNT(id) AS tp_count FROM `we_test` WHERE `course_id` = 1 AND `type` = 2 AND `status` > 0 LIMIT 1   [ RunTime:0.0003s ]
SQL: SELECT COUNT(id) AS tp_count FROM `we_test` WHERE `status` = 2 AND `course_id` = 1 AND `type` = 2 LIMIT 1   [ RunTime:0.0003s ]

[ 2017-05-17T21:55:56+08:00 ] 192.168.1.120 /index.php/home/index/index
INFO: [ app_init ] --START--
INFO: Run Behavior\BuildLiteBehavior [ RunTime:0.000011s ]
INFO: [ app_init ] --END-- [ RunTime:0.000314s ]
INFO: [ app_begin ] --START--
INFO: Run Behavior\ReadHtmlCacheBehavior [ RunTime:0.000432s ]
INFO: [ app_begin ] --END-- [ RunTime:0.000481s ]
SQL: SHOW COLUMNS FROM `we_ad` [ RunTime:0.0033s ]
SQL: SELECT `id`,`img`,`address` FROM `we_ad` WHERE `status` = 1  [ RunTime:0.0004s ]
SQL: SHOW COLUMNS FROM `we_course` [ RunTime:0.0028s ]
SQL: SHOW COLUMNS FROM `we_course` [ RunTime:0.0030s ]
SQL: SELECT `id`,`name`,`head_image`,`image` FROM `we_course` WHERE `status` = 1 LIMIT 3   [ RunTime:0.0003s ]
SQL: SHOW COLUMNS FROM `we_collection` [ RunTime:0.0028s ]
SQL: SELECT COUNT(id) AS tp_count FROM `we_collection` WHERE `status` = 1 AND `course_id` = 1 LIMIT 1   [ RunTime:0.0003s ]
SQL: SELECT * FROM `we_collection` WHERE `course_id` = 1 AND `user_id` = 42 LIMIT 1   [ RunTime:0.0002s ]
NOTIC: [8] Undefined variable: lists F:\XAMPP\htdocs\toget\Application\Home\Model\CourseModel.class.php 第 13 行.
SQL: SELECT COUNT(id) AS tp_count FROM `we_collection` WHERE `status` = 1 AND `course_id` = 2 LIMIT 1   [ RunTime:0.0002s ]
SQL: SELECT * FROM `we_collection` WHERE `course_id` = 2 AND `user_id` = 42 LIMIT 1   [ RunTime:0.0002s ]
NOTIC: [8] Undefined variable: lists F:\XAMPP\htdocs\toget\Application\Home\Model\CourseModel.class.php 第 13 行.
SQL: SELECT COUNT(id) AS tp_count FROM `we_collection` WHERE `status` = 1 AND `course_id` = 3 LIMIT 1   [ RunTime:0.0002s ]
SQL: SELECT * FROM `we_collection` WHERE `course_id` = 3 AND `user_id` = 42 LIMIT 1   [ RunTime:0.0002s ]
NOTIC: [8] Undefined variable: lists F:\XAMPP\htdocs\toget\Application\Home\Model\CourseModel.class.php 第 13 行.

[ 2017-05-17T21:56:17+08:00 ] 192.168.1.120 /index.php/home/course/detail
INFO: [ app_init ] --START--
INFO: Run Behavior\BuildLiteBehavior [ RunTime:0.000022s ]
INFO: [ app_init ] --END-- [ RunTime:0.000654s ]
INFO: [ app_begin ] --START--
INFO: Run Behavior\ReadHtmlCacheBehavior [ RunTime:0.000948s ]
INFO: [ app_begin ] --END-- [ RunTime:0.001047s ]
SQL: SHOW COLUMNS FROM `we_course` [ RunTime:0.0037s ]
SQL: SHOW COLUMNS FROM `we_course` [ RunTime:0.0037s ]
SQL: SELECT `image`,`name`,`id` FROM `we_course` WHERE `id` = 1 AND `status` = 1 LIMIT 1   [ RunTime:0.0004s ]
SQL: SHOW COLUMNS FROM `we_test` [ RunTime:0.0036s ]
SQL: SELECT COUNT(id) AS tp_count FROM `we_test` WHERE `course_id` = 1 AND `type` = 1 AND `status` > 0 LIMIT 1   [ RunTime:0.0004s ]
SQL: SELECT COUNT(id) AS tp_count FROM `we_test` WHERE `status` = 2 AND `course_id` = 1 AND `type` = 1 LIMIT 1   [ RunTime:0.0003s ]
SQL: SHOW COLUMNS FROM `we_chapter` [ RunTime:0.0092s ]
SQL: SELECT COUNT(id) AS tp_count FROM `we_chapter` WHERE `course_id` = 1 AND `status` > 0 LIMIT 1   [ RunTime:0.0004s ]
SQL: SELECT COUNT(id) AS tp_count FROM `we_chapter` WHERE `status` = 2 AND `course_id` = 1 LIMIT 1   [ RunTime:0.0005s ]
SQL: SELECT COUNT(id) AS tp_count FROM `we_test` WHERE `course_id` = 1 AND `type` = 2 AND `status` > 0 LIMIT 1   [ RunTime:0.0004s ]
SQL: SELECT COUNT(id) AS tp_count FROM `we_test` WHERE `status` = 2 AND `course_id` = 1 AND `type` = 2 LIMIT 1   [ RunTime:0.0003s ]

[ 2017-05-17T21:56:20+08:00 ] 192.168.1.120 /index.php/home/course/detail
INFO: [ app_init ] --START--
INFO: Run Behavior\BuildLiteBehavior [ RunTime:0.000015s ]
INFO: [ app_init ] --END-- [ RunTime:0.000431s ]
INFO: [ app_begin ] --START--
INFO: Run Behavior\ReadHtmlCacheBehavior [ RunTime:0.000521s ]
INFO: [ app_begin ] --END-- [ RunTime:0.000581s ]
SQL: SHOW COLUMNS FROM `we_course` [ RunTime:0.0033s ]
SQL: SHOW COLUMNS FROM `we_course` [ RunTime:0.0032s ]
SQL: SELECT `image`,`name`,`id` FROM `we_course` WHERE `id` = 1 AND `status` = 1 LIMIT 1   [ RunTime:0.0005s ]
SQL: SHOW COLUMNS FROM `we_test` [ RunTime:0.0034s ]
SQL: SELECT COUNT(id) AS tp_count FROM `we_test` WHERE `course_id` = 1 AND `type` = 1 AND `status` > 0 LIMIT 1   [ RunTime:0.0003s ]
SQL: SELECT COUNT(id) AS tp_count FROM `we_test` WHERE `status` = 2 AND `course_id` = 1 AND `type` = 1 LIMIT 1   [ RunTime:0.0003s ]
SQL: SHOW COLUMNS FROM `we_chapter` [ RunTime:0.0032s ]
SQL: SELECT COUNT(id) AS tp_count FROM `we_chapter` WHERE `course_id` = 1 AND `status` > 0 LIMIT 1   [ RunTime:0.0003s ]
SQL: SELECT COUNT(id) AS tp_count FROM `we_chapter` WHERE `status` = 2 AND `course_id` = 1 LIMIT 1   [ RunTime:0.0003s ]
SQL: SELECT COUNT(id) AS tp_count FROM `we_test` WHERE `course_id` = 1 AND `type` = 2 AND `status` > 0 LIMIT 1   [ RunTime:0.0003s ]
SQL: SELECT COUNT(id) AS tp_count FROM `we_test` WHERE `status` = 2 AND `course_id` = 1 AND `type` = 2 LIMIT 1   [ RunTime:0.0003s ]

[ 2017-05-17T21:56:22+08:00 ] 192.168.1.120 /index.php/home/course/getchapter
INFO: [ app_init ] --START--
INFO: Run Behavior\BuildLiteBehavior [ RunTime:0.000014s ]
INFO: [ app_init ] --END-- [ RunTime:0.000428s ]
INFO: [ app_begin ] --START--
INFO: Run Behavior\ReadHtmlCacheBehavior [ RunTime:0.000503s ]
INFO: [ app_begin ] --END-- [ RunTime:0.000559s ]
SQL: SHOW COLUMNS FROM `we_chapter` [ RunTime:0.0420s ]
SQL: SELECT * FROM `we_chapter` WHERE `status` > 0 AND `course_id` = 1  [ RunTime:0.0004s ]

[ 2017-05-17T21:56:23+08:00 ] 192.168.1.120 /index.php/home/question/getquestion
INFO: [ app_init ] --START--
INFO: Run Behavior\BuildLiteBehavior [ RunTime:0.000033s ]
INFO: [ app_init ] --END-- [ RunTime:0.001020s ]
INFO: [ app_begin ] --START--
INFO: Run Behavior\ReadHtmlCacheBehavior [ RunTime:0.001502s ]
INFO: [ app_begin ] --END-- [ RunTime:0.001710s ]
SQL: SHOW COLUMNS FROM `we_question` [ RunTime:0.0041s ]
SQL: SELECT `id`,`sn`,`stem`,`question_type`,`explain` FROM `we_question` WHERE `status` = 1 AND `course_id` = 1 AND `type` = 1 AND `obj_id` = 1  [ RunTime:0.0005s ]
SQL: SHOW COLUMNS FROM `we_answer` [ RunTime:0.0039s ]
SQL: SELECT `content`,`is_true`,`sn` FROM `we_answer` WHERE `question_id` = 1  [ RunTime:0.0327s ]
SQL: SELECT `content`,`is_true`,`sn` FROM `we_answer` WHERE `question_id` = 2  [ RunTime:0.0004s ]
SQL: SELECT `content`,`is_true`,`sn` FROM `we_answer` WHERE `question_id` = 3  [ RunTime:0.0003s ]
SQL: SELECT `content`,`is_true`,`sn` FROM `we_answer` WHERE `question_id` = 7  [ RunTime:0.0003s ]
SQL: SELECT `content`,`is_true`,`sn` FROM `we_answer` WHERE `question_id` = 8  [ RunTime:0.0003s ]

[ 2017-05-17T21:57:49+08:00 ] 192.168.1.120 /index.php/home/course/getchapter
INFO: [ app_init ] --START--
INFO: Run Behavior\BuildLiteBehavior [ RunTime:0.000021s ]
INFO: [ app_init ] --END-- [ RunTime:0.000617s ]
INFO: [ app_begin ] --START--
INFO: Run Behavior\ReadHtmlCacheBehavior [ RunTime:0.000961s ]
INFO: [ app_begin ] --END-- [ RunTime:0.001040s ]
SQL: SHOW COLUMNS FROM `we_chapter` [ RunTime:0.0040s ]
SQL: SELECT * FROM `we_chapter` WHERE `status` > 0 AND `course_id` = 1  [ RunTime:0.0005s ]

[ 2017-05-17T21:57:50+08:00 ] 192.168.1.120 /index.php/home/question/getquestion
INFO: [ app_init ] --START--
INFO: Run Behavior\BuildLiteBehavior [ RunTime:0.000021s ]
INFO: [ app_init ] --END-- [ RunTime:0.000593s ]
INFO: [ app_begin ] --START--
INFO: Run Behavior\ReadHtmlCacheBehavior [ RunTime:0.000786s ]
INFO: [ app_begin ] --END-- [ RunTime:0.000878s ]
SQL: SHOW COLUMNS FROM `we_question` [ RunTime:0.0036s ]
SQL: SELECT `id`,`sn`,`stem`,`question_type`,`explain` FROM `we_question` WHERE `status` = 1 AND `course_id` = 1 AND `type` = 1 AND `obj_id` = 1  [ RunTime:0.0004s ]
SQL: SHOW COLUMNS FROM `we_answer` [ RunTime:0.0028s ]
SQL: SELECT `content`,`is_true`,`sn` FROM `we_answer` WHERE `question_id` = 1  [ RunTime:0.0003s ]
SQL: SELECT `content`,`is_true`,`sn` FROM `we_answer` WHERE `question_id` = 2  [ RunTime:0.0002s ]
SQL: SELECT `content`,`is_true`,`sn` FROM `we_answer` WHERE `question_id` = 3  [ RunTime:0.0002s ]
SQL: SELECT `content`,`is_true`,`sn` FROM `we_answer` WHERE `question_id` = 7  [ RunTime:0.0002s ]
SQL: SELECT `content`,`is_true`,`sn` FROM `we_answer` WHERE `question_id` = 8  [ RunTime:0.0002s ]

[ 2017-05-17T22:01:07+08:00 ] 192.168.1.120 /index.php/home/question/getquestion
INFO: [ app_init ] --START--
INFO: Run Behavior\BuildLiteBehavior [ RunTime:0.000023s ]
INFO: [ app_init ] --END-- [ RunTime:0.000990s ]
INFO: [ app_begin ] --START--
INFO: Run Behavior\ReadHtmlCacheBehavior [ RunTime:0.001119s ]
INFO: [ app_begin ] --END-- [ RunTime:0.001230s ]
SQL: SHOW COLUMNS FROM `we_question` [ RunTime:0.0337s ]
SQL: SELECT `id`,`sn`,`stem`,`question_type`,`explain` FROM `we_question` WHERE `status` = 1 AND `course_id` = 1 AND `type` = 1 AND `obj_id` = 1  [ RunTime:0.0008s ]
SQL: SHOW COLUMNS FROM `we_answer` [ RunTime:0.0070s ]
SQL: SELECT `content`,`is_true`,`sn` FROM `we_answer` WHERE `question_id` = 1  [ RunTime:0.0007s ]
SQL: SELECT `content`,`is_true`,`sn` FROM `we_answer` WHERE `question_id` = 2  [ RunTime:0.0006s ]
SQL: SELECT `content`,`is_true`,`sn` FROM `we_answer` WHERE `question_id` = 3  [ RunTime:0.0006s ]
SQL: SELECT `content`,`is_true`,`sn` FROM `we_answer` WHERE `question_id` = 7  [ RunTime:0.0007s ]
SQL: SELECT `content`,`is_true`,`sn` FROM `we_answer` WHERE `question_id` = 8  [ RunTime:0.0005s ]

[ 2017-05-17T22:11:20+08:00 ] 192.168.1.120 /index.php/home/question/getquestion
INFO: [ app_init ] --START--
INFO: Run Behavior\BuildLiteBehavior [ RunTime:0.000019s ]
INFO: [ app_init ] --END-- [ RunTime:0.000635s ]
INFO: [ app_begin ] --START--
INFO: Run Behavior\ReadHtmlCacheBehavior [ RunTime:0.000771s ]
INFO: [ app_begin ] --END-- [ RunTime:0.000839s ]
SQL: SHOW COLUMNS FROM `we_question` [ RunTime:0.0107s ]
SQL: SELECT `id`,`sn`,`stem`,`question_type`,`explain` FROM `we_question` WHERE `status` = 1 AND `course_id` = 1 AND `type` = 1 AND `obj_id` = 1  [ RunTime:0.0005s ]
SQL: SHOW COLUMNS FROM `we_answer` [ RunTime:0.0036s ]
SQL: SELECT `content`,`is_true`,`sn` FROM `we_answer` WHERE `question_id` = 1  [ RunTime:0.0004s ]
SQL: SELECT `content`,`is_true`,`sn` FROM `we_answer` WHERE `question_id` = 2  [ RunTime:0.0003s ]
SQL: SELECT `content`,`is_true`,`sn` FROM `we_answer` WHERE `question_id` = 3  [ RunTime:0.0003s ]
SQL: SELECT `content`,`is_true`,`sn` FROM `we_answer` WHERE `question_id` = 7  [ RunTime:0.0003s ]
SQL: SELECT `content`,`is_true`,`sn` FROM `we_answer` WHERE `question_id` = 8  [ RunTime:0.0003s ]

[ 2017-05-17T22:15:03+08:00 ] 192.168.1.120 /index.php/home/question/getquestion
INFO: [ app_init ] --START--
INFO: Run Behavior\BuildLiteBehavior [ RunTime:0.000020s ]
INFO: [ app_init ] --END-- [ RunTime:0.000621s ]
INFO: [ app_begin ] --START--
INFO: Run Behavior\ReadHtmlCacheBehavior [ RunTime:0.001093s ]
INFO: [ app_begin ] --END-- [ RunTime:0.001178s ]
SQL: SHOW COLUMNS FROM `we_question` [ RunTime:0.0031s ]
SQL: SELECT `id`,`sn`,`stem`,`question_type`,`explain` FROM `we_question` WHERE `status` = 1 AND `course_id` = 1 AND `type` = 1 AND `obj_id` = 1  [ RunTime:0.0004s ]
SQL: SHOW COLUMNS FROM `we_answer` [ RunTime:0.0033s ]
SQL: SELECT `content`,`is_true`,`sn` FROM `we_answer` WHERE `question_id` = 1  [ RunTime:0.0003s ]
SQL: SELECT `content`,`is_true`,`sn` FROM `we_answer` WHERE `question_id` = 2  [ RunTime:0.0003s ]
SQL: SELECT `content`,`is_true`,`sn` FROM `we_answer` WHERE `question_id` = 3  [ RunTime:0.0002s ]
SQL: SELECT `content`,`is_true`,`sn` FROM `we_answer` WHERE `question_id` = 7  [ RunTime:0.0002s ]
SQL: SELECT `content`,`is_true`,`sn` FROM `we_answer` WHERE `question_id` = 8  [ RunTime:0.0002s ]

[ 2017-05-17T22:15:50+08:00 ] 192.168.1.120 /index.php/home/question/getquestion
INFO: [ app_init ] --START--
INFO: Run Behavior\BuildLiteBehavior [ RunTime:0.000015s ]
INFO: [ app_init ] --END-- [ RunTime:0.000366s ]
INFO: [ app_begin ] --START--
INFO: Run Behavior\ReadHtmlCacheBehavior [ RunTime:0.000518s ]
INFO: [ app_begin ] --END-- [ RunTime:0.000574s ]
SQL: SHOW COLUMNS FROM `we_question` [ RunTime:0.0039s ]
SQL: SELECT `id`,`sn`,`stem`,`question_type`,`explain` FROM `we_question` WHERE `status` = 1 AND `course_id` = 1 AND `type` = 1 AND `obj_id` = 1  [ RunTime:0.0004s ]
SQL: SHOW COLUMNS FROM `we_answer` [ RunTime:0.0033s ]
SQL: SELECT `content`,`is_true`,`sn` FROM `we_answer` WHERE `question_id` = 1  [ RunTime:0.0004s ]
SQL: SELECT `content`,`is_true`,`sn` FROM `we_answer` WHERE `question_id` = 2  [ RunTime:0.0003s ]
SQL: SELECT `content`,`is_true`,`sn` FROM `we_answer` WHERE `question_id` = 3  [ RunTime:0.0003s ]
SQL: SELECT `content`,`is_true`,`sn` FROM `we_answer` WHERE `question_id` = 7  [ RunTime:0.0003s ]
SQL: SELECT `content`,`is_true`,`sn` FROM `we_answer` WHERE `question_id` = 8  [ RunTime:0.0002s ]

[ 2017-05-17T22:16:00+08:00 ] 192.168.1.120 /index.php/home/question/getquestion
INFO: [ app_init ] --START--
INFO: Run Behavior\BuildLiteBehavior [ RunTime:0.000025s ]
INFO: [ app_init ] --END-- [ RunTime:0.000693s ]
INFO: [ app_begin ] --START--
INFO: Run Behavior\ReadHtmlCacheBehavior [ RunTime:0.000640s ]
INFO: [ app_begin ] --END-- [ RunTime:0.000730s ]
SQL: SHOW COLUMNS FROM `we_question` [ RunTime:0.0271s ]
SQL: SELECT `id`,`sn`,`stem`,`question_type`,`explain` FROM `we_question` WHERE `status` = 1 AND `course_id` = 1 AND `type` = 1 AND `obj_id` = 1  [ RunTime:0.0004s ]
SQL: SHOW COLUMNS FROM `we_answer` [ RunTime:0.0036s ]
SQL: SELECT `content`,`is_true`,`sn` FROM `we_answer` WHERE `question_id` = 1  [ RunTime:0.0004s ]
SQL: SELECT `content`,`is_true`,`sn` FROM `we_answer` WHERE `question_id` = 2  [ RunTime:0.0003s ]
SQL: SELECT `content`,`is_true`,`sn` FROM `we_answer` WHERE `question_id` = 3  [ RunTime:0.0003s ]
SQL: SELECT `content`,`is_true`,`sn` FROM `we_answer` WHERE `question_id` = 7  [ RunTime:0.0003s ]
SQL: SELECT `content`,`is_true`,`sn` FROM `we_answer` WHERE `question_id` = 8  [ RunTime:0.0003s ]

[ 2017-05-17T22:16:20+08:00 ] 192.168.1.120 /index.php/home/question/getquestion
INFO: [ app_init ] --START--
INFO: Run Behavior\BuildLiteBehavior [ RunTime:0.000025s ]
INFO: [ app_init ] --END-- [ RunTime:0.000749s ]
INFO: [ app_begin ] --START--
INFO: Run Behavior\ReadHtmlCacheBehavior [ RunTime:0.000926s ]
INFO: [ app_begin ] --END-- [ RunTime:0.001041s ]
SQL: SHOW COLUMNS FROM `we_question` [ RunTime:0.0036s ]
SQL: SELECT `id`,`sn`,`stem`,`question_type`,`explain` FROM `we_question` WHERE `status` = 1 AND `course_id` = 1 AND `type` = 1 AND `obj_id` = 1  [ RunTime:0.0004s ]
SQL: SHOW COLUMNS FROM `we_answer` [ RunTime:0.0035s ]
SQL: SELECT `content`,`is_true`,`sn` FROM `we_answer` WHERE `question_id` = 1  [ RunTime:0.0003s ]
SQL: SELECT `content`,`is_true`,`sn` FROM `we_answer` WHERE `question_id` = 2  [ RunTime:0.0002s ]
SQL: SELECT `content`,`is_true`,`sn` FROM `we_answer` WHERE `question_id` = 3  [ RunTime:0.0003s ]
SQL: SELECT `content`,`is_true`,`sn` FROM `we_answer` WHERE `question_id` = 7  [ RunTime:0.0002s ]
SQL: SELECT `content`,`is_true`,`sn` FROM `we_answer` WHERE `question_id` = 8  [ RunTime:0.0002s ]

[ 2017-05-17T22:27:22+08:00 ] 192.168.1.120 /index.php/home/question/getquestion
INFO: [ app_init ] --START--
INFO: Run Behavior\BuildLiteBehavior [ RunTime:0.000016s ]
INFO: [ app_init ] --END-- [ RunTime:0.000522s ]
INFO: [ app_begin ] --START--
INFO: Run Behavior\ReadHtmlCacheBehavior [ RunTime:0.000758s ]
INFO: [ app_begin ] --END-- [ RunTime:0.000825s ]
SQL: SHOW COLUMNS FROM `we_question` [ RunTime:0.0040s ]
SQL: SELECT `id`,`sn`,`stem`,`question_type`,`explain` FROM `we_question` WHERE `status` = 1 AND `course_id` = 1 AND `type` = 1 AND `obj_id` = 1  [ RunTime:0.0004s ]
SQL: SHOW COLUMNS FROM `we_answer` [ RunTime:0.0046s ]
SQL: SELECT `content`,`is_true`,`sn` FROM `we_answer` WHERE `question_id` = 1  [ RunTime:0.0004s ]
SQL: SELECT `content`,`is_true`,`sn` FROM `we_answer` WHERE `question_id` = 2  [ RunTime:0.0003s ]
SQL: SELECT `content`,`is_true`,`sn` FROM `we_answer` WHERE `question_id` = 3  [ RunTime:0.0002s ]
SQL: SELECT `content`,`is_true`,`sn` FROM `we_answer` WHERE `question_id` = 7  [ RunTime:0.0002s ]
SQL: SELECT `content`,`is_true`,`sn` FROM `we_answer` WHERE `question_id` = 8  [ RunTime:0.0003s ]

[ 2017-05-17T22:30:16+08:00 ] 192.168.1.120 /index.php/home/question/getquestion
INFO: [ app_init ] --START--
INFO: Run Behavior\BuildLiteBehavior [ RunTime:0.000015s ]
INFO: [ app_init ] --END-- [ RunTime:0.000435s ]
INFO: [ app_begin ] --START--
INFO: Run Behavior\ReadHtmlCacheBehavior [ RunTime:0.000768s ]
INFO: [ app_begin ] --END-- [ RunTime:0.000861s ]
SQL: SHOW COLUMNS FROM `we_question` [ RunTime:0.0035s ]
SQL: SELECT `id`,`sn`,`stem`,`question_type`,`explain` FROM `we_question` WHERE `status` = 1 AND `course_id` = 1 AND `type` = 1 AND `obj_id` = 1  [ RunTime:0.0003s ]
SQL: SHOW COLUMNS FROM `we_answer` [ RunTime:0.0031s ]
SQL: SELECT `content`,`is_true`,`sn` FROM `we_answer` WHERE `question_id` = 1  [ RunTime:0.0003s ]
SQL: SELECT `content`,`is_true`,`sn` FROM `we_answer` WHERE `question_id` = 2  [ RunTime:0.0002s ]
SQL: SELECT `content`,`is_true`,`sn` FROM `we_answer` WHERE `question_id` = 3  [ RunTime:0.0002s ]
SQL: SELECT `content`,`is_true`,`sn` FROM `we_answer` WHERE `question_id` = 7  [ RunTime:0.0002s ]
SQL: SELECT `content`,`is_true`,`sn` FROM `we_answer` WHERE `question_id` = 8  [ RunTime:0.0002s ]

[ 2017-05-17T22:30:42+08:00 ] 192.168.1.120 /index.php/home/question/getquestion
INFO: [ app_init ] --START--
INFO: Run Behavior\BuildLiteBehavior [ RunTime:0.000019s ]
INFO: [ app_init ] --END-- [ RunTime:0.000618s ]
INFO: [ app_begin ] --START--
INFO: Run Behavior\ReadHtmlCacheBehavior [ RunTime:0.000899s ]
INFO: [ app_begin ] --END-- [ RunTime:0.001019s ]
SQL: SHOW COLUMNS FROM `we_question` [ RunTime:0.0754s ]
SQL: SELECT `id`,`sn`,`stem`,`question_type`,`explain` FROM `we_question` WHERE `status` = 1 AND `course_id` = 1 AND `type` = 1 AND `obj_id` = 1  [ RunTime:0.0009s ]
SQL: SHOW COLUMNS FROM `we_answer` [ RunTime:0.0043s ]
SQL: SELECT `content`,`is_true`,`sn` FROM `we_answer` WHERE `question_id` = 1  [ RunTime:0.0004s ]
SQL: SELECT `content`,`is_true`,`sn` FROM `we_answer` WHERE `question_id` = 2  [ RunTime:0.0004s ]
SQL: SELECT `content`,`is_true`,`sn` FROM `we_answer` WHERE `question_id` = 3  [ RunTime:0.0004s ]
SQL: SELECT `content`,`is_true`,`sn` FROM `we_answer` WHERE `question_id` = 7  [ RunTime:0.0003s ]
SQL: SELECT `content`,`is_true`,`sn` FROM `we_answer` WHERE `question_id` = 8  [ RunTime:0.0021s ]

[ 2017-05-17T22:30:49+08:00 ] 192.168.1.120 /index.php/home/question/getquestion
INFO: [ app_init ] --START--
INFO: Run Behavior\BuildLiteBehavior [ RunTime:0.000024s ]
INFO: [ app_init ] --END-- [ RunTime:0.000665s ]
INFO: [ app_begin ] --START--
INFO: Run Behavior\ReadHtmlCacheBehavior [ RunTime:0.001214s ]
INFO: [ app_begin ] --END-- [ RunTime:0.001355s ]
SQL: SHOW COLUMNS FROM `we_question` [ RunTime:0.0042s ]
SQL: SELECT `id`,`sn`,`stem`,`question_type`,`explain` FROM `we_question` WHERE `status` = 1 AND `course_id` = 1 AND `type` = 1 AND `obj_id` = 1  [ RunTime:0.0004s ]
SQL: SHOW COLUMNS FROM `we_answer` [ RunTime:0.0035s ]
SQL: SELECT `content`,`is_true`,`sn` FROM `we_answer` WHERE `question_id` = 1  [ RunTime:0.0004s ]
SQL: SELECT `content`,`is_true`,`sn` FROM `we_answer` WHERE `question_id` = 2  [ RunTime:0.0003s ]
SQL: SELECT `content`,`is_true`,`sn` FROM `we_answer` WHERE `question_id` = 3  [ RunTime:0.0003s ]
SQL: SELECT `content`,`is_true`,`sn` FROM `we_answer` WHERE `question_id` = 7  [ RunTime:0.0003s ]
SQL: SELECT `content`,`is_true`,`sn` FROM `we_answer` WHERE `question_id` = 8  [ RunTime:0.0003s ]

[ 2017-05-17T22:33:25+08:00 ] 192.168.1.120 /index.php/home/question/getquestion
INFO: [ app_init ] --START--
INFO: Run Behavior\BuildLiteBehavior [ RunTime:0.000023s ]
INFO: [ app_init ] --END-- [ RunTime:0.000790s ]
INFO: [ app_begin ] --START--
INFO: Run Behavior\ReadHtmlCacheBehavior [ RunTime:0.001205s ]
INFO: [ app_begin ] --END-- [ RunTime:0.001315s ]
SQL: SHOW COLUMNS FROM `we_question` [ RunTime:0.0049s ]
SQL: SELECT `id`,`sn`,`stem`,`question_type`,`explain` FROM `we_question` WHERE `status` = 1 AND `course_id` = 1 AND `type` = 1 AND `obj_id` = 1  [ RunTime:0.0005s ]
SQL: SHOW COLUMNS FROM `we_answer` [ RunTime:0.0047s ]
SQL: SELECT `content`,`is_true`,`sn` FROM `we_answer` WHERE `question_id` = 1  [ RunTime:0.0005s ]
SQL: SELECT `content`,`is_true`,`sn` FROM `we_answer` WHERE `question_id` = 2  [ RunTime:0.0004s ]
SQL: SELECT `content`,`is_true`,`sn` FROM `we_answer` WHERE `question_id` = 3  [ RunTime:0.0004s ]
SQL: SELECT `content`,`is_true`,`sn` FROM `we_answer` WHERE `question_id` = 7  [ RunTime:0.0003s ]
SQL: SELECT `content`,`is_true`,`sn` FROM `we_answer` WHERE `question_id` = 8  [ RunTime:0.0005s ]

[ 2017-05-17T22:37:46+08:00 ] 192.168.1.120 /index.php/home/question/getquestion
INFO: [ app_init ] --START--
INFO: Run Behavior\BuildLiteBehavior [ RunTime:0.000014s ]
INFO: [ app_init ] --END-- [ RunTime:0.000427s ]
INFO: [ app_begin ] --START--
INFO: Run Behavior\ReadHtmlCacheBehavior [ RunTime:0.000558s ]
INFO: [ app_begin ] --END-- [ RunTime:0.000610s ]
SQL: SHOW COLUMNS FROM `we_question` [ RunTime:0.0041s ]
SQL: SELECT `id`,`sn`,`stem`,`question_type`,`explain` FROM `we_question` WHERE `status` = 1 AND `course_id` = 1 AND `type` = 1 AND `obj_id` = 1  [ RunTime:0.0005s ]
SQL: SHOW COLUMNS FROM `we_answer` [ RunTime:0.0031s ]
SQL: SELECT `content`,`is_true`,`sn` FROM `we_answer` WHERE `question_id` = 1  [ RunTime:0.0004s ]
SQL: SELECT `content`,`is_true`,`sn` FROM `we_answer` WHERE `question_id` = 2  [ RunTime:0.0003s ]
SQL: SELECT `content`,`is_true`,`sn` FROM `we_answer` WHERE `question_id` = 3  [ RunTime:0.0004s ]
SQL: SELECT `content`,`is_true`,`sn` FROM `we_answer` WHERE `question_id` = 7  [ RunTime:0.0003s ]
SQL: SELECT `content`,`is_true`,`sn` FROM `we_answer` WHERE `question_id` = 8  [ RunTime:0.0002s ]

[ 2017-05-17T22:40:24+08:00 ] 192.168.1.120 /index.php/home/question/getquestion
INFO: [ app_init ] --START--
INFO: Run Behavior\BuildLiteBehavior [ RunTime:0.000025s ]
INFO: [ app_init ] --END-- [ RunTime:0.001135s ]
INFO: [ app_begin ] --START--
INFO: Run Behavior\ReadHtmlCacheBehavior [ RunTime:0.001186s ]
INFO: [ app_begin ] --END-- [ RunTime:0.001295s ]
SQL: SHOW COLUMNS FROM `we_question` [ RunTime:0.0232s ]
SQL: SELECT `id`,`sn`,`stem`,`question_type`,`explain` FROM `we_question` WHERE `status` = 1 AND `course_id` = 1 AND `type` = 1 AND `obj_id` = 1  [ RunTime:0.0003s ]
SQL: SHOW COLUMNS FROM `we_answer` [ RunTime:0.0028s ]
SQL: SELECT `content`,`is_true`,`sn` FROM `we_answer` WHERE `question_id` = 1  [ RunTime:0.0003s ]
SQL: SELECT `content`,`is_true`,`sn` FROM `we_answer` WHERE `question_id` = 2  [ RunTime:0.0002s ]
SQL: SELECT `content`,`is_true`,`sn` FROM `we_answer` WHERE `question_id` = 3  [ RunTime:0.0003s ]
SQL: SELECT `content`,`is_true`,`sn` FROM `we_answer` WHERE `question_id` = 7  [ RunTime:0.0003s ]
SQL: SELECT `content`,`is_true`,`sn` FROM `we_answer` WHERE `question_id` = 8  [ RunTime:0.0002s ]

[ 2017-05-17T22:42:31+08:00 ] 192.168.1.120 /index.php/home/question/getquestion
INFO: [ app_init ] --START--
INFO: Run Behavior\BuildLiteBehavior [ RunTime:0.000014s ]
INFO: [ app_init ] --END-- [ RunTime:0.000534s ]
INFO: [ app_begin ] --START--
INFO: Run Behavior\ReadHtmlCacheBehavior [ RunTime:0.000800s ]
INFO: [ app_begin ] --END-- [ RunTime:0.000883s ]
SQL: SHOW COLUMNS FROM `we_question` [ RunTime:0.0032s ]
SQL: SELECT `id`,`sn`,`stem`,`question_type`,`explain` FROM `we_question` WHERE `status` = 1 AND `course_id` = 1 AND `type` = 1 AND `obj_id` = 1  [ RunTime:0.0004s ]
SQL: SHOW COLUMNS FROM `we_answer` [ RunTime:0.0029s ]
SQL: SELECT `content`,`is_true`,`sn` FROM `we_answer` WHERE `question_id` = 1  [ RunTime:0.0003s ]
SQL: SELECT `content`,`is_true`,`sn` FROM `we_answer` WHERE `question_id` = 2  [ RunTime:0.0003s ]
SQL: SELECT `content`,`is_true`,`sn` FROM `we_answer` WHERE `question_id` = 3  [ RunTime:0.0003s ]
SQL: SELECT `content`,`is_true`,`sn` FROM `we_answer` WHERE `question_id` = 7  [ RunTime:0.0002s ]
SQL: SELECT `content`,`is_true`,`sn` FROM `we_answer` WHERE `question_id` = 8  [ RunTime:0.0002s ]

[ 2017-05-17T22:42:42+08:00 ] 192.168.1.120 /index.php/home/question/getquestion
INFO: [ app_init ] --START--
INFO: Run Behavior\BuildLiteBehavior [ RunTime:0.000022s ]
INFO: [ app_init ] --END-- [ RunTime:0.000602s ]
INFO: [ app_begin ] --START--
INFO: Run Behavior\ReadHtmlCacheBehavior [ RunTime:0.000706s ]
INFO: [ app_begin ] --END-- [ RunTime:0.000792s ]
SQL: SHOW COLUMNS FROM `we_question` [ RunTime:0.0033s ]
SQL: SELECT `id`,`sn`,`stem`,`question_type`,`explain` FROM `we_question` WHERE `status` = 1 AND `course_id` = 1 AND `type` = 1 AND `obj_id` = 1  [ RunTime:0.0004s ]
SQL: SHOW COLUMNS FROM `we_answer` [ RunTime:0.0045s ]
SQL: SELECT `content`,`is_true`,`sn` FROM `we_answer` WHERE `question_id` = 1  [ RunTime:0.0003s ]
SQL: SELECT `content`,`is_true`,`sn` FROM `we_answer` WHERE `question_id` = 2  [ RunTime:0.0002s ]
SQL: SELECT `content`,`is_true`,`sn` FROM `we_answer` WHERE `question_id` = 3  [ RunTime:0.0002s ]
SQL: SELECT `content`,`is_true`,`sn` FROM `we_answer` WHERE `question_id` = 7  [ RunTime:0.0002s ]
SQL: SELECT `content`,`is_true`,`sn` FROM `we_answer` WHERE `question_id` = 8  [ RunTime:0.0002s ]

[ 2017-05-17T22:43:08+08:00 ] 192.168.1.120 /index.php/home/question/getquestion
INFO: [ app_init ] --START--
INFO: Run Behavior\BuildLiteBehavior [ RunTime:0.000037s ]
INFO: [ app_init ] --END-- [ RunTime:0.001078s ]
INFO: [ app_begin ] --START--
INFO: Run Behavior\ReadHtmlCacheBehavior [ RunTime:0.000636s ]
INFO: [ app_begin ] --END-- [ RunTime:0.000716s ]
SQL: SHOW COLUMNS FROM `we_question` [ RunTime:0.0044s ]
SQL: SELECT `id`,`sn`,`stem`,`question_type`,`explain` FROM `we_question` WHERE `status` = 1 AND `course_id` = 1 AND `type` = 1 AND `obj_id` = 1  [ RunTime:0.0005s ]
SQL: SHOW COLUMNS FROM `we_answer` [ RunTime:0.0031s ]
SQL: SELECT `content`,`is_true`,`sn` FROM `we_answer` WHERE `question_id` = 1  [ RunTime:0.0003s ]
SQL: SELECT `content`,`is_true`,`sn` FROM `we_answer` WHERE `question_id` = 2  [ RunTime:0.0003s ]
SQL: SELECT `content`,`is_true`,`sn` FROM `we_answer` WHERE `question_id` = 3  [ RunTime:0.0003s ]
SQL: SELECT `content`,`is_true`,`sn` FROM `we_answer` WHERE `question_id` = 7  [ RunTime:0.0002s ]
SQL: SELECT `content`,`is_true`,`sn` FROM `we_answer` WHERE `question_id` = 8  [ RunTime:0.0003s ]

[ 2017-05-17T22:44:17+08:00 ] 192.168.1.120 /index.php/home/question/getquestion
INFO: [ app_init ] --START--
INFO: Run Behavior\BuildLiteBehavior [ RunTime:0.000017s ]
INFO: [ app_init ] --END-- [ RunTime:0.000492s ]
INFO: [ app_begin ] --START--
INFO: Run Behavior\ReadHtmlCacheBehavior [ RunTime:0.000603s ]
INFO: [ app_begin ] --END-- [ RunTime:0.000938s ]
SQL: SHOW COLUMNS FROM `we_question` [ RunTime:0.0530s ]
SQL: SELECT `id`,`sn`,`stem`,`question_type`,`explain` FROM `we_question` WHERE `status` = 1 AND `course_id` = 1 AND `type` = 1 AND `obj_id` = 1  [ RunTime:0.0005s ]
SQL: SHOW COLUMNS FROM `we_answer` [ RunTime:0.0039s ]
SQL: SELECT `content`,`is_true`,`sn` FROM `we_answer` WHERE `question_id` = 1  [ RunTime:0.0004s ]
SQL: SELECT `content`,`is_true`,`sn` FROM `we_answer` WHERE `question_id` = 2  [ RunTime:0.0003s ]
SQL: SELECT `content`,`is_true`,`sn` FROM `we_answer` WHERE `question_id` = 3  [ RunTime:0.0004s ]
SQL: SELECT `content`,`is_true`,`sn` FROM `we_answer` WHERE `question_id` = 7  [ RunTime:0.0006s ]
SQL: SELECT `content`,`is_true`,`sn` FROM `we_answer` WHERE `question_id` = 8  [ RunTime:0.0003s ]

[ 2017-05-17T22:45:01+08:00 ] 192.168.1.120 /index.php/home/question/getquestion
INFO: [ app_init ] --START--
INFO: Run Behavior\BuildLiteBehavior [ RunTime:0.000017s ]
INFO: [ app_init ] --END-- [ RunTime:0.000618s ]
INFO: [ app_begin ] --START--
INFO: Run Behavior\ReadHtmlCacheBehavior [ RunTime:0.000884s ]
INFO: [ app_begin ] --END-- [ RunTime:0.001003s ]
SQL: SHOW COLUMNS FROM `we_question` [ RunTime:0.0039s ]
SQL: SELECT `id`,`sn`,`stem`,`question_type`,`explain` FROM `we_question` WHERE `status` = 1 AND `course_id` = 1 AND `type` = 1 AND `obj_id` = 1  [ RunTime:0.0005s ]
SQL: SHOW COLUMNS FROM `we_answer` [ RunTime:0.0037s ]
SQL: SELECT `content`,`is_true`,`sn` FROM `we_answer` WHERE `question_id` = 1  [ RunTime:0.0004s ]
SQL: SELECT `content`,`is_true`,`sn` FROM `we_answer` WHERE `question_id` = 2  [ RunTime:0.0004s ]
SQL: SELECT `content`,`is_true`,`sn` FROM `we_answer` WHERE `question_id` = 3  [ RunTime:0.0003s ]
SQL: SELECT `content`,`is_true`,`sn` FROM `we_answer` WHERE `question_id` = 7  [ RunTime:0.0003s ]
SQL: SELECT `content`,`is_true`,`sn` FROM `we_answer` WHERE `question_id` = 8  [ RunTime:0.0003s ]

[ 2017-05-17T22:45:57+08:00 ] 192.168.1.120 /index.php/home/question/getquestion
INFO: [ app_init ] --START--
INFO: Run Behavior\BuildLiteBehavior [ RunTime:0.000014s ]
INFO: [ app_init ] --END-- [ RunTime:0.000645s ]
INFO: [ app_begin ] --START--
INFO: Run Behavior\ReadHtmlCacheBehavior [ RunTime:0.000579s ]
INFO: [ app_begin ] --END-- [ RunTime:0.000656s ]
SQL: SHOW COLUMNS FROM `we_question` [ RunTime:0.0031s ]
SQL: SELECT `id`,`sn`,`stem`,`question_type`,`explain` FROM `we_question` WHERE `status` = 1 AND `course_id` = 1 AND `type` = 1 AND `obj_id` = 1  [ RunTime:0.0004s ]
SQL: SHOW COLUMNS FROM `we_answer` [ RunTime:0.0031s ]
SQL: SELECT `content`,`is_true`,`sn` FROM `we_answer` WHERE `question_id` = 1  [ RunTime:0.0004s ]
SQL: SELECT `content`,`is_true`,`sn` FROM `we_answer` WHERE `question_id` = 2  [ RunTime:0.0003s ]
SQL: SELECT `content`,`is_true`,`sn` FROM `we_answer` WHERE `question_id` = 3  [ RunTime:0.0004s ]
SQL: SELECT `content`,`is_true`,`sn` FROM `we_answer` WHERE `question_id` = 7  [ RunTime:0.0002s ]
SQL: SELECT `content`,`is_true`,`sn` FROM `we_answer` WHERE `question_id` = 8  [ RunTime:0.0002s ]

[ 2017-05-17T22:52:01+08:00 ] 192.168.1.120 /index.php/home/question/getquestion
INFO: [ app_init ] --START--
INFO: Run Behavior\BuildLiteBehavior [ RunTime:0.000031s ]
INFO: [ app_init ] --END-- [ RunTime:0.001052s ]
INFO: [ app_begin ] --START--
INFO: Run Behavior\ReadHtmlCacheBehavior [ RunTime:0.001258s ]
INFO: [ app_begin ] --END-- [ RunTime:0.001371s ]
SQL: SHOW COLUMNS FROM `we_question` [ RunTime:0.0108s ]
SQL: SELECT `id`,`sn`,`stem`,`question_type`,`explain` FROM `we_question` WHERE `status` = 1 AND `course_id` = 1 AND `type` = 1 AND `obj_id` = 1  [ RunTime:0.0003s ]
SQL: SHOW COLUMNS FROM `we_answer` [ RunTime:0.0030s ]
SQL: SELECT `content`,`is_true`,`sn` FROM `we_answer` WHERE `question_id` = 1  [ RunTime:0.0004s ]
SQL: SELECT `content`,`is_true`,`sn` FROM `we_answer` WHERE `question_id` = 2  [ RunTime:0.0003s ]
SQL: SELECT `content`,`is_true`,`sn` FROM `we_answer` WHERE `question_id` = 3  [ RunTime:0.0002s ]
SQL: SELECT `content`,`is_true`,`sn` FROM `we_answer` WHERE `question_id` = 7  [ RunTime:0.0002s ]
SQL: SELECT `content`,`is_true`,`sn` FROM `we_answer` WHERE `question_id` = 8  [ RunTime:0.0002s ]

[ 2017-05-17T22:53:19+08:00 ] 192.168.1.120 /index.php/home/question/getquestion
INFO: [ app_init ] --START--
INFO: Run Behavior\BuildLiteBehavior [ RunTime:0.000024s ]
INFO: [ app_init ] --END-- [ RunTime:0.000732s ]
INFO: [ app_begin ] --START--
INFO: Run Behavior\ReadHtmlCacheBehavior [ RunTime:0.000844s ]
INFO: [ app_begin ] --END-- [ RunTime:0.000942s ]
SQL: SHOW COLUMNS FROM `we_question` [ RunTime:0.0378s ]
SQL: SELECT `id`,`sn`,`stem`,`question_type`,`explain` FROM `we_question` WHERE `status` = 1 AND `course_id` = 1 AND `type` = 1 AND `obj_id` = 1  [ RunTime:0.0004s ]
SQL: SHOW COLUMNS FROM `we_answer` [ RunTime:0.0034s ]
SQL: SELECT `content`,`is_true`,`sn` FROM `we_answer` WHERE `question_id` = 1  [ RunTime:0.0003s ]
SQL: SELECT `content`,`is_true`,`sn` FROM `we_answer` WHERE `question_id` = 2  [ RunTime:0.0002s ]
SQL: SELECT `content`,`is_true`,`sn` FROM `we_answer` WHERE `question_id` = 3  [ RunTime:0.0003s ]
SQL: SELECT `content`,`is_true`,`sn` FROM `we_answer` WHERE `question_id` = 7  [ RunTime:0.0003s ]
SQL: SELECT `content`,`is_true`,`sn` FROM `we_answer` WHERE `question_id` = 8  [ RunTime:0.0002s ]

