[ 2017-05-20T11:21:26+08:00 ] 192.168.199.189 /index.php/home/user/reg
INFO: [ app_init ] --START--
INFO: Run Behavior\BuildLiteBehavior [ RunTime:0.000024s ]
INFO: [ app_init ] --END-- [ RunTime:0.001169s ]
INFO: [ app_begin ] --START--
INFO: Run Behavior\ReadHtmlCacheBehavior [ RunTime:0.039345s ]
INFO: [ app_begin ] --END-- [ RunTime:0.039528s ]

[ 2017-05-20T11:23:47+08:00 ] 192.168.199.189 /index.php/home/user/reg
INFO: [ app_init ] --START--
INFO: Run Behavior\BuildLiteBehavior [ RunTime:0.000014s ]
INFO: [ app_init ] --END-- [ RunTime:0.000344s ]
INFO: [ app_begin ] --START--
INFO: Run Behavior\ReadHtmlCacheBehavior [ RunTime:0.000955s ]
INFO: [ app_begin ] --END-- [ RunTime:0.001129s ]
SQL: SHOW COLUMNS FROM `we_user` [ RunTime:0.0029s ]
SQL: SELECT * FROM `we_user` WHERE `email` = '1212' LIMIT 1   [ RunTime:0.0052s ]
SQL: INSERT INTO `we_user` (`phone`,`name`,`email`,`password`) VALUES ('1212','1212','1212','1212') [ RunTime:0.0095s ]

[ 2017-05-20T11:23:55+08:00 ] 192.168.199.189 /index.php/home/user/login
INFO: [ app_init ] --START--
INFO: Run Behavior\BuildLiteBehavior [ RunTime:0.000021s ]
INFO: [ app_init ] --END-- [ RunTime:0.000602s ]
INFO: [ app_begin ] --START--
INFO: Run Behavior\ReadHtmlCacheBehavior [ RunTime:0.001429s ]
INFO: [ app_begin ] --END-- [ RunTime:0.001526s ]
SQL: SHOW COLUMNS FROM `we_user` [ RunTime:0.0039s ]
SQL: SELECT * FROM `we_user` WHERE `email` = '1212' LIMIT 1   [ RunTime:0.0004s ]

[ 2017-05-20T11:23:56+08:00 ] 192.168.199.189 /index.php/home/index/index
INFO: [ app_init ] --START--
INFO: Run Behavior\BuildLiteBehavior [ RunTime:0.000011s ]
INFO: [ app_init ] --END-- [ RunTime:0.000406s ]
INFO: [ app_begin ] --START--
INFO: Run Behavior\ReadHtmlCacheBehavior [ RunTime:0.000826s ]
INFO: [ app_begin ] --END-- [ RunTime:0.000874s ]
SQL: SHOW COLUMNS FROM `we_ad` [ RunTime:0.0347s ]
SQL: SELECT `id`,`img`,`address` FROM `we_ad` WHERE `status` = 1  [ RunTime:0.2441s ]
SQL: SHOW COLUMNS FROM `we_course` [ RunTime:0.0047s ]
SQL: SHOW COLUMNS FROM `we_course` [ RunTime:0.0045s ]
SQL: SELECT `id`,`name`,`head_image`,`image` FROM `we_course` WHERE `status` = 1 LIMIT 3   [ RunTime:0.1839s ]
SQL: SHOW COLUMNS FROM `we_collection` [ RunTime:0.0036s ]
SQL: SELECT COUNT(id) AS tp_count FROM `we_collection` WHERE `status` = 1 AND `course_id` = 1 LIMIT 1   [ RunTime:0.2566s ]
SQL: SELECT * FROM `we_collection` WHERE `course_id` = 1 AND `user_id` = 53 LIMIT 1   [ RunTime:0.0004s ]
NOTIC: [8] Undefined variable: lists F:\XAMPP\htdocs\toget\Application\Home\Model\CourseModel.class.php 第 13 行.
SQL: SELECT COUNT(id) AS tp_count FROM `we_collection` WHERE `status` = 1 AND `course_id` = 2 LIMIT 1   [ RunTime:0.0003s ]
SQL: SELECT * FROM `we_collection` WHERE `course_id` = 2 AND `user_id` = 53 LIMIT 1   [ RunTime:0.0004s ]
NOTIC: [8] Undefined variable: lists F:\XAMPP\htdocs\toget\Application\Home\Model\CourseModel.class.php 第 13 行.
SQL: SELECT COUNT(id) AS tp_count FROM `we_collection` WHERE `status` = 1 AND `course_id` = 3 LIMIT 1   [ RunTime:0.0003s ]
SQL: SELECT * FROM `we_collection` WHERE `course_id` = 3 AND `user_id` = 53 LIMIT 1   [ RunTime:0.0002s ]
NOTIC: [8] Undefined variable: lists F:\XAMPP\htdocs\toget\Application\Home\Model\CourseModel.class.php 第 13 行.

[ 2017-05-20T11:23:56+08:00 ] 192.168.199.189 /
INFO: [ app_init ] --START--
INFO: Run Behavior\BuildLiteBehavior [ RunTime:0.000018s ]
INFO: [ app_init ] --END-- [ RunTime:0.000589s ]
INFO: [ app_begin ] --START--
INFO: Run Behavior\ReadHtmlCacheBehavior [ RunTime:0.000973s ]
INFO: [ app_begin ] --END-- [ RunTime:0.001043s ]
SQL: SHOW COLUMNS FROM `we_ad` [ RunTime:0.0032s ]
SQL: SELECT `id`,`img`,`address` FROM `we_ad` WHERE `status` = 1  [ RunTime:0.0003s ]
SQL: SHOW COLUMNS FROM `we_course` [ RunTime:0.0031s ]
SQL: SHOW COLUMNS FROM `we_course` [ RunTime:0.0029s ]
SQL: SELECT `id`,`name`,`head_image`,`image` FROM `we_course` WHERE `status` = 1 LIMIT 3   [ RunTime:0.0003s ]
SQL: SHOW COLUMNS FROM `we_collection` [ RunTime:0.0026s ]
SQL: SELECT COUNT(id) AS tp_count FROM `we_collection` WHERE `status` = 1 AND `course_id` = 1 LIMIT 1   [ RunTime:0.0003s ]
SQL: SELECT * FROM `we_collection` WHERE `course_id` = 1 AND `user_id` = 0 LIMIT 1   [ RunTime:0.0002s ]
NOTIC: [8] Undefined variable: lists F:\XAMPP\htdocs\toget\Application\Home\Model\CourseModel.class.php 第 13 行.
SQL: SELECT COUNT(id) AS tp_count FROM `we_collection` WHERE `status` = 1 AND `course_id` = 2 LIMIT 1   [ RunTime:0.0002s ]
SQL: SELECT * FROM `we_collection` WHERE `course_id` = 2 AND `user_id` = 0 LIMIT 1   [ RunTime:0.0002s ]
NOTIC: [8] Undefined variable: lists F:\XAMPP\htdocs\toget\Application\Home\Model\CourseModel.class.php 第 13 行.
SQL: SELECT COUNT(id) AS tp_count FROM `we_collection` WHERE `status` = 1 AND `course_id` = 3 LIMIT 1   [ RunTime:0.0003s ]
SQL: SELECT * FROM `we_collection` WHERE `course_id` = 3 AND `user_id` = 0 LIMIT 1   [ RunTime:0.0002s ]
NOTIC: [8] Undefined variable: lists F:\XAMPP\htdocs\toget\Application\Home\Model\CourseModel.class.php 第 13 行.

[ 2017-05-20T11:24:03+08:00 ] 192.168.199.189 /index.php/home/course/addcollect
INFO: [ app_init ] --START--
INFO: Run Behavior\BuildLiteBehavior [ RunTime:0.000014s ]
INFO: [ app_init ] --END-- [ RunTime:0.000432s ]
INFO: [ app_begin ] --START--
INFO: Run Behavior\ReadHtmlCacheBehavior [ RunTime:0.000859s ]
INFO: [ app_begin ] --END-- [ RunTime:0.000919s ]
SQL: SHOW COLUMNS FROM `we_collection` [ RunTime:0.5696s ]
SQL: SELECT * FROM `we_collection` WHERE `course_id` = 1 AND `user_id` = 53 LIMIT 1   [ RunTime:0.0007s ]
SQL: INSERT INTO `we_collection` (`course_id`,`user_id`,`status`) VALUES ('1','53','1') [ RunTime:0.7242s ]

[ 2017-05-20T11:24:03+08:00 ] 192.168.199.189 /index.php/home/course/addcollect
INFO: [ app_init ] --START--
INFO: Run Behavior\BuildLiteBehavior [ RunTime:0.000018s ]
INFO: [ app_init ] --END-- [ RunTime:0.000579s ]
INFO: [ app_begin ] --START--
INFO: Run Behavior\ReadHtmlCacheBehavior [ RunTime:0.000752s ]
INFO: [ app_begin ] --END-- [ RunTime:0.000804s ]
SQL: SHOW COLUMNS FROM `we_collection` [ RunTime:0.0392s ]
SQL: SELECT * FROM `we_collection` WHERE `course_id` = 1 AND `user_id` = 53 LIMIT 1   [ RunTime:0.0004s ]

[ 2017-05-20T11:24:03+08:00 ] 192.168.199.189 /index.php/home/index/index
INFO: [ app_init ] --START--
INFO: Run Behavior\BuildLiteBehavior [ RunTime:0.000018s ]
INFO: [ app_init ] --END-- [ RunTime:0.000591s ]
INFO: [ app_begin ] --START--
INFO: Run Behavior\ReadHtmlCacheBehavior [ RunTime:0.001470s ]
INFO: [ app_begin ] --END-- [ RunTime:0.001577s ]
SQL: SHOW COLUMNS FROM `we_ad` [ RunTime:0.1445s ]
SQL: SELECT `id`,`img`,`address` FROM `we_ad` WHERE `status` = 1  [ RunTime:0.0003s ]
SQL: SHOW COLUMNS FROM `we_course` [ RunTime:0.1501s ]
SQL: SHOW COLUMNS FROM `we_course` [ RunTime:0.1472s ]
SQL: SELECT `id`,`name`,`head_image`,`image` FROM `we_course` WHERE `status` = 1 LIMIT 3   [ RunTime:0.0015s ]
SQL: SHOW COLUMNS FROM `we_collection` [ RunTime:0.1539s ]
SQL: SELECT COUNT(id) AS tp_count FROM `we_collection` WHERE `status` = 1 AND `course_id` = 1 LIMIT 1   [ RunTime:0.0003s ]
SQL: SELECT * FROM `we_collection` WHERE `course_id` = 1 AND `user_id` = 53 LIMIT 1   [ RunTime:0.0002s ]
NOTIC: [8] Undefined variable: lists F:\XAMPP\htdocs\toget\Application\Home\Model\CourseModel.class.php 第 13 行.
SQL: SELECT COUNT(id) AS tp_count FROM `we_collection` WHERE `status` = 1 AND `course_id` = 2 LIMIT 1   [ RunTime:0.0002s ]
SQL: SELECT * FROM `we_collection` WHERE `course_id` = 2 AND `user_id` = 53 LIMIT 1   [ RunTime:0.0002s ]
NOTIC: [8] Undefined variable: lists F:\XAMPP\htdocs\toget\Application\Home\Model\CourseModel.class.php 第 13 行.
SQL: SELECT COUNT(id) AS tp_count FROM `we_collection` WHERE `status` = 1 AND `course_id` = 3 LIMIT 1   [ RunTime:0.0002s ]
SQL: SELECT * FROM `we_collection` WHERE `course_id` = 3 AND `user_id` = 53 LIMIT 1   [ RunTime:0.0002s ]
NOTIC: [8] Undefined variable: lists F:\XAMPP\htdocs\toget\Application\Home\Model\CourseModel.class.php 第 13 行.

[ 2017-05-20T11:24:04+08:00 ] 192.168.199.189 /index.php/home/index/index
INFO: [ app_init ] --START--
INFO: Run Behavior\BuildLiteBehavior [ RunTime:0.000017s ]
INFO: [ app_init ] --END-- [ RunTime:0.000563s ]
INFO: [ app_begin ] --START--
INFO: Run Behavior\ReadHtmlCacheBehavior [ RunTime:0.001058s ]
INFO: [ app_begin ] --END-- [ RunTime:0.001141s ]
SQL: SHOW COLUMNS FROM `we_ad` [ RunTime:0.0806s ]
SQL: SELECT `id`,`img`,`address` FROM `we_ad` WHERE `status` = 1  [ RunTime:0.0003s ]
SQL: SHOW COLUMNS FROM `we_course` [ RunTime:0.0589s ]
SQL: SHOW COLUMNS FROM `we_course` [ RunTime:0.1964s ]
SQL: SELECT `id`,`name`,`head_image`,`image` FROM `we_course` WHERE `status` = 1 LIMIT 3   [ RunTime:0.0010s ]
SQL: SHOW COLUMNS FROM `we_collection` [ RunTime:0.0906s ]
SQL: SELECT COUNT(id) AS tp_count FROM `we_collection` WHERE `status` = 1 AND `course_id` = 1 LIMIT 1   [ RunTime:0.0006s ]
SQL: SELECT * FROM `we_collection` WHERE `course_id` = 1 AND `user_id` = 53 LIMIT 1   [ RunTime:0.0004s ]
NOTIC: [8] Undefined variable: lists F:\XAMPP\htdocs\toget\Application\Home\Model\CourseModel.class.php 第 13 行.
SQL: SELECT COUNT(id) AS tp_count FROM `we_collection` WHERE `status` = 1 AND `course_id` = 2 LIMIT 1   [ RunTime:0.0004s ]
SQL: SELECT * FROM `we_collection` WHERE `course_id` = 2 AND `user_id` = 53 LIMIT 1   [ RunTime:0.0005s ]
NOTIC: [8] Undefined variable: lists F:\XAMPP\htdocs\toget\Application\Home\Model\CourseModel.class.php 第 13 行.
SQL: SELECT COUNT(id) AS tp_count FROM `we_collection` WHERE `status` = 1 AND `course_id` = 3 LIMIT 1   [ RunTime:0.0005s ]
SQL: SELECT * FROM `we_collection` WHERE `course_id` = 3 AND `user_id` = 53 LIMIT 1   [ RunTime:0.0008s ]
NOTIC: [8] Undefined variable: lists F:\XAMPP\htdocs\toget\Application\Home\Model\CourseModel.class.php 第 13 行.

[ 2017-05-20T11:24:15+08:00 ] 192.168.199.189 /index.php/home/course/detail
INFO: [ app_init ] --START--
INFO: Run Behavior\BuildLiteBehavior [ RunTime:0.000012s ]
INFO: [ app_init ] --END-- [ RunTime:0.000359s ]
INFO: [ app_begin ] --START--
INFO: Run Behavior\ReadHtmlCacheBehavior [ RunTime:0.000618s ]
INFO: [ app_begin ] --END-- [ RunTime:0.000664s ]
SQL: SHOW COLUMNS FROM `we_course` [ RunTime:0.0041s ]
SQL: SHOW COLUMNS FROM `we_course` [ RunTime:0.0027s ]
SQL: SELECT `image`,`name`,`id` FROM `we_course` WHERE `id` = 1 AND `status` = 1 LIMIT 1   [ RunTime:0.0003s ]
SQL: SHOW COLUMNS FROM `we_test` [ RunTime:0.0029s ]
SQL: SELECT COUNT(id) AS tp_count FROM `we_test` WHERE `course_id` = 1 AND `type` = 1 AND `status` > 0 LIMIT 1   [ RunTime:0.1374s ]
SQL: SELECT COUNT(id) AS tp_count FROM `we_test` WHERE `status` = 2 AND `course_id` = 1 AND `type` = 1 LIMIT 1   [ RunTime:0.0007s ]
SQL: SHOW COLUMNS FROM `we_chapter` [ RunTime:0.0092s ]
SQL: SELECT COUNT(id) AS tp_count FROM `we_chapter` WHERE `course_id` = 1 AND `status` > 0 LIMIT 1   [ RunTime:0.8509s ]
SQL: SELECT COUNT(id) AS tp_count FROM `we_chapter` WHERE `status` = 2 AND `course_id` = 1 LIMIT 1   [ RunTime:0.0003s ]
SQL: SELECT COUNT(id) AS tp_count FROM `we_test` WHERE `course_id` = 1 AND `type` = 2 AND `status` > 0 LIMIT 1   [ RunTime:0.0003s ]
SQL: SELECT COUNT(id) AS tp_count FROM `we_test` WHERE `status` = 2 AND `course_id` = 1 AND `type` = 2 LIMIT 1   [ RunTime:0.0003s ]

[ 2017-05-20T11:24:15+08:00 ] 192.168.199.189 /index.php/home/course/getchapter
INFO: [ app_init ] --START--
INFO: Run Behavior\BuildLiteBehavior [ RunTime:0.000029s ]
INFO: [ app_init ] --END-- [ RunTime:0.000956s ]
INFO: [ app_begin ] --START--
INFO: Run Behavior\ReadHtmlCacheBehavior [ RunTime:0.001558s ]
INFO: [ app_begin ] --END-- [ RunTime:0.001692s ]
SQL: SHOW COLUMNS FROM `we_chapter` [ RunTime:0.0040s ]
SQL: SELECT * FROM `we_chapter` WHERE `status` > 0 AND `course_id` = 1  [ RunTime:0.0004s ]

[ 2017-05-20T11:24:19+08:00 ] 192.168.199.189 /index.php/home/question/getquestion
INFO: [ app_init ] --START--
INFO: Run Behavior\BuildLiteBehavior [ RunTime:0.000014s ]
INFO: [ app_init ] --END-- [ RunTime:0.000457s ]
INFO: [ app_begin ] --START--
INFO: Run Behavior\ReadHtmlCacheBehavior [ RunTime:0.000801s ]
INFO: [ app_begin ] --END-- [ RunTime:0.000862s ]
SQL: SHOW COLUMNS FROM `we_question` [ RunTime:0.0032s ]
SQL: SELECT `id`,`sn`,`stem`,`question_type`,`explain` FROM `we_question` WHERE `status` = 1 AND `course_id` = 1 AND `type` = 1 AND `obj_id` = 1  [ RunTime:0.6188s ]
SQL: SHOW COLUMNS FROM `we_answer` [ RunTime:0.0043s ]
SQL: SELECT `content`,`is_true`,`sn` FROM `we_answer` WHERE `question_id` = 1  [ RunTime:0.3250s ]
SQL: SELECT `content`,`is_true`,`sn` FROM `we_answer` WHERE `question_id` = 2  [ RunTime:0.0003s ]
SQL: SELECT `content`,`is_true`,`sn` FROM `we_answer` WHERE `question_id` = 3  [ RunTime:0.0004s ]
SQL: SELECT `content`,`is_true`,`sn` FROM `we_answer` WHERE `question_id` = 7  [ RunTime:0.0003s ]
SQL: SELECT `content`,`is_true`,`sn` FROM `we_answer` WHERE `question_id` = 8  [ RunTime:0.0003s ]

[ 2017-05-20T11:25:57+08:00 ] 192.168.199.236 /index.php/home/user/reg
INFO: [ app_init ] --START--
INFO: Run Behavior\BuildLiteBehavior [ RunTime:0.000021s ]
INFO: [ app_init ] --END-- [ RunTime:0.000663s ]
INFO: [ app_begin ] --START--
INFO: Run Behavior\ReadHtmlCacheBehavior [ RunTime:0.001072s ]
INFO: [ app_begin ] --END-- [ RunTime:0.001162s ]
SQL: SHOW COLUMNS FROM `we_user` [ RunTime:0.0032s ]
SQL: SELECT * FROM `we_user` WHERE `email` = '1318824856@qq.com' LIMIT 1   [ RunTime:0.0004s ]

[ 2017-05-20T11:26:45+08:00 ] 192.168.199.236 /index.php/home/user/reg
INFO: [ app_init ] --START--
INFO: Run Behavior\BuildLiteBehavior [ RunTime:0.000033s ]
INFO: [ app_init ] --END-- [ RunTime:0.001100s ]
INFO: [ app_begin ] --START--
INFO: Run Behavior\ReadHtmlCacheBehavior [ RunTime:0.001959s ]
INFO: [ app_begin ] --END-- [ RunTime:0.002106s ]
SQL: SHOW COLUMNS FROM `we_user` [ RunTime:0.0314s ]
SQL: SELECT * FROM `we_user` WHERE `email` = '999999@qq.com' LIMIT 1   [ RunTime:0.0003s ]
SQL: INSERT INTO `we_user` (`phone`,`name`,`email`,`password`) VALUES ('999999','999999@qq.com','999999@qq.com','999999') [ RunTime:0.0109s ]

[ 2017-05-20T11:27:08+08:00 ] 192.168.199.236 /index.php/home/user/login
INFO: [ app_init ] --START--
INFO: Run Behavior\BuildLiteBehavior [ RunTime:0.000014s ]
INFO: [ app_init ] --END-- [ RunTime:0.000449s ]
INFO: [ app_begin ] --START--
INFO: Run Behavior\ReadHtmlCacheBehavior [ RunTime:0.000798s ]
INFO: [ app_begin ] --END-- [ RunTime:0.000870s ]
SQL: SHOW COLUMNS FROM `we_user` [ RunTime:0.0027s ]
SQL: SELECT * FROM `we_user` WHERE `email` = '999999@qq.com' LIMIT 1   [ RunTime:0.0003s ]

[ 2017-05-20T11:27:10+08:00 ] 192.168.199.236 /index.php/home/index/index
INFO: [ app_init ] --START--
INFO: Run Behavior\BuildLiteBehavior [ RunTime:0.000014s ]
INFO: [ app_init ] --END-- [ RunTime:0.000430s ]
INFO: [ app_begin ] --START--
INFO: Run Behavior\ReadHtmlCacheBehavior [ RunTime:0.000695s ]
INFO: [ app_begin ] --END-- [ RunTime:0.000751s ]
SQL: SHOW COLUMNS FROM `we_ad` [ RunTime:0.0028s ]
SQL: SELECT `id`,`img`,`address` FROM `we_ad` WHERE `status` = 1  [ RunTime:0.0003s ]
SQL: SHOW COLUMNS FROM `we_course` [ RunTime:0.0028s ]
SQL: SHOW COLUMNS FROM `we_course` [ RunTime:0.0026s ]
SQL: SELECT `id`,`name`,`head_image`,`image` FROM `we_course` WHERE `status` = 1 LIMIT 3   [ RunTime:0.0003s ]
SQL: SHOW COLUMNS FROM `we_collection` [ RunTime:0.0025s ]
SQL: SELECT COUNT(id) AS tp_count FROM `we_collection` WHERE `status` = 1 AND `course_id` = 1 LIMIT 1   [ RunTime:0.0003s ]
SQL: SELECT * FROM `we_collection` WHERE `course_id` = 1 AND `user_id` = 54 LIMIT 1   [ RunTime:0.0002s ]
NOTIC: [8] Undefined variable: lists F:\XAMPP\htdocs\toget\Application\Home\Model\CourseModel.class.php 第 13 行.
SQL: SELECT COUNT(id) AS tp_count FROM `we_collection` WHERE `status` = 1 AND `course_id` = 2 LIMIT 1   [ RunTime:0.0002s ]
SQL: SELECT * FROM `we_collection` WHERE `course_id` = 2 AND `user_id` = 54 LIMIT 1   [ RunTime:0.0002s ]
NOTIC: [8] Undefined variable: lists F:\XAMPP\htdocs\toget\Application\Home\Model\CourseModel.class.php 第 13 行.
SQL: SELECT COUNT(id) AS tp_count FROM `we_collection` WHERE `status` = 1 AND `course_id` = 3 LIMIT 1   [ RunTime:0.0002s ]
SQL: SELECT * FROM `we_collection` WHERE `course_id` = 3 AND `user_id` = 54 LIMIT 1   [ RunTime:0.0002s ]
NOTIC: [8] Undefined variable: lists F:\XAMPP\htdocs\toget\Application\Home\Model\CourseModel.class.php 第 13 行.

[ 2017-05-20T11:27:16+08:00 ] 192.168.199.236 /index.php/home/course/addcollect
INFO: [ app_init ] --START--
INFO: Run Behavior\BuildLiteBehavior [ RunTime:0.000035s ]
INFO: [ app_init ] --END-- [ RunTime:0.001152s ]
INFO: [ app_begin ] --START--
INFO: Run Behavior\ReadHtmlCacheBehavior [ RunTime:0.002234s ]
INFO: [ app_begin ] --END-- [ RunTime:0.002426s ]
SQL: SHOW COLUMNS FROM `we_collection` [ RunTime:0.0045s ]
SQL: SELECT * FROM `we_collection` WHERE `course_id` = 1 AND `user_id` = 54 LIMIT 1   [ RunTime:0.0004s ]
SQL: INSERT INTO `we_collection` (`course_id`,`user_id`,`status`) VALUES ('1','54','1') [ RunTime:0.0309s ]

[ 2017-05-20T11:27:16+08:00 ] 192.168.199.236 /index.php/home/index/index
INFO: [ app_init ] --START--
INFO: Run Behavior\BuildLiteBehavior [ RunTime:0.000035s ]
INFO: [ app_init ] --END-- [ RunTime:0.001141s ]
INFO: [ app_begin ] --START--
INFO: Run Behavior\ReadHtmlCacheBehavior [ RunTime:0.002250s ]
INFO: [ app_begin ] --END-- [ RunTime:0.002406s ]
SQL: SHOW COLUMNS FROM `we_ad` [ RunTime:0.0036s ]
SQL: SELECT `id`,`img`,`address` FROM `we_ad` WHERE `status` = 1  [ RunTime:0.0003s ]
SQL: SHOW COLUMNS FROM `we_course` [ RunTime:0.0094s ]
SQL: SHOW COLUMNS FROM `we_course` [ RunTime:0.0026s ]
SQL: SELECT `id`,`name`,`head_image`,`image` FROM `we_course` WHERE `status` = 1 LIMIT 3   [ RunTime:0.0003s ]
SQL: SHOW COLUMNS FROM `we_collection` [ RunTime:0.0027s ]
SQL: SELECT COUNT(id) AS tp_count FROM `we_collection` WHERE `status` = 1 AND `course_id` = 1 LIMIT 1   [ RunTime:0.0122s ]
SQL: SELECT * FROM `we_collection` WHERE `course_id` = 1 AND `user_id` = 54 LIMIT 1   [ RunTime:0.0003s ]
NOTIC: [8] Undefined variable: lists F:\XAMPP\htdocs\toget\Application\Home\Model\CourseModel.class.php 第 13 行.
SQL: SELECT COUNT(id) AS tp_count FROM `we_collection` WHERE `status` = 1 AND `course_id` = 2 LIMIT 1   [ RunTime:0.0002s ]
SQL: SELECT * FROM `we_collection` WHERE `course_id` = 2 AND `user_id` = 54 LIMIT 1   [ RunTime:0.0003s ]
NOTIC: [8] Undefined variable: lists F:\XAMPP\htdocs\toget\Application\Home\Model\CourseModel.class.php 第 13 行.
SQL: SELECT COUNT(id) AS tp_count FROM `we_collection` WHERE `status` = 1 AND `course_id` = 3 LIMIT 1   [ RunTime:0.0002s ]
SQL: SELECT * FROM `we_collection` WHERE `course_id` = 3 AND `user_id` = 54 LIMIT 1   [ RunTime:0.0002s ]
NOTIC: [8] Undefined variable: lists F:\XAMPP\htdocs\toget\Application\Home\Model\CourseModel.class.php 第 13 行.

[ 2017-05-20T11:27:17+08:00 ] 192.168.199.236 /index.php/home/course/uncollect
INFO: [ app_init ] --START--
INFO: Run Behavior\BuildLiteBehavior [ RunTime:0.000022s ]
INFO: [ app_init ] --END-- [ RunTime:0.000669s ]
INFO: [ app_begin ] --START--
INFO: Run Behavior\ReadHtmlCacheBehavior [ RunTime:0.000766s ]
INFO: [ app_begin ] --END-- [ RunTime:0.000827s ]
SQL: SHOW COLUMNS FROM `we_collection` [ RunTime:0.0425s ]
SQL: DELETE FROM `we_collection` WHERE `user_id` = 54 AND `course_id` = 1 [ RunTime:0.0202s ]

[ 2017-05-20T11:27:17+08:00 ] 192.168.199.236 /index.php/home/index/index
INFO: [ app_init ] --START--
INFO: Run Behavior\BuildLiteBehavior [ RunTime:0.000021s ]
INFO: [ app_init ] --END-- [ RunTime:0.000472s ]
INFO: [ app_begin ] --START--
INFO: Run Behavior\ReadHtmlCacheBehavior [ RunTime:0.000908s ]
INFO: [ app_begin ] --END-- [ RunTime:0.000987s ]
SQL: SHOW COLUMNS FROM `we_ad` [ RunTime:0.0424s ]
SQL: SELECT `id`,`img`,`address` FROM `we_ad` WHERE `status` = 1  [ RunTime:0.0003s ]
SQL: SHOW COLUMNS FROM `we_course` [ RunTime:0.0033s ]
SQL: SHOW COLUMNS FROM `we_course` [ RunTime:0.0025s ]
SQL: SELECT `id`,`name`,`head_image`,`image` FROM `we_course` WHERE `status` = 1 LIMIT 3   [ RunTime:0.0003s ]
SQL: SHOW COLUMNS FROM `we_collection` [ RunTime:0.0024s ]
SQL: SELECT COUNT(id) AS tp_count FROM `we_collection` WHERE `status` = 1 AND `course_id` = 1 LIMIT 1   [ RunTime:0.0156s ]
SQL: SELECT * FROM `we_collection` WHERE `course_id` = 1 AND `user_id` = 54 LIMIT 1   [ RunTime:0.0003s ]
NOTIC: [8] Undefined variable: lists F:\XAMPP\htdocs\toget\Application\Home\Model\CourseModel.class.php 第 13 行.
SQL: SELECT COUNT(id) AS tp_count FROM `we_collection` WHERE `status` = 1 AND `course_id` = 2 LIMIT 1   [ RunTime:0.0002s ]
SQL: SELECT * FROM `we_collection` WHERE `course_id` = 2 AND `user_id` = 54 LIMIT 1   [ RunTime:0.0002s ]
NOTIC: [8] Undefined variable: lists F:\XAMPP\htdocs\toget\Application\Home\Model\CourseModel.class.php 第 13 行.
SQL: SELECT COUNT(id) AS tp_count FROM `we_collection` WHERE `status` = 1 AND `course_id` = 3 LIMIT 1   [ RunTime:0.0002s ]
SQL: SELECT * FROM `we_collection` WHERE `course_id` = 3 AND `user_id` = 54 LIMIT 1   [ RunTime:0.0002s ]
NOTIC: [8] Undefined variable: lists F:\XAMPP\htdocs\toget\Application\Home\Model\CourseModel.class.php 第 13 行.

[ 2017-05-20T11:27:19+08:00 ] 192.168.199.236 /index.php/home/course/addcollect
INFO: [ app_init ] --START--
INFO: Run Behavior\BuildLiteBehavior [ RunTime:0.000015s ]
INFO: [ app_init ] --END-- [ RunTime:0.000488s ]
INFO: [ app_begin ] --START--
INFO: Run Behavior\ReadHtmlCacheBehavior [ RunTime:0.000745s ]
INFO: [ app_begin ] --END-- [ RunTime:0.000807s ]
SQL: SHOW COLUMNS FROM `we_collection` [ RunTime:0.0044s ]
SQL: SELECT * FROM `we_collection` WHERE `course_id` = 1 AND `user_id` = 54 LIMIT 1   [ RunTime:0.0003s ]
SQL: INSERT INTO `we_collection` (`course_id`,`user_id`,`status`) VALUES ('1','54','1') [ RunTime:0.0223s ]

[ 2017-05-20T11:27:19+08:00 ] 192.168.199.236 /index.php/home/index/index
INFO: [ app_init ] --START--
INFO: Run Behavior\BuildLiteBehavior [ RunTime:0.000015s ]
INFO: [ app_init ] --END-- [ RunTime:0.000467s ]
INFO: [ app_begin ] --START--
INFO: Run Behavior\ReadHtmlCacheBehavior [ RunTime:0.000763s ]
INFO: [ app_begin ] --END-- [ RunTime:0.000825s ]
SQL: SHOW COLUMNS FROM `we_ad` [ RunTime:0.0042s ]
SQL: SELECT `id`,`img`,`address` FROM `we_ad` WHERE `status` = 1  [ RunTime:0.0003s ]
SQL: SHOW COLUMNS FROM `we_course` [ RunTime:0.0025s ]
SQL: SHOW COLUMNS FROM `we_course` [ RunTime:0.0028s ]
SQL: SELECT `id`,`name`,`head_image`,`image` FROM `we_course` WHERE `status` = 1 LIMIT 3   [ RunTime:0.0003s ]
SQL: SHOW COLUMNS FROM `we_collection` [ RunTime:0.0026s ]
SQL: SELECT COUNT(id) AS tp_count FROM `we_collection` WHERE `status` = 1 AND `course_id` = 1 LIMIT 1   [ RunTime:0.0116s ]
SQL: SELECT * FROM `we_collection` WHERE `course_id` = 1 AND `user_id` = 54 LIMIT 1   [ RunTime:0.0003s ]
NOTIC: [8] Undefined variable: lists F:\XAMPP\htdocs\toget\Application\Home\Model\CourseModel.class.php 第 13 行.
SQL: SELECT COUNT(id) AS tp_count FROM `we_collection` WHERE `status` = 1 AND `course_id` = 2 LIMIT 1   [ RunTime:0.0003s ]
SQL: SELECT * FROM `we_collection` WHERE `course_id` = 2 AND `user_id` = 54 LIMIT 1   [ RunTime:0.0002s ]
NOTIC: [8] Undefined variable: lists F:\XAMPP\htdocs\toget\Application\Home\Model\CourseModel.class.php 第 13 行.
SQL: SELECT COUNT(id) AS tp_count FROM `we_collection` WHERE `status` = 1 AND `course_id` = 3 LIMIT 1   [ RunTime:0.0002s ]
SQL: SELECT * FROM `we_collection` WHERE `course_id` = 3 AND `user_id` = 54 LIMIT 1   [ RunTime:0.0003s ]
NOTIC: [8] Undefined variable: lists F:\XAMPP\htdocs\toget\Application\Home\Model\CourseModel.class.php 第 13 行.

[ 2017-05-20T11:27:22+08:00 ] 192.168.199.236 /index.php/home/index/index
INFO: [ app_init ] --START--
INFO: Run Behavior\BuildLiteBehavior [ RunTime:0.000033s ]
INFO: [ app_init ] --END-- [ RunTime:0.001099s ]
INFO: [ app_begin ] --START--
INFO: Run Behavior\ReadHtmlCacheBehavior [ RunTime:0.002992s ]
INFO: [ app_begin ] --END-- [ RunTime:0.003149s ]
SQL: SHOW COLUMNS FROM `we_ad` [ RunTime:0.0119s ]
SQL: SELECT `id`,`img`,`address` FROM `we_ad` WHERE `status` = 1  [ RunTime:0.0004s ]
SQL: SHOW COLUMNS FROM `we_course` [ RunTime:0.0043s ]
SQL: SHOW COLUMNS FROM `we_course` [ RunTime:0.0043s ]
SQL: SELECT `id`,`name`,`head_image`,`image` FROM `we_course` WHERE `status` = 1 LIMIT 3   [ RunTime:0.0004s ]
SQL: SHOW COLUMNS FROM `we_collection` [ RunTime:0.0043s ]
SQL: SELECT COUNT(id) AS tp_count FROM `we_collection` WHERE `status` = 1 AND `course_id` = 1 LIMIT 1   [ RunTime:0.0004s ]
SQL: SELECT * FROM `we_collection` WHERE `course_id` = 1 AND `user_id` = 54 LIMIT 1   [ RunTime:0.0004s ]
NOTIC: [8] Undefined variable: lists F:\XAMPP\htdocs\toget\Application\Home\Model\CourseModel.class.php 第 13 行.
SQL: SELECT COUNT(id) AS tp_count FROM `we_collection` WHERE `status` = 1 AND `course_id` = 2 LIMIT 1   [ RunTime:0.0004s ]
SQL: SELECT * FROM `we_collection` WHERE `course_id` = 2 AND `user_id` = 54 LIMIT 1   [ RunTime:0.0004s ]
NOTIC: [8] Undefined variable: lists F:\XAMPP\htdocs\toget\Application\Home\Model\CourseModel.class.php 第 13 行.
SQL: SELECT COUNT(id) AS tp_count FROM `we_collection` WHERE `status` = 1 AND `course_id` = 3 LIMIT 1   [ RunTime:0.0004s ]
SQL: SELECT * FROM `we_collection` WHERE `course_id` = 3 AND `user_id` = 54 LIMIT 1   [ RunTime:0.0004s ]
NOTIC: [8] Undefined variable: lists F:\XAMPP\htdocs\toget\Application\Home\Model\CourseModel.class.php 第 13 行.

[ 2017-05-20T11:27:27+08:00 ] 192.168.199.236 /index.php/home/course/detail
INFO: [ app_init ] --START--
INFO: Run Behavior\BuildLiteBehavior [ RunTime:0.000021s ]
INFO: [ app_init ] --END-- [ RunTime:0.000687s ]
INFO: [ app_begin ] --START--
INFO: Run Behavior\ReadHtmlCacheBehavior [ RunTime:0.001206s ]
INFO: [ app_begin ] --END-- [ RunTime:0.001293s ]
SQL: SHOW COLUMNS FROM `we_course` [ RunTime:0.0034s ]
SQL: SHOW COLUMNS FROM `we_course` [ RunTime:0.0043s ]
SQL: SELECT `image`,`name`,`id` FROM `we_course` WHERE `id` = 1 AND `status` = 1 LIMIT 1   [ RunTime:0.0003s ]
SQL: SHOW COLUMNS FROM `we_test` [ RunTime:0.0110s ]
SQL: SELECT COUNT(id) AS tp_count FROM `we_test` WHERE `course_id` = 1 AND `type` = 1 AND `status` > 0 LIMIT 1   [ RunTime:0.0003s ]
SQL: SELECT COUNT(id) AS tp_count FROM `we_test` WHERE `status` = 2 AND `course_id` = 1 AND `type` = 1 LIMIT 1   [ RunTime:0.0002s ]
SQL: SHOW COLUMNS FROM `we_chapter` [ RunTime:0.0026s ]
SQL: SELECT COUNT(id) AS tp_count FROM `we_chapter` WHERE `course_id` = 1 AND `status` > 0 LIMIT 1   [ RunTime:0.0003s ]
SQL: SELECT COUNT(id) AS tp_count FROM `we_chapter` WHERE `status` = 2 AND `course_id` = 1 LIMIT 1   [ RunTime:0.0003s ]
SQL: SELECT COUNT(id) AS tp_count FROM `we_test` WHERE `course_id` = 1 AND `type` = 2 AND `status` > 0 LIMIT 1   [ RunTime:0.0008s ]
SQL: SELECT COUNT(id) AS tp_count FROM `we_test` WHERE `status` = 2 AND `course_id` = 1 AND `type` = 2 LIMIT 1   [ RunTime:0.0002s ]

[ 2017-05-20T11:27:30+08:00 ] 192.168.199.236 /index.php/home/course/getchapter
INFO: [ app_init ] --START--
INFO: Run Behavior\BuildLiteBehavior [ RunTime:0.000038s ]
INFO: [ app_init ] --END-- [ RunTime:0.002567s ]
INFO: [ app_begin ] --START--
INFO: Run Behavior\ReadHtmlCacheBehavior [ RunTime:0.001914s ]
INFO: [ app_begin ] --END-- [ RunTime:0.002070s ]
SQL: SHOW COLUMNS FROM `we_chapter` [ RunTime:0.0238s ]
SQL: SELECT * FROM `we_chapter` WHERE `status` > 0 AND `course_id` = 1  [ RunTime:0.0005s ]

[ 2017-05-20T11:27:32+08:00 ] 192.168.199.236 /index.php/home/question/getquestion
INFO: [ app_init ] --START--
INFO: Run Behavior\BuildLiteBehavior [ RunTime:0.000034s ]
INFO: [ app_init ] --END-- [ RunTime:0.001102s ]
INFO: [ app_begin ] --START--
INFO: Run Behavior\ReadHtmlCacheBehavior [ RunTime:0.000707s ]
INFO: [ app_begin ] --END-- [ RunTime:0.000773s ]
SQL: SHOW COLUMNS FROM `we_question` [ RunTime:0.0030s ]
SQL: SELECT `id`,`sn`,`stem`,`question_type`,`explain` FROM `we_question` WHERE `status` = 1 AND `course_id` = 1 AND `type` = 1 AND `obj_id` = 1  [ RunTime:0.0004s ]
SQL: SHOW COLUMNS FROM `we_answer` [ RunTime:0.0028s ]
SQL: SELECT `content`,`is_true`,`sn` FROM `we_answer` WHERE `question_id` = 1  [ RunTime:0.0003s ]
SQL: SELECT `content`,`is_true`,`sn` FROM `we_answer` WHERE `question_id` = 2  [ RunTime:0.0003s ]
SQL: SELECT `content`,`is_true`,`sn` FROM `we_answer` WHERE `question_id` = 3  [ RunTime:0.0003s ]
SQL: SELECT `content`,`is_true`,`sn` FROM `we_answer` WHERE `question_id` = 7  [ RunTime:0.0003s ]
SQL: SELECT `content`,`is_true`,`sn` FROM `we_answer` WHERE `question_id` = 8  [ RunTime:0.0002s ]

[ 2017-05-20T11:27:44+08:00 ] 192.168.199.236 /index.php/home/question/getquestion
INFO: [ app_init ] --START--
INFO: Run Behavior\BuildLiteBehavior [ RunTime:0.000022s ]
INFO: [ app_init ] --END-- [ RunTime:0.000738s ]
INFO: [ app_begin ] --START--
INFO: Run Behavior\ReadHtmlCacheBehavior [ RunTime:0.001118s ]
INFO: [ app_begin ] --END-- [ RunTime:0.001218s ]
SQL: SHOW COLUMNS FROM `we_question` [ RunTime:0.0050s ]
SQL: SELECT `id`,`sn`,`stem`,`question_type`,`explain` FROM `we_question` WHERE `status` = 1 AND `course_id` = 1 AND `type` = 1 AND `obj_id` = 1  [ RunTime:0.0006s ]
SQL: SHOW COLUMNS FROM `we_answer` [ RunTime:0.0049s ]
SQL: SELECT `content`,`is_true`,`sn` FROM `we_answer` WHERE `question_id` = 1  [ RunTime:0.0005s ]
SQL: SELECT `content`,`is_true`,`sn` FROM `we_answer` WHERE `question_id` = 2  [ RunTime:0.0004s ]
SQL: SELECT `content`,`is_true`,`sn` FROM `we_answer` WHERE `question_id` = 3  [ RunTime:0.0004s ]
SQL: SELECT `content`,`is_true`,`sn` FROM `we_answer` WHERE `question_id` = 7  [ RunTime:0.0004s ]
SQL: SELECT `content`,`is_true`,`sn` FROM `we_answer` WHERE `question_id` = 8  [ RunTime:0.0004s ]

[ 2017-05-20T11:27:50+08:00 ] 192.168.199.236 /index.php/home/question/getquestion
INFO: [ app_init ] --START--
INFO: Run Behavior\BuildLiteBehavior [ RunTime:0.000020s ]
INFO: [ app_init ] --END-- [ RunTime:0.000681s ]
INFO: [ app_begin ] --START--
INFO: Run Behavior\ReadHtmlCacheBehavior [ RunTime:0.001016s ]
INFO: [ app_begin ] --END-- [ RunTime:0.001109s ]
SQL: SHOW COLUMNS FROM `we_question` [ RunTime:0.0037s ]
SQL: SELECT `id`,`sn`,`stem`,`question_type`,`explain` FROM `we_question` WHERE `status` = 1 AND `course_id` = 1 AND `type` = 1 AND `obj_id` = 1  [ RunTime:0.0004s ]
SQL: SHOW COLUMNS FROM `we_answer` [ RunTime:0.0032s ]
SQL: SELECT `content`,`is_true`,`sn` FROM `we_answer` WHERE `question_id` = 1  [ RunTime:0.0003s ]
SQL: SELECT `content`,`is_true`,`sn` FROM `we_answer` WHERE `question_id` = 2  [ RunTime:0.0003s ]
SQL: SELECT `content`,`is_true`,`sn` FROM `we_answer` WHERE `question_id` = 3  [ RunTime:0.0003s ]
SQL: SELECT `content`,`is_true`,`sn` FROM `we_answer` WHERE `question_id` = 7  [ RunTime:0.0003s ]
SQL: SELECT `content`,`is_true`,`sn` FROM `we_answer` WHERE `question_id` = 8  [ RunTime:0.0003s ]

[ 2017-05-20T11:28:32+08:00 ] 192.168.199.189 /index.php/home/course/getchapter
INFO: [ app_init ] --START--
INFO: Run Behavior\BuildLiteBehavior [ RunTime:0.000012s ]
INFO: [ app_init ] --END-- [ RunTime:0.000345s ]
INFO: [ app_begin ] --START--
INFO: Run Behavior\ReadHtmlCacheBehavior [ RunTime:0.000588s ]
INFO: [ app_begin ] --END-- [ RunTime:0.000631s ]
SQL: SHOW COLUMNS FROM `we_chapter` [ RunTime:0.0028s ]
SQL: SELECT * FROM `we_chapter` WHERE `status` > 0 AND `course_id` = 1  [ RunTime:0.0003s ]

[ 2017-05-20T11:28:36+08:00 ] 192.168.199.189 /index.php/home/question/getquestion
INFO: [ app_init ] --START--
INFO: Run Behavior\BuildLiteBehavior [ RunTime:0.000024s ]
INFO: [ app_init ] --END-- [ RunTime:0.000738s ]
INFO: [ app_begin ] --START--
INFO: Run Behavior\ReadHtmlCacheBehavior [ RunTime:0.001021s ]
INFO: [ app_begin ] --END-- [ RunTime:0.001105s ]
SQL: SHOW COLUMNS FROM `we_question` [ RunTime:0.0054s ]
SQL: SELECT `id`,`sn`,`stem`,`question_type`,`explain` FROM `we_question` WHERE `status` = 1 AND `course_id` = 1 AND `type` = 1 AND `obj_id` = 1  [ RunTime:0.0005s ]
SQL: SHOW COLUMNS FROM `we_answer` [ RunTime:0.0042s ]
SQL: SELECT `content`,`is_true`,`sn` FROM `we_answer` WHERE `question_id` = 1  [ RunTime:0.0004s ]
SQL: SELECT `content`,`is_true`,`sn` FROM `we_answer` WHERE `question_id` = 2  [ RunTime:0.0004s ]
SQL: SELECT `content`,`is_true`,`sn` FROM `we_answer` WHERE `question_id` = 3  [ RunTime:0.0004s ]
SQL: SELECT `content`,`is_true`,`sn` FROM `we_answer` WHERE `question_id` = 7  [ RunTime:0.0004s ]
SQL: SELECT `content`,`is_true`,`sn` FROM `we_answer` WHERE `question_id` = 8  [ RunTime:0.0004s ]

[ 2017-05-20T11:28:42+08:00 ] 192.168.199.189 /index.php/home/course/getchapter
INFO: [ app_init ] --START--
INFO: Run Behavior\BuildLiteBehavior [ RunTime:0.000025s ]
INFO: [ app_init ] --END-- [ RunTime:0.000820s ]
INFO: [ app_begin ] --START--
INFO: Run Behavior\ReadHtmlCacheBehavior [ RunTime:0.000795s ]
INFO: [ app_begin ] --END-- [ RunTime:0.000868s ]
SQL: SHOW COLUMNS FROM `we_chapter` [ RunTime:0.0036s ]
SQL: SELECT * FROM `we_chapter` WHERE `status` > 0 AND `course_id` = 1  [ RunTime:0.0006s ]

[ 2017-05-20T11:28:42+08:00 ] 192.168.199.189 /index.php/home/course/detail
INFO: [ app_init ] --START--
INFO: Run Behavior\BuildLiteBehavior [ RunTime:0.000035s ]
INFO: [ app_init ] --END-- [ RunTime:0.001104s ]
INFO: [ app_begin ] --START--
INFO: Run Behavior\ReadHtmlCacheBehavior [ RunTime:0.001946s ]
INFO: [ app_begin ] --END-- [ RunTime:0.002097s ]
SQL: SHOW COLUMNS FROM `we_course` [ RunTime:0.0026s ]
SQL: SHOW COLUMNS FROM `we_course` [ RunTime:0.0029s ]
SQL: SELECT `image`,`name`,`id` FROM `we_course` WHERE `id` = 1 AND `status` = 1 LIMIT 1   [ RunTime:0.0003s ]
SQL: SHOW COLUMNS FROM `we_test` [ RunTime:0.0026s ]
SQL: SELECT COUNT(id) AS tp_count FROM `we_test` WHERE `course_id` = 1 AND `type` = 1 AND `status` > 0 LIMIT 1   [ RunTime:0.0003s ]
SQL: SELECT COUNT(id) AS tp_count FROM `we_test` WHERE `status` = 2 AND `course_id` = 1 AND `type` = 1 LIMIT 1   [ RunTime:0.0002s ]
SQL: SHOW COLUMNS FROM `we_chapter` [ RunTime:0.0029s ]
SQL: SELECT COUNT(id) AS tp_count FROM `we_chapter` WHERE `course_id` = 1 AND `status` > 0 LIMIT 1   [ RunTime:0.0003s ]
SQL: SELECT COUNT(id) AS tp_count FROM `we_chapter` WHERE `status` = 2 AND `course_id` = 1 LIMIT 1   [ RunTime:0.0002s ]
SQL: SELECT COUNT(id) AS tp_count FROM `we_test` WHERE `course_id` = 1 AND `type` = 2 AND `status` > 0 LIMIT 1   [ RunTime:0.0002s ]
SQL: SELECT COUNT(id) AS tp_count FROM `we_test` WHERE `status` = 2 AND `course_id` = 1 AND `type` = 2 LIMIT 1   [ RunTime:0.0002s ]

[ 2017-05-20T11:28:43+08:00 ] 192.168.199.189 /index.php/home/index/index
INFO: [ app_init ] --START--
INFO: Run Behavior\BuildLiteBehavior [ RunTime:0.000011s ]
INFO: [ app_init ] --END-- [ RunTime:0.000334s ]
INFO: [ app_begin ] --START--
INFO: Run Behavior\ReadHtmlCacheBehavior [ RunTime:0.000674s ]
INFO: [ app_begin ] --END-- [ RunTime:0.000732s ]
SQL: SHOW COLUMNS FROM `we_ad` [ RunTime:0.0027s ]
SQL: SELECT `id`,`img`,`address` FROM `we_ad` WHERE `status` = 1  [ RunTime:0.0003s ]
SQL: SHOW COLUMNS FROM `we_course` [ RunTime:0.0025s ]
SQL: SHOW COLUMNS FROM `we_course` [ RunTime:0.0025s ]
SQL: SELECT `id`,`name`,`head_image`,`image` FROM `we_course` WHERE `status` = 1 LIMIT 3   [ RunTime:0.0003s ]
SQL: SHOW COLUMNS FROM `we_collection` [ RunTime:0.0028s ]
SQL: SELECT COUNT(id) AS tp_count FROM `we_collection` WHERE `status` = 1 AND `course_id` = 1 LIMIT 1   [ RunTime:0.0003s ]
SQL: SELECT * FROM `we_collection` WHERE `course_id` = 1 AND `user_id` = 53 LIMIT 1   [ RunTime:0.0002s ]
NOTIC: [8] Undefined variable: lists F:\XAMPP\htdocs\toget\Application\Home\Model\CourseModel.class.php 第 13 行.
SQL: SELECT COUNT(id) AS tp_count FROM `we_collection` WHERE `status` = 1 AND `course_id` = 2 LIMIT 1   [ RunTime:0.0002s ]
SQL: SELECT * FROM `we_collection` WHERE `course_id` = 2 AND `user_id` = 53 LIMIT 1   [ RunTime:0.0002s ]
NOTIC: [8] Undefined variable: lists F:\XAMPP\htdocs\toget\Application\Home\Model\CourseModel.class.php 第 13 行.
SQL: SELECT COUNT(id) AS tp_count FROM `we_collection` WHERE `status` = 1 AND `course_id` = 3 LIMIT 1   [ RunTime:0.0002s ]
SQL: SELECT * FROM `we_collection` WHERE `course_id` = 3 AND `user_id` = 53 LIMIT 1   [ RunTime:0.0002s ]
NOTIC: [8] Undefined variable: lists F:\XAMPP\htdocs\toget\Application\Home\Model\CourseModel.class.php 第 13 行.

[ 2017-05-20T11:28:43+08:00 ] 192.168.199.189 /
INFO: [ app_init ] --START--
INFO: Run Behavior\BuildLiteBehavior [ RunTime:0.000011s ]
INFO: [ app_init ] --END-- [ RunTime:0.000394s ]
INFO: [ app_begin ] --START--
INFO: Run Behavior\ReadHtmlCacheBehavior [ RunTime:0.000796s ]
INFO: [ app_begin ] --END-- [ RunTime:0.000844s ]
SQL: SHOW COLUMNS FROM `we_ad` [ RunTime:0.0025s ]
SQL: SELECT `id`,`img`,`address` FROM `we_ad` WHERE `status` = 1  [ RunTime:0.0003s ]
SQL: SHOW COLUMNS FROM `we_course` [ RunTime:0.0031s ]
SQL: SHOW COLUMNS FROM `we_course` [ RunTime:0.0025s ]
SQL: SELECT `id`,`name`,`head_image`,`image` FROM `we_course` WHERE `status` = 1 LIMIT 3   [ RunTime:0.0003s ]
SQL: SHOW COLUMNS FROM `we_collection` [ RunTime:0.0028s ]
SQL: SELECT COUNT(id) AS tp_count FROM `we_collection` WHERE `status` = 1 AND `course_id` = 1 LIMIT 1   [ RunTime:0.0003s ]
SQL: SELECT * FROM `we_collection` WHERE `course_id` = 1 AND `user_id` = 0 LIMIT 1   [ RunTime:0.0002s ]
NOTIC: [8] Undefined variable: lists F:\XAMPP\htdocs\toget\Application\Home\Model\CourseModel.class.php 第 13 行.
SQL: SELECT COUNT(id) AS tp_count FROM `we_collection` WHERE `status` = 1 AND `course_id` = 2 LIMIT 1   [ RunTime:0.0002s ]
SQL: SELECT * FROM `we_collection` WHERE `course_id` = 2 AND `user_id` = 0 LIMIT 1   [ RunTime:0.0002s ]
NOTIC: [8] Undefined variable: lists F:\XAMPP\htdocs\toget\Application\Home\Model\CourseModel.class.php 第 13 行.
SQL: SELECT COUNT(id) AS tp_count FROM `we_collection` WHERE `status` = 1 AND `course_id` = 3 LIMIT 1   [ RunTime:0.0002s ]
SQL: SELECT * FROM `we_collection` WHERE `course_id` = 3 AND `user_id` = 0 LIMIT 1   [ RunTime:0.0002s ]
NOTIC: [8] Undefined variable: lists F:\XAMPP\htdocs\toget\Application\Home\Model\CourseModel.class.php 第 13 行.

[ 2017-05-20T11:28:45+08:00 ] 192.168.199.189 /index.php/home/category/lists
INFO: [ app_init ] --START--
INFO: Run Behavior\BuildLiteBehavior [ RunTime:0.000034s ]
INFO: [ app_init ] --END-- [ RunTime:0.001012s ]
INFO: [ app_begin ] --START--
INFO: Run Behavior\ReadHtmlCacheBehavior [ RunTime:0.001199s ]
INFO: [ app_begin ] --END-- [ RunTime:0.001290s ]
SQL: SHOW COLUMNS FROM `we_category` [ RunTime:0.0029s ]
SQL: SELECT * FROM `we_category` WHERE `status` = 1 AND `parent_id` = 0  [ RunTime:0.0641s ]

[ 2017-05-20T11:28:47+08:00 ] 192.168.199.189 /index.php/home/category/lists
INFO: [ app_init ] --START--
INFO: Run Behavior\BuildLiteBehavior [ RunTime:0.000022s ]
INFO: [ app_init ] --END-- [ RunTime:0.000678s ]
INFO: [ app_begin ] --START--
INFO: Run Behavior\ReadHtmlCacheBehavior [ RunTime:0.002023s ]
INFO: [ app_begin ] --END-- [ RunTime:0.002147s ]
SQL: SHOW COLUMNS FROM `we_category` [ RunTime:0.0025s ]
SQL: SELECT * FROM `we_category` WHERE `status` = 1 AND `parent_id` = 1  [ RunTime:0.0003s ]
SQL: SELECT `name`,`id` FROM `we_category` WHERE `status` = 1 AND `parent_id` = 8  [ RunTime:0.0003s ]
SQL: SELECT `name`,`id` FROM `we_category` WHERE `status` = 1 AND `parent_id` = 9  [ RunTime:0.0003s ]
SQL: SELECT * FROM `we_category` WHERE `id` = 1 LIMIT 1   [ RunTime:0.0003s ]

[ 2017-05-20T11:28:52+08:00 ] 192.168.199.189 /index.php/home/category/lists
INFO: [ app_init ] --START--
INFO: Run Behavior\BuildLiteBehavior [ RunTime:0.000019s ]
INFO: [ app_init ] --END-- [ RunTime:0.000632s ]
INFO: [ app_begin ] --START--
INFO: Run Behavior\ReadHtmlCacheBehavior [ RunTime:0.001021s ]
INFO: [ app_begin ] --END-- [ RunTime:0.001095s ]
SQL: SHOW COLUMNS FROM `we_category` [ RunTime:0.0026s ]
SQL: SELECT * FROM `we_category` WHERE `status` = 1 AND `parent_id` = 0  [ RunTime:0.0003s ]

[ 2017-05-20T11:28:53+08:00 ] 192.168.199.189 /index.php/home/category/lists
INFO: [ app_init ] --START--
INFO: Run Behavior\BuildLiteBehavior [ RunTime:0.000019s ]
INFO: [ app_init ] --END-- [ RunTime:0.001293s ]
INFO: [ app_begin ] --START--
INFO: Run Behavior\ReadHtmlCacheBehavior [ RunTime:0.000764s ]
INFO: [ app_begin ] --END-- [ RunTime:0.000827s ]
SQL: SHOW COLUMNS FROM `we_category` [ RunTime:0.0032s ]
SQL: SELECT * FROM `we_category` WHERE `status` = 1 AND `parent_id` = 1  [ RunTime:0.0004s ]
SQL: SELECT `name`,`id` FROM `we_category` WHERE `status` = 1 AND `parent_id` = 8  [ RunTime:0.0003s ]
SQL: SELECT `name`,`id` FROM `we_category` WHERE `status` = 1 AND `parent_id` = 9  [ RunTime:0.0003s ]
SQL: SELECT * FROM `we_category` WHERE `id` = 1 LIMIT 1   [ RunTime:0.0003s ]

[ 2017-05-20T11:28:56+08:00 ] 192.168.199.189 /index.php/home/category/lists
INFO: [ app_init ] --START--
INFO: Run Behavior\BuildLiteBehavior [ RunTime:0.000016s ]
INFO: [ app_init ] --END-- [ RunTime:0.000563s ]
INFO: [ app_begin ] --START--
INFO: Run Behavior\ReadHtmlCacheBehavior [ RunTime:0.000858s ]
INFO: [ app_begin ] --END-- [ RunTime:0.000920s ]
SQL: SHOW COLUMNS FROM `we_category` [ RunTime:0.0037s ]
SQL: SELECT * FROM `we_category` WHERE `status` = 1 AND `parent_id` = 0  [ RunTime:0.0004s ]

[ 2017-05-20T11:28:57+08:00 ] 192.168.199.189 /index.php/home/category/lists
INFO: [ app_init ] --START--
INFO: Run Behavior\BuildLiteBehavior [ RunTime:0.000017s ]
INFO: [ app_init ] --END-- [ RunTime:0.000535s ]
INFO: [ app_begin ] --START--
INFO: Run Behavior\ReadHtmlCacheBehavior [ RunTime:0.001300s ]
INFO: [ app_begin ] --END-- [ RunTime:0.001403s ]
SQL: SHOW COLUMNS FROM `we_category` [ RunTime:0.0028s ]
SQL: SELECT * FROM `we_category` WHERE `status` = 1 AND `parent_id` = 1  [ RunTime:0.0003s ]
SQL: SELECT `name`,`id` FROM `we_category` WHERE `status` = 1 AND `parent_id` = 8  [ RunTime:0.0003s ]
SQL: SELECT `name`,`id` FROM `we_category` WHERE `status` = 1 AND `parent_id` = 9  [ RunTime:0.0003s ]
SQL: SELECT * FROM `we_category` WHERE `id` = 1 LIMIT 1   [ RunTime:0.0002s ]

[ 2017-05-20T11:29:27+08:00 ] 192.168.199.189 /index.php/home/category/lists
INFO: [ app_init ] --START--
INFO: Run Behavior\BuildLiteBehavior [ RunTime:0.000052s ]
INFO: [ app_init ] --END-- [ RunTime:0.002110s ]
INFO: [ app_begin ] --START--
INFO: Run Behavior\ReadHtmlCacheBehavior [ RunTime:0.001895s ]
INFO: [ app_begin ] --END-- [ RunTime:0.002032s ]
SQL: SHOW COLUMNS FROM `we_category` [ RunTime:0.0037s ]
SQL: SELECT * FROM `we_category` WHERE `status` = 1 AND `parent_id` = 0  [ RunTime:0.0004s ]

[ 2017-05-20T11:29:28+08:00 ] 192.168.199.189 /index.php/home/category/lists
INFO: [ app_init ] --START--
INFO: Run Behavior\BuildLiteBehavior [ RunTime:0.000034s ]
INFO: [ app_init ] --END-- [ RunTime:0.001094s ]
INFO: [ app_begin ] --START--
INFO: Run Behavior\ReadHtmlCacheBehavior [ RunTime:0.001792s ]
INFO: [ app_begin ] --END-- [ RunTime:0.001931s ]
SQL: SHOW COLUMNS FROM `we_category` [ RunTime:0.0050s ]
SQL: SELECT * FROM `we_category` WHERE `status` = 1 AND `parent_id` = 1  [ RunTime:0.0005s ]
SQL: SELECT `name`,`id` FROM `we_category` WHERE `status` = 1 AND `parent_id` = 8  [ RunTime:0.0003s ]
SQL: SELECT `name`,`id` FROM `we_category` WHERE `status` = 1 AND `parent_id` = 9  [ RunTime:0.0003s ]
SQL: SELECT * FROM `we_category` WHERE `id` = 1 LIMIT 1   [ RunTime:0.0002s ]

[ 2017-05-20T11:29:30+08:00 ] 192.168.199.189 /index.php/home/category/lists
INFO: [ app_init ] --START--
INFO: Run Behavior\BuildLiteBehavior [ RunTime:0.000034s ]
INFO: [ app_init ] --END-- [ RunTime:0.001097s ]
INFO: [ app_begin ] --START--
INFO: Run Behavior\ReadHtmlCacheBehavior [ RunTime:0.002402s ]
INFO: [ app_begin ] --END-- [ RunTime:0.002509s ]
SQL: SHOW COLUMNS FROM `we_category` [ RunTime:0.0033s ]
SQL: SELECT * FROM `we_category` WHERE `status` = 1 AND `parent_id` = 0  [ RunTime:0.0004s ]

[ 2017-05-20T11:29:31+08:00 ] 192.168.199.189 /index.php/home/category/lists
INFO: [ app_init ] --START--
INFO: Run Behavior\BuildLiteBehavior [ RunTime:0.000034s ]
INFO: [ app_init ] --END-- [ RunTime:0.001121s ]
INFO: [ app_begin ] --START--
INFO: Run Behavior\ReadHtmlCacheBehavior [ RunTime:0.001881s ]
INFO: [ app_begin ] --END-- [ RunTime:0.002034s ]
SQL: SHOW COLUMNS FROM `we_category` [ RunTime:0.0034s ]
SQL: SELECT * FROM `we_category` WHERE `status` = 1 AND `parent_id` = 1  [ RunTime:0.0004s ]
SQL: SELECT `name`,`id` FROM `we_category` WHERE `status` = 1 AND `parent_id` = 8  [ RunTime:0.0003s ]
SQL: SELECT `name`,`id` FROM `we_category` WHERE `status` = 1 AND `parent_id` = 9  [ RunTime:0.0003s ]
SQL: SELECT * FROM `we_category` WHERE `id` = 1 LIMIT 1   [ RunTime:0.0003s ]

