[ 2017-05-21T13:48:09+08:00 ] 192.168.199.105 /index.php/home/user/reg
INFO: [ app_init ] --START--
INFO: Run Behavior\BuildLiteBehavior [ RunTime:0.000039s ]
INFO: [ app_init ] --END-- [ RunTime:0.002660s ]
INFO: [ app_begin ] --START--
INFO: Run Behavior\ReadHtmlCacheBehavior [ RunTime:0.004395s ]
INFO: [ app_begin ] --END-- [ RunTime:0.004574s ]
SQL: SHOW COLUMNS FROM `we_user` [ RunTime:0.0044s ]
SQL: SELECT * FROM `we_user` WHERE `email` = '123' LIMIT 1   [ RunTime:0.0559s ]
SQL: INSERT INTO `we_user` (`phone`,`name`,`email`,`password`) VALUES ('123','昵称123','123','123') [ RunTime:0.0096s ]

[ 2017-05-21T13:48:14+08:00 ] 192.168.199.105 /index.php/home/user/login
INFO: [ app_init ] --START--
INFO: Run Behavior\BuildLiteBehavior [ RunTime:0.000018s ]
INFO: [ app_init ] --END-- [ RunTime:0.000563s ]
INFO: [ app_begin ] --START--
INFO: Run Behavior\ReadHtmlCacheBehavior [ RunTime:0.001222s ]
INFO: [ app_begin ] --END-- [ RunTime:0.001299s ]
SQL: SHOW COLUMNS FROM `we_user` [ RunTime:0.0033s ]
SQL: SELECT * FROM `we_user` WHERE `email` = '123' LIMIT 1   [ RunTime:0.0003s ]

[ 2017-05-21T13:48:14+08:00 ] 192.168.199.105 /index.php/home/index/index
INFO: [ app_init ] --START--
INFO: Run Behavior\BuildLiteBehavior [ RunTime:0.000019s ]
INFO: [ app_init ] --END-- [ RunTime:0.000612s ]
INFO: [ app_begin ] --START--
INFO: Run Behavior\ReadHtmlCacheBehavior [ RunTime:0.001325s ]
INFO: [ app_begin ] --END-- [ RunTime:0.001410s ]
SQL: SHOW COLUMNS FROM `we_ad` [ RunTime:0.0039s ]
SQL: SELECT `id`,`img`,`address` FROM `we_ad` WHERE `status` = 1  [ RunTime:0.0460s ]
SQL: SHOW COLUMNS FROM `we_course` [ RunTime:0.0045s ]
SQL: SHOW COLUMNS FROM `we_course` [ RunTime:0.0059s ]
SQL: SELECT `id`,`name`,`head_image`,`image` FROM `we_course` WHERE `status` = 1 LIMIT 3   [ RunTime:0.0169s ]
SQL: SHOW COLUMNS FROM `we_collection` [ RunTime:0.0056s ]
SQL: SELECT COUNT(id) AS tp_count FROM `we_collection` WHERE `status` = 1 AND `course_id` = 1 LIMIT 1   [ RunTime:0.0881s ]
SQL: SELECT * FROM `we_collection` WHERE `course_id` = 1 AND `user_id` = 55 LIMIT 1   [ RunTime:0.0005s ]
NOTIC: [8] Undefined variable: lists F:\XAMPP\htdocs\toget\Application\Home\Model\CourseModel.class.php 第 13 行.
SQL: SELECT COUNT(id) AS tp_count FROM `we_collection` WHERE `status` = 1 AND `course_id` = 2 LIMIT 1   [ RunTime:0.0005s ]
SQL: SELECT * FROM `we_collection` WHERE `course_id` = 2 AND `user_id` = 55 LIMIT 1   [ RunTime:0.0005s ]
NOTIC: [8] Undefined variable: lists F:\XAMPP\htdocs\toget\Application\Home\Model\CourseModel.class.php 第 13 行.
SQL: SELECT COUNT(id) AS tp_count FROM `we_collection` WHERE `status` = 1 AND `course_id` = 3 LIMIT 1   [ RunTime:0.0004s ]
SQL: SELECT * FROM `we_collection` WHERE `course_id` = 3 AND `user_id` = 55 LIMIT 1   [ RunTime:0.0005s ]
NOTIC: [8] Undefined variable: lists F:\XAMPP\htdocs\toget\Application\Home\Model\CourseModel.class.php 第 13 行.

[ 2017-05-21T13:48:19+08:00 ] 192.168.199.105 /index.php/home/course/detail
INFO: [ app_init ] --START--
INFO: Run Behavior\BuildLiteBehavior [ RunTime:0.000019s ]
INFO: [ app_init ] --END-- [ RunTime:0.000602s ]
INFO: [ app_begin ] --START--
INFO: Run Behavior\ReadHtmlCacheBehavior [ RunTime:0.001311s ]
INFO: [ app_begin ] --END-- [ RunTime:0.001394s ]
SQL: SHOW COLUMNS FROM `we_course` [ RunTime:0.0042s ]
SQL: SHOW COLUMNS FROM `we_course` [ RunTime:0.0038s ]
SQL: SELECT `image`,`name`,`id` FROM `we_course` WHERE `id` = 1 AND `status` = 1 LIMIT 1   [ RunTime:0.0004s ]
SQL: SHOW COLUMNS FROM `we_test` [ RunTime:0.0037s ]
SQL: SELECT COUNT(id) AS tp_count FROM `we_test` WHERE `course_id` = 1 AND `type` = 1 AND `status` > 0 LIMIT 1   [ RunTime:0.0553s ]
SQL: SELECT COUNT(id) AS tp_count FROM `we_test` WHERE `status` = 2 AND `course_id` = 1 AND `type` = 1 LIMIT 1   [ RunTime:0.0004s ]
SQL: SHOW COLUMNS FROM `we_chapter` [ RunTime:0.0043s ]
SQL: SELECT COUNT(id) AS tp_count FROM `we_chapter` WHERE `course_id` = 1 AND `status` > 0 LIMIT 1   [ RunTime:0.0272s ]
SQL: SELECT COUNT(id) AS tp_count FROM `we_chapter` WHERE `status` = 2 AND `course_id` = 1 LIMIT 1   [ RunTime:0.0004s ]
SQL: SELECT COUNT(id) AS tp_count FROM `we_test` WHERE `course_id` = 1 AND `type` = 2 AND `status` > 0 LIMIT 1   [ RunTime:0.0004s ]
SQL: SELECT COUNT(id) AS tp_count FROM `we_test` WHERE `status` = 2 AND `course_id` = 1 AND `type` = 2 LIMIT 1   [ RunTime:0.0003s ]

[ 2017-05-21T13:48:21+08:00 ] 192.168.199.105 /index.php/home/course/getchapter
INFO: [ app_init ] --START--
INFO: Run Behavior\BuildLiteBehavior [ RunTime:0.000023s ]
INFO: [ app_init ] --END-- [ RunTime:0.000728s ]
INFO: [ app_begin ] --START--
INFO: Run Behavior\ReadHtmlCacheBehavior [ RunTime:0.001522s ]
INFO: [ app_begin ] --END-- [ RunTime:0.001620s ]
SQL: SHOW COLUMNS FROM `we_chapter` [ RunTime:0.0047s ]
SQL: SELECT * FROM `we_chapter` WHERE `status` > 0 AND `course_id` = 1  [ RunTime:0.0006s ]

[ 2017-05-21T13:48:22+08:00 ] 192.168.199.105 /index.php/home/question/getquestion
INFO: [ app_init ] --START--
INFO: Run Behavior\BuildLiteBehavior [ RunTime:0.000018s ]
INFO: [ app_init ] --END-- [ RunTime:0.000581s ]
INFO: [ app_begin ] --START--
INFO: Run Behavior\ReadHtmlCacheBehavior [ RunTime:0.001197s ]
INFO: [ app_begin ] --END-- [ RunTime:0.001283s ]
SQL: SHOW COLUMNS FROM `we_question` [ RunTime:0.0029s ]
SQL: SELECT `id`,`sn`,`stem`,`question_type`,`explain` FROM `we_question` WHERE `status` = 1 AND `course_id` = 1 AND `type` = 1 AND `obj_id` = 2  [ RunTime:0.0035s ]
SQL: SHOW COLUMNS FROM `we_answer` [ RunTime:0.0028s ]
SQL: SELECT `content`,`is_true`,`sn` FROM `we_answer` WHERE `question_id` = 4  [ RunTime:0.0059s ]

[ 2017-05-21T13:48:23+08:00 ] 192.168.199.105 /index.php/home/question/getquestion
INFO: [ app_init ] --START--
INFO: Run Behavior\BuildLiteBehavior [ RunTime:0.000025s ]
INFO: [ app_init ] --END-- [ RunTime:0.000554s ]
INFO: [ app_begin ] --START--
INFO: Run Behavior\ReadHtmlCacheBehavior [ RunTime:0.001139s ]
INFO: [ app_begin ] --END-- [ RunTime:0.001217s ]
SQL: SHOW COLUMNS FROM `we_question` [ RunTime:0.0034s ]
SQL: SELECT `id`,`sn`,`stem`,`question_type`,`explain` FROM `we_question` WHERE `status` = 1 AND `course_id` = 1 AND `type` = 1 AND `obj_id` = 2  [ RunTime:0.0004s ]
SQL: SHOW COLUMNS FROM `we_answer` [ RunTime:0.0037s ]
SQL: SELECT `content`,`is_true`,`sn` FROM `we_answer` WHERE `question_id` = 4  [ RunTime:0.0004s ]

[ 2017-05-21T13:48:25+08:00 ] 192.168.199.105 /index.php/home/course/getchapter
INFO: [ app_init ] --START--
INFO: Run Behavior\BuildLiteBehavior [ RunTime:0.000032s ]
INFO: [ app_init ] --END-- [ RunTime:0.000967s ]
INFO: [ app_begin ] --START--
INFO: Run Behavior\ReadHtmlCacheBehavior [ RunTime:0.001761s ]
INFO: [ app_begin ] --END-- [ RunTime:0.001871s ]
SQL: SHOW COLUMNS FROM `we_chapter` [ RunTime:0.0042s ]
SQL: SELECT * FROM `we_chapter` WHERE `status` > 0 AND `course_id` = 1  [ RunTime:0.0004s ]

[ 2017-05-21T13:48:25+08:00 ] 192.168.199.105 /index.php/home/question/getquestion
INFO: [ app_init ] --START--
INFO: Run Behavior\BuildLiteBehavior [ RunTime:0.000017s ]
INFO: [ app_init ] --END-- [ RunTime:0.000554s ]
INFO: [ app_begin ] --START--
INFO: Run Behavior\ReadHtmlCacheBehavior [ RunTime:0.001135s ]
INFO: [ app_begin ] --END-- [ RunTime:0.001208s ]
SQL: SHOW COLUMNS FROM `we_question` [ RunTime:0.0028s ]
SQL: SELECT `id`,`sn`,`stem`,`question_type`,`explain` FROM `we_question` WHERE `status` = 1 AND `course_id` = 1 AND `type` = 1 AND `obj_id` = 1  [ RunTime:0.0003s ]
SQL: SHOW COLUMNS FROM `we_answer` [ RunTime:0.0027s ]
SQL: SELECT `content`,`is_true`,`sn` FROM `we_answer` WHERE `question_id` = 1  [ RunTime:0.0003s ]
SQL: SELECT `content`,`is_true`,`sn` FROM `we_answer` WHERE `question_id` = 2  [ RunTime:0.0002s ]
SQL: SELECT `content`,`is_true`,`sn` FROM `we_answer` WHERE `question_id` = 3  [ RunTime:0.0002s ]
SQL: SELECT `content`,`is_true`,`sn` FROM `we_answer` WHERE `question_id` = 7  [ RunTime:0.0002s ]
SQL: SELECT `content`,`is_true`,`sn` FROM `we_answer` WHERE `question_id` = 8  [ RunTime:0.0002s ]

[ 2017-05-21T13:48:48+08:00 ] 192.168.199.105 /index.php/home/course/getchapter
INFO: [ app_init ] --START--
INFO: Run Behavior\BuildLiteBehavior [ RunTime:0.000035s ]
INFO: [ app_init ] --END-- [ RunTime:0.001167s ]
INFO: [ app_begin ] --START--
INFO: Run Behavior\ReadHtmlCacheBehavior [ RunTime:0.002870s ]
INFO: [ app_begin ] --END-- [ RunTime:0.003177s ]
SQL: SHOW COLUMNS FROM `we_chapter` [ RunTime:0.0031s ]
SQL: SELECT * FROM `we_chapter` WHERE `status` > 0 AND `course_id` = 1  [ RunTime:0.0004s ]

[ 2017-05-21T13:48:49+08:00 ] 192.168.199.105 /index.php/home/course/detail
INFO: [ app_init ] --START--
INFO: Run Behavior\BuildLiteBehavior [ RunTime:0.000023s ]
INFO: [ app_init ] --END-- [ RunTime:0.000713s ]
INFO: [ app_begin ] --START--
INFO: Run Behavior\ReadHtmlCacheBehavior [ RunTime:0.001572s ]
INFO: [ app_begin ] --END-- [ RunTime:0.001689s ]
SQL: SHOW COLUMNS FROM `we_course` [ RunTime:0.0036s ]
SQL: SHOW COLUMNS FROM `we_course` [ RunTime:0.0032s ]
SQL: SELECT `image`,`name`,`id` FROM `we_course` WHERE `id` = 1 AND `status` = 1 LIMIT 1   [ RunTime:0.0003s ]
SQL: SHOW COLUMNS FROM `we_test` [ RunTime:0.0030s ]
SQL: SELECT COUNT(id) AS tp_count FROM `we_test` WHERE `course_id` = 1 AND `type` = 1 AND `status` > 0 LIMIT 1   [ RunTime:0.0003s ]
SQL: SELECT COUNT(id) AS tp_count FROM `we_test` WHERE `status` = 2 AND `course_id` = 1 AND `type` = 1 LIMIT 1   [ RunTime:0.0003s ]
SQL: SHOW COLUMNS FROM `we_chapter` [ RunTime:0.0029s ]
SQL: SELECT COUNT(id) AS tp_count FROM `we_chapter` WHERE `course_id` = 1 AND `status` > 0 LIMIT 1   [ RunTime:0.0003s ]
SQL: SELECT COUNT(id) AS tp_count FROM `we_chapter` WHERE `status` = 2 AND `course_id` = 1 LIMIT 1   [ RunTime:0.0003s ]
SQL: SELECT COUNT(id) AS tp_count FROM `we_test` WHERE `course_id` = 1 AND `type` = 2 AND `status` > 0 LIMIT 1   [ RunTime:0.0003s ]
SQL: SELECT COUNT(id) AS tp_count FROM `we_test` WHERE `status` = 2 AND `course_id` = 1 AND `type` = 2 LIMIT 1   [ RunTime:0.0002s ]

[ 2017-05-21T13:48:50+08:00 ] 192.168.199.105 /index.php/home/index/index
INFO: [ app_init ] --START--
INFO: Run Behavior\BuildLiteBehavior [ RunTime:0.000037s ]
INFO: [ app_init ] --END-- [ RunTime:0.000726s ]
INFO: [ app_begin ] --START--
INFO: Run Behavior\ReadHtmlCacheBehavior [ RunTime:0.001476s ]
INFO: [ app_begin ] --END-- [ RunTime:0.001568s ]
SQL: SHOW COLUMNS FROM `we_ad` [ RunTime:0.0027s ]
SQL: SELECT `id`,`img`,`address` FROM `we_ad` WHERE `status` = 1  [ RunTime:0.0003s ]
SQL: SHOW COLUMNS FROM `we_course` [ RunTime:0.0041s ]
SQL: SHOW COLUMNS FROM `we_course` [ RunTime:0.0028s ]
SQL: SELECT `id`,`name`,`head_image`,`image` FROM `we_course` WHERE `status` = 1 LIMIT 3   [ RunTime:0.0003s ]
SQL: SHOW COLUMNS FROM `we_collection` [ RunTime:0.0026s ]
SQL: SELECT COUNT(id) AS tp_count FROM `we_collection` WHERE `status` = 1 AND `course_id` = 1 LIMIT 1   [ RunTime:0.0003s ]
SQL: SELECT * FROM `we_collection` WHERE `course_id` = 1 AND `user_id` = 55 LIMIT 1   [ RunTime:0.0002s ]
NOTIC: [8] Undefined variable: lists F:\XAMPP\htdocs\toget\Application\Home\Model\CourseModel.class.php 第 13 行.
SQL: SELECT COUNT(id) AS tp_count FROM `we_collection` WHERE `status` = 1 AND `course_id` = 2 LIMIT 1   [ RunTime:0.0002s ]
SQL: SELECT * FROM `we_collection` WHERE `course_id` = 2 AND `user_id` = 55 LIMIT 1   [ RunTime:0.0002s ]
NOTIC: [8] Undefined variable: lists F:\XAMPP\htdocs\toget\Application\Home\Model\CourseModel.class.php 第 13 行.
SQL: SELECT COUNT(id) AS tp_count FROM `we_collection` WHERE `status` = 1 AND `course_id` = 3 LIMIT 1   [ RunTime:0.0002s ]
SQL: SELECT * FROM `we_collection` WHERE `course_id` = 3 AND `user_id` = 55 LIMIT 1   [ RunTime:0.0002s ]
NOTIC: [8] Undefined variable: lists F:\XAMPP\htdocs\toget\Application\Home\Model\CourseModel.class.php 第 13 行.

[ 2017-05-21T13:49:16+08:00 ] 192.168.199.105 /index.php/home/course/detail
INFO: [ app_init ] --START--
INFO: Run Behavior\BuildLiteBehavior [ RunTime:0.000031s ]
INFO: [ app_init ] --END-- [ RunTime:0.001028s ]
INFO: [ app_begin ] --START--
INFO: Run Behavior\ReadHtmlCacheBehavior [ RunTime:0.001319s ]
INFO: [ app_begin ] --END-- [ RunTime:0.001431s ]
SQL: SHOW COLUMNS FROM `we_course` [ RunTime:0.0035s ]
SQL: SHOW COLUMNS FROM `we_course` [ RunTime:0.0032s ]
SQL: SELECT `image`,`name`,`id` FROM `we_course` WHERE `id` = 1 AND `status` = 1 LIMIT 1   [ RunTime:0.0003s ]
SQL: SHOW COLUMNS FROM `we_test` [ RunTime:0.0033s ]
SQL: SELECT COUNT(id) AS tp_count FROM `we_test` WHERE `course_id` = 1 AND `type` = 1 AND `status` > 0 LIMIT 1   [ RunTime:0.0003s ]
SQL: SELECT COUNT(id) AS tp_count FROM `we_test` WHERE `status` = 2 AND `course_id` = 1 AND `type` = 1 LIMIT 1   [ RunTime:0.0002s ]
SQL: SHOW COLUMNS FROM `we_chapter` [ RunTime:0.0028s ]
SQL: SELECT COUNT(id) AS tp_count FROM `we_chapter` WHERE `course_id` = 1 AND `status` > 0 LIMIT 1   [ RunTime:0.0003s ]
SQL: SELECT COUNT(id) AS tp_count FROM `we_chapter` WHERE `status` = 2 AND `course_id` = 1 LIMIT 1   [ RunTime:0.0002s ]
SQL: SELECT COUNT(id) AS tp_count FROM `we_test` WHERE `course_id` = 1 AND `type` = 2 AND `status` > 0 LIMIT 1   [ RunTime:0.0002s ]
SQL: SELECT COUNT(id) AS tp_count FROM `we_test` WHERE `status` = 2 AND `course_id` = 1 AND `type` = 2 LIMIT 1   [ RunTime:0.0002s ]

[ 2017-05-21T13:49:17+08:00 ] 192.168.199.105 /index.php/home/course/getchapter
INFO: [ app_init ] --START--
INFO: Run Behavior\BuildLiteBehavior [ RunTime:0.000019s ]
INFO: [ app_init ] --END-- [ RunTime:0.000587s ]
INFO: [ app_begin ] --START--
INFO: Run Behavior\ReadHtmlCacheBehavior [ RunTime:0.000871s ]
INFO: [ app_begin ] --END-- [ RunTime:0.000946s ]
SQL: SHOW COLUMNS FROM `we_chapter` [ RunTime:0.0042s ]
SQL: SELECT * FROM `we_chapter` WHERE `status` > 0 AND `course_id` = 1  [ RunTime:0.0004s ]

[ 2017-05-21T13:49:20+08:00 ] 192.168.199.105 /index.php/home/question/getquestion
INFO: [ app_init ] --START--
INFO: Run Behavior\BuildLiteBehavior [ RunTime:0.000026s ]
INFO: [ app_init ] --END-- [ RunTime:0.000852s ]
INFO: [ app_begin ] --START--
INFO: Run Behavior\ReadHtmlCacheBehavior [ RunTime:0.001286s ]
INFO: [ app_begin ] --END-- [ RunTime:0.001396s ]
SQL: SHOW COLUMNS FROM `we_question` [ RunTime:0.0027s ]
SQL: SELECT `id`,`sn`,`stem`,`question_type`,`explain` FROM `we_question` WHERE `status` = 1 AND `course_id` = 1 AND `type` = 1 AND `obj_id` = 1  [ RunTime:0.0003s ]
SQL: SHOW COLUMNS FROM `we_answer` [ RunTime:0.0026s ]
SQL: SELECT `content`,`is_true`,`sn` FROM `we_answer` WHERE `question_id` = 1  [ RunTime:0.0003s ]
SQL: SELECT `content`,`is_true`,`sn` FROM `we_answer` WHERE `question_id` = 2  [ RunTime:0.0002s ]
SQL: SELECT `content`,`is_true`,`sn` FROM `we_answer` WHERE `question_id` = 3  [ RunTime:0.0002s ]
SQL: SELECT `content`,`is_true`,`sn` FROM `we_answer` WHERE `question_id` = 7  [ RunTime:0.0002s ]
SQL: SELECT `content`,`is_true`,`sn` FROM `we_answer` WHERE `question_id` = 8  [ RunTime:0.0002s ]

[ 2017-05-21T13:49:30+08:00 ] 192.168.199.105 /index.php/home/course/getchapter
INFO: [ app_init ] --START--
INFO: Run Behavior\BuildLiteBehavior [ RunTime:0.000019s ]
INFO: [ app_init ] --END-- [ RunTime:0.000610s ]
INFO: [ app_begin ] --START--
INFO: Run Behavior\ReadHtmlCacheBehavior [ RunTime:0.000906s ]
INFO: [ app_begin ] --END-- [ RunTime:0.000984s ]
SQL: SHOW COLUMNS FROM `we_chapter` [ RunTime:0.0039s ]
SQL: SELECT * FROM `we_chapter` WHERE `status` > 0 AND `course_id` = 1  [ RunTime:0.0005s ]

[ 2017-05-21T13:49:30+08:00 ] 192.168.199.105 /index.php/home/course/detail
INFO: [ app_init ] --START--
INFO: Run Behavior\BuildLiteBehavior [ RunTime:0.000033s ]
INFO: [ app_init ] --END-- [ RunTime:0.000969s ]
INFO: [ app_begin ] --START--
INFO: Run Behavior\ReadHtmlCacheBehavior [ RunTime:0.000990s ]
INFO: [ app_begin ] --END-- [ RunTime:0.001083s ]
SQL: SHOW COLUMNS FROM `we_course` [ RunTime:0.0028s ]
SQL: SHOW COLUMNS FROM `we_course` [ RunTime:0.0030s ]
SQL: SELECT `image`,`name`,`id` FROM `we_course` WHERE `id` = 1 AND `status` = 1 LIMIT 1   [ RunTime:0.0003s ]
SQL: SHOW COLUMNS FROM `we_test` [ RunTime:0.0026s ]
SQL: SELECT COUNT(id) AS tp_count FROM `we_test` WHERE `course_id` = 1 AND `type` = 1 AND `status` > 0 LIMIT 1   [ RunTime:0.0003s ]
SQL: SELECT COUNT(id) AS tp_count FROM `we_test` WHERE `status` = 2 AND `course_id` = 1 AND `type` = 1 LIMIT 1   [ RunTime:0.0002s ]
SQL: SHOW COLUMNS FROM `we_chapter` [ RunTime:0.0030s ]
SQL: SELECT COUNT(id) AS tp_count FROM `we_chapter` WHERE `course_id` = 1 AND `status` > 0 LIMIT 1   [ RunTime:0.0003s ]
SQL: SELECT COUNT(id) AS tp_count FROM `we_chapter` WHERE `status` = 2 AND `course_id` = 1 LIMIT 1   [ RunTime:0.0002s ]
SQL: SELECT COUNT(id) AS tp_count FROM `we_test` WHERE `course_id` = 1 AND `type` = 2 AND `status` > 0 LIMIT 1   [ RunTime:0.0002s ]
SQL: SELECT COUNT(id) AS tp_count FROM `we_test` WHERE `status` = 2 AND `course_id` = 1 AND `type` = 2 LIMIT 1   [ RunTime:0.0002s ]

[ 2017-05-21T13:49:32+08:00 ] 192.168.199.105 /index.php/home/index/index
INFO: [ app_init ] --START--
INFO: Run Behavior\BuildLiteBehavior [ RunTime:0.000015s ]
INFO: [ app_init ] --END-- [ RunTime:0.000463s ]
INFO: [ app_begin ] --START--
INFO: Run Behavior\ReadHtmlCacheBehavior [ RunTime:0.000721s ]
INFO: [ app_begin ] --END-- [ RunTime:0.000786s ]
SQL: SHOW COLUMNS FROM `we_ad` [ RunTime:0.0030s ]
SQL: SELECT `id`,`img`,`address` FROM `we_ad` WHERE `status` = 1  [ RunTime:0.0003s ]
SQL: SHOW COLUMNS FROM `we_course` [ RunTime:0.0027s ]
SQL: SHOW COLUMNS FROM `we_course` [ RunTime:0.0048s ]
SQL: SELECT `id`,`name`,`head_image`,`image` FROM `we_course` WHERE `status` = 1 LIMIT 3   [ RunTime:0.0003s ]
SQL: SHOW COLUMNS FROM `we_collection` [ RunTime:0.0030s ]
SQL: SELECT COUNT(id) AS tp_count FROM `we_collection` WHERE `status` = 1 AND `course_id` = 1 LIMIT 1   [ RunTime:0.0003s ]
SQL: SELECT * FROM `we_collection` WHERE `course_id` = 1 AND `user_id` = 55 LIMIT 1   [ RunTime:0.0002s ]
NOTIC: [8] Undefined variable: lists F:\XAMPP\htdocs\toget\Application\Home\Model\CourseModel.class.php 第 13 行.
SQL: SELECT COUNT(id) AS tp_count FROM `we_collection` WHERE `status` = 1 AND `course_id` = 2 LIMIT 1   [ RunTime:0.0002s ]
SQL: SELECT * FROM `we_collection` WHERE `course_id` = 2 AND `user_id` = 55 LIMIT 1   [ RunTime:0.0002s ]
NOTIC: [8] Undefined variable: lists F:\XAMPP\htdocs\toget\Application\Home\Model\CourseModel.class.php 第 13 行.
SQL: SELECT COUNT(id) AS tp_count FROM `we_collection` WHERE `status` = 1 AND `course_id` = 3 LIMIT 1   [ RunTime:0.0002s ]
SQL: SELECT * FROM `we_collection` WHERE `course_id` = 3 AND `user_id` = 55 LIMIT 1   [ RunTime:0.0002s ]
NOTIC: [8] Undefined variable: lists F:\XAMPP\htdocs\toget\Application\Home\Model\CourseModel.class.php 第 13 行.

[ 2017-05-21T13:49:44+08:00 ] 192.168.199.105 /index.php/home/category/lists
INFO: [ app_init ] --START--
INFO: Run Behavior\BuildLiteBehavior [ RunTime:0.000015s ]
INFO: [ app_init ] --END-- [ RunTime:0.000456s ]
INFO: [ app_begin ] --START--
INFO: Run Behavior\ReadHtmlCacheBehavior [ RunTime:0.000803s ]
INFO: [ app_begin ] --END-- [ RunTime:0.000865s ]
SQL: SHOW COLUMNS FROM `we_category` [ RunTime:0.0029s ]
SQL: SELECT * FROM `we_category` WHERE `status` = 1 AND `parent_id` = 0  [ RunTime:0.0570s ]

[ 2017-05-21T13:49:46+08:00 ] 192.168.199.105 /index.php/home/category/lists
INFO: [ app_init ] --START--
INFO: Run Behavior\BuildLiteBehavior [ RunTime:0.000015s ]
INFO: [ app_init ] --END-- [ RunTime:0.000503s ]
INFO: [ app_begin ] --START--
INFO: Run Behavior\ReadHtmlCacheBehavior [ RunTime:0.000855s ]
INFO: [ app_begin ] --END-- [ RunTime:0.000920s ]
SQL: SHOW COLUMNS FROM `we_category` [ RunTime:0.0032s ]
SQL: SELECT * FROM `we_category` WHERE `status` = 1 AND `parent_id` = 1  [ RunTime:0.0003s ]
SQL: SELECT `name`,`id` FROM `we_category` WHERE `status` = 1 AND `parent_id` = 8  [ RunTime:0.0003s ]
SQL: SELECT `name`,`id` FROM `we_category` WHERE `status` = 1 AND `parent_id` = 9  [ RunTime:0.0003s ]
SQL: SELECT * FROM `we_category` WHERE `id` = 1 LIMIT 1   [ RunTime:0.0002s ]

[ 2017-05-21T13:49:47+08:00 ] 192.168.199.105 /index.php/home/course/lists
INFO: [ app_init ] --START--
INFO: Run Behavior\BuildLiteBehavior [ RunTime:0.000017s ]
INFO: [ app_init ] --END-- [ RunTime:0.000661s ]
INFO: [ app_begin ] --START--
INFO: Run Behavior\ReadHtmlCacheBehavior [ RunTime:0.001011s ]
INFO: [ app_begin ] --END-- [ RunTime:0.001086s ]
SQL: SHOW COLUMNS FROM `we_course` [ RunTime:0.0035s ]
NOTIC: [2] Missing argument 2 for Home\Model\CourseModel::lists(), called in F:\XAMPP\htdocs\toget\Application\Home\Controller\CourseController.class.php on line 32 and defined F:\XAMPP\htdocs\toget\Application\Home\Model\CourseModel.class.php 第 5 行.
SQL: SHOW COLUMNS FROM `we_course` [ RunTime:0.0044s ]
SQL: SELECT `id`,`name`,`head_image`,`image` FROM `we_course` WHERE `status` = 1 AND `category_id` = 10 LIMIT 3   [ RunTime:0.0004s ]
NOTIC: [8] Undefined variable: id F:\XAMPP\htdocs\toget\Application\Home\Model\CourseModel.class.php 第 9 行.
SQL: SHOW COLUMNS FROM `we_collection` [ RunTime:0.0041s ]
SQL: SELECT COUNT(id) AS tp_count FROM `we_collection` WHERE `status` = 1 AND `course_id` = 1 LIMIT 1   [ RunTime:0.0004s ]
SQL: SELECT * FROM `we_collection` WHERE `course_id` = 1 AND `user_id` = null LIMIT 1   [ RunTime:0.0004s ]
NOTIC: [8] Undefined variable: lists F:\XAMPP\htdocs\toget\Application\Home\Model\CourseModel.class.php 第 13 行.
NOTIC: [8] Undefined variable: id F:\XAMPP\htdocs\toget\Application\Home\Model\CourseModel.class.php 第 9 行.
SQL: SELECT COUNT(id) AS tp_count FROM `we_collection` WHERE `status` = 1 AND `course_id` = 2 LIMIT 1   [ RunTime:0.0003s ]
SQL: SELECT * FROM `we_collection` WHERE `course_id` = 2 AND `user_id` = null LIMIT 1   [ RunTime:0.0003s ]
NOTIC: [8] Undefined variable: lists F:\XAMPP\htdocs\toget\Application\Home\Model\CourseModel.class.php 第 13 行.
NOTIC: [8] Undefined variable: id F:\XAMPP\htdocs\toget\Application\Home\Model\CourseModel.class.php 第 9 行.
SQL: SELECT COUNT(id) AS tp_count FROM `we_collection` WHERE `status` = 1 AND `course_id` = 3 LIMIT 1   [ RunTime:0.0003s ]
SQL: SELECT * FROM `we_collection` WHERE `course_id` = 3 AND `user_id` = null LIMIT 1   [ RunTime:0.0003s ]
NOTIC: [8] Undefined variable: lists F:\XAMPP\htdocs\toget\Application\Home\Model\CourseModel.class.php 第 13 行.
SQL: SHOW COLUMNS FROM `we_category` [ RunTime:0.0036s ]
SQL: SELECT `name` FROM `we_category` LIMIT 1   [ RunTime:0.0003s ]

[ 2017-05-21T13:49:47+08:00 ] 192.168.199.105 /
INFO: [ app_init ] --START--
INFO: Run Behavior\BuildLiteBehavior [ RunTime:0.000036s ]
INFO: [ app_init ] --END-- [ RunTime:0.001359s ]
INFO: [ app_begin ] --START--
INFO: Run Behavior\ReadHtmlCacheBehavior [ RunTime:0.002715s ]
INFO: [ app_begin ] --END-- [ RunTime:0.002988s ]
SQL: SHOW COLUMNS FROM `we_ad` [ RunTime:0.0032s ]
SQL: SELECT `id`,`img`,`address` FROM `we_ad` WHERE `status` = 1  [ RunTime:0.0004s ]
SQL: SHOW COLUMNS FROM `we_course` [ RunTime:0.0045s ]
SQL: SHOW COLUMNS FROM `we_course` [ RunTime:0.0042s ]
SQL: SELECT `id`,`name`,`head_image`,`image` FROM `we_course` WHERE `status` = 1 LIMIT 3   [ RunTime:0.0004s ]
SQL: SHOW COLUMNS FROM `we_collection` [ RunTime:0.0040s ]
SQL: SELECT COUNT(id) AS tp_count FROM `we_collection` WHERE `status` = 1 AND `course_id` = 1 LIMIT 1   [ RunTime:0.0004s ]
SQL: SELECT * FROM `we_collection` WHERE `course_id` = 1 AND `user_id` = 0 LIMIT 1   [ RunTime:0.0003s ]
NOTIC: [8] Undefined variable: lists F:\XAMPP\htdocs\toget\Application\Home\Model\CourseModel.class.php 第 13 行.
SQL: SELECT COUNT(id) AS tp_count FROM `we_collection` WHERE `status` = 1 AND `course_id` = 2 LIMIT 1   [ RunTime:0.0003s ]
SQL: SELECT * FROM `we_collection` WHERE `course_id` = 2 AND `user_id` = 0 LIMIT 1   [ RunTime:0.0003s ]
NOTIC: [8] Undefined variable: lists F:\XAMPP\htdocs\toget\Application\Home\Model\CourseModel.class.php 第 13 行.
SQL: SELECT COUNT(id) AS tp_count FROM `we_collection` WHERE `status` = 1 AND `course_id` = 3 LIMIT 1   [ RunTime:0.0002s ]
SQL: SELECT * FROM `we_collection` WHERE `course_id` = 3 AND `user_id` = 0 LIMIT 1   [ RunTime:0.0003s ]
NOTIC: [8] Undefined variable: lists F:\XAMPP\htdocs\toget\Application\Home\Model\CourseModel.class.php 第 13 行.

[ 2017-05-21T13:49:48+08:00 ] 192.168.199.105 /index.php/home/course/detail
INFO: [ app_init ] --START--
INFO: Run Behavior\BuildLiteBehavior [ RunTime:0.000015s ]
INFO: [ app_init ] --END-- [ RunTime:0.000458s ]
INFO: [ app_begin ] --START--
INFO: Run Behavior\ReadHtmlCacheBehavior [ RunTime:0.001056s ]
INFO: [ app_begin ] --END-- [ RunTime:0.001124s ]
SQL: SHOW COLUMNS FROM `we_course` [ RunTime:0.0030s ]
SQL: SHOW COLUMNS FROM `we_course` [ RunTime:0.0034s ]
SQL: SELECT `image`,`name`,`id` FROM `we_course` WHERE `id` = 1 AND `status` = 1 LIMIT 1   [ RunTime:0.0003s ]
SQL: SHOW COLUMNS FROM `we_test` [ RunTime:0.0040s ]
SQL: SELECT COUNT(id) AS tp_count FROM `we_test` WHERE `course_id` = 1 AND `type` = 1 AND `status` > 0 LIMIT 1   [ RunTime:0.0003s ]
SQL: SELECT COUNT(id) AS tp_count FROM `we_test` WHERE `status` = 2 AND `course_id` = 1 AND `type` = 1 LIMIT 1   [ RunTime:0.0003s ]
SQL: SHOW COLUMNS FROM `we_chapter` [ RunTime:0.0033s ]
SQL: SELECT COUNT(id) AS tp_count FROM `we_chapter` WHERE `course_id` = 1 AND `status` > 0 LIMIT 1   [ RunTime:0.0003s ]
SQL: SELECT COUNT(id) AS tp_count FROM `we_chapter` WHERE `status` = 2 AND `course_id` = 1 LIMIT 1   [ RunTime:0.0003s ]
SQL: SELECT COUNT(id) AS tp_count FROM `we_test` WHERE `course_id` = 1 AND `type` = 2 AND `status` > 0 LIMIT 1   [ RunTime:0.0003s ]
SQL: SELECT COUNT(id) AS tp_count FROM `we_test` WHERE `status` = 2 AND `course_id` = 1 AND `type` = 2 LIMIT 1   [ RunTime:0.0003s ]

[ 2017-05-21T13:49:49+08:00 ] 192.168.199.105 /index.php/home/course/getchapter
INFO: [ app_init ] --START--
INFO: Run Behavior\BuildLiteBehavior [ RunTime:0.000012s ]
INFO: [ app_init ] --END-- [ RunTime:0.000379s ]
INFO: [ app_begin ] --START--
INFO: Run Behavior\ReadHtmlCacheBehavior [ RunTime:0.000656s ]
INFO: [ app_begin ] --END-- [ RunTime:0.000714s ]
SQL: SHOW COLUMNS FROM `we_chapter` [ RunTime:0.0026s ]
SQL: SELECT * FROM `we_chapter` WHERE `status` > 0 AND `course_id` = 1  [ RunTime:0.0004s ]

[ 2017-05-21T13:49:50+08:00 ] 192.168.199.105 /index.php/home/question/getquestion
INFO: [ app_init ] --START--
INFO: Run Behavior\BuildLiteBehavior [ RunTime:0.000022s ]
INFO: [ app_init ] --END-- [ RunTime:0.000704s ]
INFO: [ app_begin ] --START--
INFO: Run Behavior\ReadHtmlCacheBehavior [ RunTime:0.001942s ]
INFO: [ app_begin ] --END-- [ RunTime:0.002091s ]
SQL: SHOW COLUMNS FROM `we_question` [ RunTime:0.0026s ]
SQL: SELECT `id`,`sn`,`stem`,`question_type`,`explain` FROM `we_question` WHERE `status` = 1 AND `course_id` = 1 AND `type` = 1 AND `obj_id` = 3  [ RunTime:0.0003s ]
SQL: SHOW COLUMNS FROM `we_answer` [ RunTime:0.0036s ]
SQL: SELECT `content`,`is_true`,`sn` FROM `we_answer` WHERE `question_id` = 5  [ RunTime:0.0003s ]

[ 2017-05-21T13:49:51+08:00 ] 192.168.199.105 /index.php/home/course/getchapter
INFO: [ app_init ] --START--
INFO: Run Behavior\BuildLiteBehavior [ RunTime:0.000012s ]
INFO: [ app_init ] --END-- [ RunTime:0.000397s ]
INFO: [ app_begin ] --START--
INFO: Run Behavior\ReadHtmlCacheBehavior [ RunTime:0.000627s ]
INFO: [ app_begin ] --END-- [ RunTime:0.000674s ]
SQL: SHOW COLUMNS FROM `we_chapter` [ RunTime:0.0039s ]
SQL: SELECT * FROM `we_chapter` WHERE `status` > 0 AND `course_id` = 1  [ RunTime:0.0004s ]

[ 2017-05-21T13:49:52+08:00 ] 192.168.199.105 /index.php/home/question/getquestion
INFO: [ app_init ] --START--
INFO: Run Behavior\BuildLiteBehavior [ RunTime:0.000018s ]
INFO: [ app_init ] --END-- [ RunTime:0.000626s ]
INFO: [ app_begin ] --START--
INFO: Run Behavior\ReadHtmlCacheBehavior [ RunTime:0.001011s ]
INFO: [ app_begin ] --END-- [ RunTime:0.001103s ]
SQL: SHOW COLUMNS FROM `we_question` [ RunTime:0.0029s ]
SQL: SELECT `id`,`sn`,`stem`,`question_type`,`explain` FROM `we_question` WHERE `status` = 1 AND `course_id` = 1 AND `type` = 1 AND `obj_id` = 1  [ RunTime:0.0003s ]
SQL: SHOW COLUMNS FROM `we_answer` [ RunTime:0.0028s ]
SQL: SELECT `content`,`is_true`,`sn` FROM `we_answer` WHERE `question_id` = 1  [ RunTime:0.0003s ]
SQL: SELECT `content`,`is_true`,`sn` FROM `we_answer` WHERE `question_id` = 2  [ RunTime:0.0002s ]
SQL: SELECT `content`,`is_true`,`sn` FROM `we_answer` WHERE `question_id` = 3  [ RunTime:0.0002s ]
SQL: SELECT `content`,`is_true`,`sn` FROM `we_answer` WHERE `question_id` = 7  [ RunTime:0.0002s ]
SQL: SELECT `content`,`is_true`,`sn` FROM `we_answer` WHERE `question_id` = 8  [ RunTime:0.0002s ]

[ 2017-05-21T13:49:56+08:00 ] 192.168.199.105 /index.php/home/course/getchapter
INFO: [ app_init ] --START--
INFO: Run Behavior\BuildLiteBehavior [ RunTime:0.000026s ]
INFO: [ app_init ] --END-- [ RunTime:0.001092s ]
INFO: [ app_begin ] --START--
INFO: Run Behavior\ReadHtmlCacheBehavior [ RunTime:0.000979s ]
INFO: [ app_begin ] --END-- [ RunTime:0.001060s ]
SQL: SHOW COLUMNS FROM `we_chapter` [ RunTime:0.0047s ]
SQL: SELECT * FROM `we_chapter` WHERE `status` > 0 AND `course_id` = 1  [ RunTime:0.0005s ]

[ 2017-05-21T13:49:57+08:00 ] 192.168.199.105 /index.php/home/course/detail
INFO: [ app_init ] --START--
INFO: Run Behavior\BuildLiteBehavior [ RunTime:0.000018s ]
INFO: [ app_init ] --END-- [ RunTime:0.000571s ]
INFO: [ app_begin ] --START--
INFO: Run Behavior\ReadHtmlCacheBehavior [ RunTime:0.001053s ]
INFO: [ app_begin ] --END-- [ RunTime:0.001137s ]
SQL: SHOW COLUMNS FROM `we_course` [ RunTime:0.0029s ]
SQL: SHOW COLUMNS FROM `we_course` [ RunTime:0.0033s ]
SQL: SELECT `image`,`name`,`id` FROM `we_course` WHERE `id` = 1 AND `status` = 1 LIMIT 1   [ RunTime:0.0004s ]
SQL: SHOW COLUMNS FROM `we_test` [ RunTime:0.0031s ]
SQL: SELECT COUNT(id) AS tp_count FROM `we_test` WHERE `course_id` = 1 AND `type` = 1 AND `status` > 0 LIMIT 1   [ RunTime:0.0004s ]
SQL: SELECT COUNT(id) AS tp_count FROM `we_test` WHERE `status` = 2 AND `course_id` = 1 AND `type` = 1 LIMIT 1   [ RunTime:0.0003s ]
SQL: SHOW COLUMNS FROM `we_chapter` [ RunTime:0.0030s ]
SQL: SELECT COUNT(id) AS tp_count FROM `we_chapter` WHERE `course_id` = 1 AND `status` > 0 LIMIT 1   [ RunTime:0.0003s ]
SQL: SELECT COUNT(id) AS tp_count FROM `we_chapter` WHERE `status` = 2 AND `course_id` = 1 LIMIT 1   [ RunTime:0.0003s ]
SQL: SELECT COUNT(id) AS tp_count FROM `we_test` WHERE `course_id` = 1 AND `type` = 2 AND `status` > 0 LIMIT 1   [ RunTime:0.0005s ]
SQL: SELECT COUNT(id) AS tp_count FROM `we_test` WHERE `status` = 2 AND `course_id` = 1 AND `type` = 2 LIMIT 1   [ RunTime:0.0003s ]

[ 2017-05-21T13:49:58+08:00 ] 192.168.199.105 /index.php/home/course/lists
INFO: [ app_init ] --START--
INFO: Run Behavior\BuildLiteBehavior [ RunTime:0.000017s ]
INFO: [ app_init ] --END-- [ RunTime:0.000579s ]
INFO: [ app_begin ] --START--
INFO: Run Behavior\ReadHtmlCacheBehavior [ RunTime:0.001076s ]
INFO: [ app_begin ] --END-- [ RunTime:0.001166s ]
SQL: SHOW COLUMNS FROM `we_course` [ RunTime:0.0038s ]
NOTIC: [2] Missing argument 2 for Home\Model\CourseModel::lists(), called in F:\XAMPP\htdocs\toget\Application\Home\Controller\CourseController.class.php on line 32 and defined F:\XAMPP\htdocs\toget\Application\Home\Model\CourseModel.class.php 第 5 行.
SQL: SHOW COLUMNS FROM `we_course` [ RunTime:0.0036s ]
SQL: SELECT `id`,`name`,`head_image`,`image` FROM `we_course` WHERE `status` = 1 AND `category_id` = 10 LIMIT 3   [ RunTime:0.0004s ]
NOTIC: [8] Undefined variable: id F:\XAMPP\htdocs\toget\Application\Home\Model\CourseModel.class.php 第 9 行.
SQL: SHOW COLUMNS FROM `we_collection` [ RunTime:0.0047s ]
SQL: SELECT COUNT(id) AS tp_count FROM `we_collection` WHERE `status` = 1 AND `course_id` = 1 LIMIT 1   [ RunTime:0.0004s ]
SQL: SELECT * FROM `we_collection` WHERE `course_id` = 1 AND `user_id` = null LIMIT 1   [ RunTime:0.0003s ]
NOTIC: [8] Undefined variable: lists F:\XAMPP\htdocs\toget\Application\Home\Model\CourseModel.class.php 第 13 行.
NOTIC: [8] Undefined variable: id F:\XAMPP\htdocs\toget\Application\Home\Model\CourseModel.class.php 第 9 行.
SQL: SELECT COUNT(id) AS tp_count FROM `we_collection` WHERE `status` = 1 AND `course_id` = 2 LIMIT 1   [ RunTime:0.0003s ]
SQL: SELECT * FROM `we_collection` WHERE `course_id` = 2 AND `user_id` = null LIMIT 1   [ RunTime:0.0003s ]
NOTIC: [8] Undefined variable: lists F:\XAMPP\htdocs\toget\Application\Home\Model\CourseModel.class.php 第 13 行.
NOTIC: [8] Undefined variable: id F:\XAMPP\htdocs\toget\Application\Home\Model\CourseModel.class.php 第 9 行.
SQL: SELECT COUNT(id) AS tp_count FROM `we_collection` WHERE `status` = 1 AND `course_id` = 3 LIMIT 1   [ RunTime:0.0003s ]
SQL: SELECT * FROM `we_collection` WHERE `course_id` = 3 AND `user_id` = null LIMIT 1   [ RunTime:0.0003s ]
NOTIC: [8] Undefined variable: lists F:\XAMPP\htdocs\toget\Application\Home\Model\CourseModel.class.php 第 13 行.
SQL: SHOW COLUMNS FROM `we_category` [ RunTime:0.0036s ]
SQL: SELECT `name` FROM `we_category` LIMIT 1   [ RunTime:0.0003s ]

[ 2017-05-21T13:49:58+08:00 ] 192.168.199.105 /
INFO: [ app_init ] --START--
INFO: Run Behavior\BuildLiteBehavior [ RunTime:0.000018s ]
INFO: [ app_init ] --END-- [ RunTime:0.000570s ]
INFO: [ app_begin ] --START--
INFO: Run Behavior\ReadHtmlCacheBehavior [ RunTime:0.000860s ]
INFO: [ app_begin ] --END-- [ RunTime:0.000931s ]
SQL: SHOW COLUMNS FROM `we_ad` [ RunTime:0.0027s ]
SQL: SELECT `id`,`img`,`address` FROM `we_ad` WHERE `status` = 1  [ RunTime:0.0003s ]
SQL: SHOW COLUMNS FROM `we_course` [ RunTime:0.0027s ]
SQL: SHOW COLUMNS FROM `we_course` [ RunTime:0.0025s ]
SQL: SELECT `id`,`name`,`head_image`,`image` FROM `we_course` WHERE `status` = 1 LIMIT 3   [ RunTime:0.0003s ]
SQL: SHOW COLUMNS FROM `we_collection` [ RunTime:0.0026s ]
SQL: SELECT COUNT(id) AS tp_count FROM `we_collection` WHERE `status` = 1 AND `course_id` = 1 LIMIT 1   [ RunTime:0.0002s ]
SQL: SELECT * FROM `we_collection` WHERE `course_id` = 1 AND `user_id` = 0 LIMIT 1   [ RunTime:0.0002s ]
NOTIC: [8] Undefined variable: lists F:\XAMPP\htdocs\toget\Application\Home\Model\CourseModel.class.php 第 13 行.
SQL: SELECT COUNT(id) AS tp_count FROM `we_collection` WHERE `status` = 1 AND `course_id` = 2 LIMIT 1   [ RunTime:0.0002s ]
SQL: SELECT * FROM `we_collection` WHERE `course_id` = 2 AND `user_id` = 0 LIMIT 1   [ RunTime:0.0002s ]
NOTIC: [8] Undefined variable: lists F:\XAMPP\htdocs\toget\Application\Home\Model\CourseModel.class.php 第 13 行.
SQL: SELECT COUNT(id) AS tp_count FROM `we_collection` WHERE `status` = 1 AND `course_id` = 3 LIMIT 1   [ RunTime:0.0002s ]
SQL: SELECT * FROM `we_collection` WHERE `course_id` = 3 AND `user_id` = 0 LIMIT 1   [ RunTime:0.0002s ]
NOTIC: [8] Undefined variable: lists F:\XAMPP\htdocs\toget\Application\Home\Model\CourseModel.class.php 第 13 行.

[ 2017-05-21T13:49:59+08:00 ] 192.168.199.105 /index.php/home/category/lists
INFO: [ app_init ] --START--
INFO: Run Behavior\BuildLiteBehavior [ RunTime:0.000035s ]
INFO: [ app_init ] --END-- [ RunTime:0.001123s ]
INFO: [ app_begin ] --START--
INFO: Run Behavior\ReadHtmlCacheBehavior [ RunTime:0.001257s ]
INFO: [ app_begin ] --END-- [ RunTime:0.001354s ]
SQL: SHOW COLUMNS FROM `we_category` [ RunTime:0.0034s ]
SQL: SELECT * FROM `we_category` WHERE `status` = 1 AND `parent_id` = 1  [ RunTime:0.0005s ]
SQL: SELECT `name`,`id` FROM `we_category` WHERE `status` = 1 AND `parent_id` = 8  [ RunTime:0.0003s ]
SQL: SELECT `name`,`id` FROM `we_category` WHERE `status` = 1 AND `parent_id` = 9  [ RunTime:0.0003s ]
SQL: SELECT * FROM `we_category` WHERE `id` = 1 LIMIT 1   [ RunTime:0.0003s ]

[ 2017-05-21T13:50:00+08:00 ] 192.168.199.105 /index.php/home/category/lists
INFO: [ app_init ] --START--
INFO: Run Behavior\BuildLiteBehavior [ RunTime:0.000017s ]
INFO: [ app_init ] --END-- [ RunTime:0.000573s ]
INFO: [ app_begin ] --START--
INFO: Run Behavior\ReadHtmlCacheBehavior [ RunTime:0.001106s ]
INFO: [ app_begin ] --END-- [ RunTime:0.001185s ]
SQL: SHOW COLUMNS FROM `we_category` [ RunTime:0.0027s ]
SQL: SELECT * FROM `we_category` WHERE `status` = 1 AND `parent_id` = 0  [ RunTime:0.0004s ]

[ 2017-05-21T13:50:01+08:00 ] 192.168.199.105 /index.php/home/index/index
INFO: [ app_init ] --START--
INFO: Run Behavior\BuildLiteBehavior [ RunTime:0.000021s ]
INFO: [ app_init ] --END-- [ RunTime:0.000638s ]
INFO: [ app_begin ] --START--
INFO: Run Behavior\ReadHtmlCacheBehavior [ RunTime:0.000957s ]
INFO: [ app_begin ] --END-- [ RunTime:0.001064s ]
SQL: SHOW COLUMNS FROM `we_ad` [ RunTime:0.0033s ]
SQL: SELECT `id`,`img`,`address` FROM `we_ad` WHERE `status` = 1  [ RunTime:0.0004s ]
SQL: SHOW COLUMNS FROM `we_course` [ RunTime:0.0034s ]
SQL: SHOW COLUMNS FROM `we_course` [ RunTime:0.0035s ]
SQL: SELECT `id`,`name`,`head_image`,`image` FROM `we_course` WHERE `status` = 1 LIMIT 3   [ RunTime:0.0003s ]
SQL: SHOW COLUMNS FROM `we_collection` [ RunTime:0.0035s ]
SQL: SELECT COUNT(id) AS tp_count FROM `we_collection` WHERE `status` = 1 AND `course_id` = 1 LIMIT 1   [ RunTime:0.0003s ]
SQL: SELECT * FROM `we_collection` WHERE `course_id` = 1 AND `user_id` = 55 LIMIT 1   [ RunTime:0.0003s ]
NOTIC: [8] Undefined variable: lists F:\XAMPP\htdocs\toget\Application\Home\Model\CourseModel.class.php 第 13 行.
SQL: SELECT COUNT(id) AS tp_count FROM `we_collection` WHERE `status` = 1 AND `course_id` = 2 LIMIT 1   [ RunTime:0.0002s ]
SQL: SELECT * FROM `we_collection` WHERE `course_id` = 2 AND `user_id` = 55 LIMIT 1   [ RunTime:0.0002s ]
NOTIC: [8] Undefined variable: lists F:\XAMPP\htdocs\toget\Application\Home\Model\CourseModel.class.php 第 13 行.
SQL: SELECT COUNT(id) AS tp_count FROM `we_collection` WHERE `status` = 1 AND `course_id` = 3 LIMIT 1   [ RunTime:0.0002s ]
SQL: SELECT * FROM `we_collection` WHERE `course_id` = 3 AND `user_id` = 55 LIMIT 1   [ RunTime:0.0003s ]
NOTIC: [8] Undefined variable: lists F:\XAMPP\htdocs\toget\Application\Home\Model\CourseModel.class.php 第 13 行.

[ 2017-05-21T14:01:52+08:00 ] 127.0.0.1 /index.php/home/index/index
INFO: [ app_init ] --START--
INFO: Run Behavior\BuildLiteBehavior [ RunTime:0.000011s ]
INFO: [ app_init ] --END-- [ RunTime:0.000375s ]
INFO: [ app_begin ] --START--
INFO: Run Behavior\ReadHtmlCacheBehavior [ RunTime:0.000639s ]
INFO: [ app_begin ] --END-- [ RunTime:0.000688s ]
SQL: SHOW COLUMNS FROM `we_ad` [ RunTime:0.0028s ]
SQL: SELECT `id`,`img`,`address` FROM `we_ad` WHERE `status` = 1  [ RunTime:0.0004s ]
SQL: SHOW COLUMNS FROM `we_course` [ RunTime:0.0041s ]
SQL: SHOW COLUMNS FROM `we_course` [ RunTime:0.0031s ]
SQL: SELECT `id`,`name`,`head_image`,`image` FROM `we_course` WHERE `status` = 1 LIMIT 3   [ RunTime:0.0004s ]
SQL: SHOW COLUMNS FROM `we_collection` [ RunTime:0.0028s ]
SQL: SELECT COUNT(id) AS tp_count FROM `we_collection` WHERE `status` = 1 AND `course_id` = 1 LIMIT 1   [ RunTime:0.0004s ]
SQL: SELECT * FROM `we_collection` WHERE `course_id` = 1 AND `user_id` = 0 LIMIT 1   [ RunTime:0.0003s ]
NOTIC: [8] Undefined variable: lists F:\XAMPP\htdocs\toget\Application\Home\Model\CourseModel.class.php 第 13 行.
SQL: SELECT COUNT(id) AS tp_count FROM `we_collection` WHERE `status` = 1 AND `course_id` = 2 LIMIT 1   [ RunTime:0.0003s ]
SQL: SELECT * FROM `we_collection` WHERE `course_id` = 2 AND `user_id` = 0 LIMIT 1   [ RunTime:0.0004s ]
NOTIC: [8] Undefined variable: lists F:\XAMPP\htdocs\toget\Application\Home\Model\CourseModel.class.php 第 13 行.
SQL: SELECT COUNT(id) AS tp_count FROM `we_collection` WHERE `status` = 1 AND `course_id` = 3 LIMIT 1   [ RunTime:0.0003s ]
SQL: SELECT * FROM `we_collection` WHERE `course_id` = 3 AND `user_id` = 0 LIMIT 1   [ RunTime:0.0003s ]
NOTIC: [8] Undefined variable: lists F:\XAMPP\htdocs\toget\Application\Home\Model\CourseModel.class.php 第 13 行.

[ 2017-05-21T17:08:49+08:00 ] 192.168.199.218 /index.php/home/index/index
INFO: [ app_init ] --START--
INFO: Run Behavior\BuildLiteBehavior [ RunTime:0.000022s ]
INFO: [ app_init ] --END-- [ RunTime:0.037561s ]
INFO: [ app_begin ] --START--
INFO: Run Behavior\ReadHtmlCacheBehavior [ RunTime:0.247950s ]
INFO: [ app_begin ] --END-- [ RunTime:0.248106s ]
SQL: SHOW COLUMNS FROM `we_ad` [ RunTime:0.0030s ]
SQL: SELECT `id`,`img`,`address` FROM `we_ad` WHERE `status` = 1  [ RunTime:0.0425s ]
SQL: SHOW COLUMNS FROM `we_course` [ RunTime:0.0028s ]
SQL: SHOW COLUMNS FROM `we_course` [ RunTime:0.0035s ]
SQL: SELECT `id`,`name`,`head_image`,`image` FROM `we_course` WHERE `status` = 1 LIMIT 5   [ RunTime:0.0292s ]
SQL: SHOW COLUMNS FROM `we_collection` [ RunTime:0.0048s ]
SQL: SELECT COUNT(id) AS tp_count FROM `we_collection` WHERE `status` = 1 AND `course_id` = 1 LIMIT 1   [ RunTime:0.0122s ]
SQL: SELECT * FROM `we_collection` WHERE `course_id` = 1 AND `user_id` = 41 LIMIT 1   [ RunTime:0.0003s ]
NOTIC: [8] Undefined variable: lists F:\XAMPP\htdocs\toget\Application\Home\Model\CourseModel.class.php 第 13 行.
SQL: SELECT COUNT(id) AS tp_count FROM `we_collection` WHERE `status` = 1 AND `course_id` = 2 LIMIT 1   [ RunTime:0.0002s ]
SQL: SELECT * FROM `we_collection` WHERE `course_id` = 2 AND `user_id` = 41 LIMIT 1   [ RunTime:0.0002s ]
NOTIC: [8] Undefined variable: lists F:\XAMPP\htdocs\toget\Application\Home\Model\CourseModel.class.php 第 13 行.
SQL: SELECT COUNT(id) AS tp_count FROM `we_collection` WHERE `status` = 1 AND `course_id` = 3 LIMIT 1   [ RunTime:0.0002s ]
SQL: SELECT * FROM `we_collection` WHERE `course_id` = 3 AND `user_id` = 41 LIMIT 1   [ RunTime:0.0003s ]
NOTIC: [8] Undefined variable: lists F:\XAMPP\htdocs\toget\Application\Home\Model\CourseModel.class.php 第 13 行.
SQL: SELECT COUNT(id) AS tp_count FROM `we_collection` WHERE `status` = 1 AND `course_id` = 4 LIMIT 1   [ RunTime:0.0004s ]
SQL: SELECT * FROM `we_collection` WHERE `course_id` = 4 AND `user_id` = 41 LIMIT 1   [ RunTime:0.0003s ]
NOTIC: [8] Undefined variable: lists F:\XAMPP\htdocs\toget\Application\Home\Model\CourseModel.class.php 第 13 行.
SQL: SELECT COUNT(id) AS tp_count FROM `we_collection` WHERE `status` = 1 AND `course_id` = 5 LIMIT 1   [ RunTime:0.0002s ]
SQL: SELECT * FROM `we_collection` WHERE `course_id` = 5 AND `user_id` = 41 LIMIT 1   [ RunTime:0.0004s ]
NOTIC: [8] Undefined variable: lists F:\XAMPP\htdocs\toget\Application\Home\Model\CourseModel.class.php 第 13 行.

[ 2017-05-21T17:08:56+08:00 ] 192.168.199.218 /index.php/home/index/index
INFO: [ app_init ] --START--
INFO: Run Behavior\BuildLiteBehavior [ RunTime:0.000017s ]
INFO: [ app_init ] --END-- [ RunTime:0.000465s ]
INFO: [ app_begin ] --START--
INFO: Run Behavior\ReadHtmlCacheBehavior [ RunTime:0.000893s ]
INFO: [ app_begin ] --END-- [ RunTime:0.000962s ]
SQL: SHOW COLUMNS FROM `we_ad` [ RunTime:0.0041s ]
SQL: SELECT `id`,`img`,`address` FROM `we_ad` WHERE `status` = 1  [ RunTime:0.0006s ]
SQL: SHOW COLUMNS FROM `we_course` [ RunTime:0.0035s ]
SQL: SHOW COLUMNS FROM `we_course` [ RunTime:0.0053s ]
SQL: SELECT `id`,`name`,`head_image`,`image` FROM `we_course` WHERE `status` = 1 LIMIT 5   [ RunTime:0.0004s ]
SQL: SHOW COLUMNS FROM `we_collection` [ RunTime:0.0031s ]
SQL: SELECT COUNT(id) AS tp_count FROM `we_collection` WHERE `status` = 1 AND `course_id` = 1 LIMIT 1   [ RunTime:0.0003s ]
SQL: SELECT * FROM `we_collection` WHERE `course_id` = 1 AND `user_id` = 41 LIMIT 1   [ RunTime:0.0003s ]
NOTIC: [8] Undefined variable: lists F:\XAMPP\htdocs\toget\Application\Home\Model\CourseModel.class.php 第 13 行.
SQL: SELECT COUNT(id) AS tp_count FROM `we_collection` WHERE `status` = 1 AND `course_id` = 2 LIMIT 1   [ RunTime:0.0004s ]
SQL: SELECT * FROM `we_collection` WHERE `course_id` = 2 AND `user_id` = 41 LIMIT 1   [ RunTime:0.0003s ]
NOTIC: [8] Undefined variable: lists F:\XAMPP\htdocs\toget\Application\Home\Model\CourseModel.class.php 第 13 行.
SQL: SELECT COUNT(id) AS tp_count FROM `we_collection` WHERE `status` = 1 AND `course_id` = 3 LIMIT 1   [ RunTime:0.0003s ]
SQL: SELECT * FROM `we_collection` WHERE `course_id` = 3 AND `user_id` = 41 LIMIT 1   [ RunTime:0.0003s ]
NOTIC: [8] Undefined variable: lists F:\XAMPP\htdocs\toget\Application\Home\Model\CourseModel.class.php 第 13 行.
SQL: SELECT COUNT(id) AS tp_count FROM `we_collection` WHERE `status` = 1 AND `course_id` = 4 LIMIT 1   [ RunTime:0.0005s ]
SQL: SELECT * FROM `we_collection` WHERE `course_id` = 4 AND `user_id` = 41 LIMIT 1   [ RunTime:0.0004s ]
NOTIC: [8] Undefined variable: lists F:\XAMPP\htdocs\toget\Application\Home\Model\CourseModel.class.php 第 13 行.
SQL: SELECT COUNT(id) AS tp_count FROM `we_collection` WHERE `status` = 1 AND `course_id` = 5 LIMIT 1   [ RunTime:0.0003s ]
SQL: SELECT * FROM `we_collection` WHERE `course_id` = 5 AND `user_id` = 41 LIMIT 1   [ RunTime:0.0003s ]
NOTIC: [8] Undefined variable: lists F:\XAMPP\htdocs\toget\Application\Home\Model\CourseModel.class.php 第 13 行.

[ 2017-05-21T17:08:57+08:00 ] 192.168.199.218 /index.php/home/index/index
INFO: [ app_init ] --START--
INFO: Run Behavior\BuildLiteBehavior [ RunTime:0.000033s ]
INFO: [ app_init ] --END-- [ RunTime:0.001744s ]
INFO: [ app_begin ] --START--
INFO: Run Behavior\ReadHtmlCacheBehavior [ RunTime:0.000714s ]
INFO: [ app_begin ] --END-- [ RunTime:0.000774s ]
SQL: SHOW COLUMNS FROM `we_ad` [ RunTime:0.0037s ]
SQL: SELECT `id`,`img`,`address` FROM `we_ad` WHERE `status` = 1  [ RunTime:0.0003s ]
SQL: SHOW COLUMNS FROM `we_course` [ RunTime:0.0031s ]
SQL: SHOW COLUMNS FROM `we_course` [ RunTime:0.0028s ]
SQL: SELECT `id`,`name`,`head_image`,`image` FROM `we_course` WHERE `status` = 1 LIMIT 5   [ RunTime:0.0003s ]
SQL: SHOW COLUMNS FROM `we_collection` [ RunTime:0.0032s ]
SQL: SELECT COUNT(id) AS tp_count FROM `we_collection` WHERE `status` = 1 AND `course_id` = 1 LIMIT 1   [ RunTime:0.0004s ]
SQL: SELECT * FROM `we_collection` WHERE `course_id` = 1 AND `user_id` = 41 LIMIT 1   [ RunTime:0.0003s ]
NOTIC: [8] Undefined variable: lists F:\XAMPP\htdocs\toget\Application\Home\Model\CourseModel.class.php 第 13 行.
SQL: SELECT COUNT(id) AS tp_count FROM `we_collection` WHERE `status` = 1 AND `course_id` = 2 LIMIT 1   [ RunTime:0.0003s ]
SQL: SELECT * FROM `we_collection` WHERE `course_id` = 2 AND `user_id` = 41 LIMIT 1   [ RunTime:0.0002s ]
NOTIC: [8] Undefined variable: lists F:\XAMPP\htdocs\toget\Application\Home\Model\CourseModel.class.php 第 13 行.
SQL: SELECT COUNT(id) AS tp_count FROM `we_collection` WHERE `status` = 1 AND `course_id` = 3 LIMIT 1   [ RunTime:0.0002s ]
SQL: SELECT * FROM `we_collection` WHERE `course_id` = 3 AND `user_id` = 41 LIMIT 1   [ RunTime:0.0002s ]
NOTIC: [8] Undefined variable: lists F:\XAMPP\htdocs\toget\Application\Home\Model\CourseModel.class.php 第 13 行.
SQL: SELECT COUNT(id) AS tp_count FROM `we_collection` WHERE `status` = 1 AND `course_id` = 4 LIMIT 1   [ RunTime:0.0002s ]
SQL: SELECT * FROM `we_collection` WHERE `course_id` = 4 AND `user_id` = 41 LIMIT 1   [ RunTime:0.0002s ]
NOTIC: [8] Undefined variable: lists F:\XAMPP\htdocs\toget\Application\Home\Model\CourseModel.class.php 第 13 行.
SQL: SELECT COUNT(id) AS tp_count FROM `we_collection` WHERE `status` = 1 AND `course_id` = 5 LIMIT 1   [ RunTime:0.0002s ]
SQL: SELECT * FROM `we_collection` WHERE `course_id` = 5 AND `user_id` = 41 LIMIT 1   [ RunTime:0.0003s ]
NOTIC: [8] Undefined variable: lists F:\XAMPP\htdocs\toget\Application\Home\Model\CourseModel.class.php 第 13 行.

[ 2017-05-21T17:09:00+08:00 ] 192.168.199.218 /index.php/home/category/lists
INFO: [ app_init ] --START--
INFO: Run Behavior\BuildLiteBehavior [ RunTime:0.000043s ]
INFO: [ app_init ] --END-- [ RunTime:0.001540s ]
INFO: [ app_begin ] --START--
INFO: Run Behavior\ReadHtmlCacheBehavior [ RunTime:0.000863s ]
INFO: [ app_begin ] --END-- [ RunTime:0.000931s ]
SQL: SHOW COLUMNS FROM `we_category` [ RunTime:0.0027s ]
SQL: SELECT * FROM `we_category` WHERE `status` = 1 AND `parent_id` = 0  [ RunTime:0.0193s ]

[ 2017-05-21T17:09:03+08:00 ] 192.168.199.218 /index.php/home/category/lists
INFO: [ app_init ] --START--
INFO: Run Behavior\BuildLiteBehavior [ RunTime:0.000012s ]
INFO: [ app_init ] --END-- [ RunTime:0.000423s ]
INFO: [ app_begin ] --START--
INFO: Run Behavior\ReadHtmlCacheBehavior [ RunTime:0.000584s ]
INFO: [ app_begin ] --END-- [ RunTime:0.000631s ]
SQL: SHOW COLUMNS FROM `we_category` [ RunTime:0.0029s ]
SQL: SELECT * FROM `we_category` WHERE `status` = 1 AND `parent_id` = 1  [ RunTime:0.0003s ]
SQL: SELECT `name`,`id` FROM `we_category` WHERE `status` = 1 AND `parent_id` = 8  [ RunTime:0.0003s ]
SQL: SELECT `name`,`id` FROM `we_category` WHERE `status` = 1 AND `parent_id` = 9  [ RunTime:0.0004s ]
SQL: SELECT * FROM `we_category` WHERE `id` = 1 LIMIT 1   [ RunTime:0.0004s ]

[ 2017-05-21T17:09:04+08:00 ] 192.168.199.218 /index.php/home/course/lists
INFO: [ app_init ] --START--
INFO: Run Behavior\BuildLiteBehavior [ RunTime:0.000012s ]
INFO: [ app_init ] --END-- [ RunTime:0.000402s ]
INFO: [ app_begin ] --START--
INFO: Run Behavior\ReadHtmlCacheBehavior [ RunTime:0.000772s ]
INFO: [ app_begin ] --END-- [ RunTime:0.000826s ]
SQL: SHOW COLUMNS FROM `we_course` [ RunTime:0.0027s ]
NOTIC: [2] Missing argument 2 for Home\Model\CourseModel::lists(), called in F:\XAMPP\htdocs\toget\Application\Home\Controller\CourseController.class.php on line 32 and defined F:\XAMPP\htdocs\toget\Application\Home\Model\CourseModel.class.php 第 5 行.
SQL: SHOW COLUMNS FROM `we_course` [ RunTime:0.0027s ]
SQL: SELECT `id`,`name`,`head_image`,`image` FROM `we_course` WHERE `status` = 1 AND `category_id` = 10 LIMIT 5   [ RunTime:0.0003s ]
NOTIC: [8] Undefined variable: id F:\XAMPP\htdocs\toget\Application\Home\Model\CourseModel.class.php 第 9 行.
SQL: SHOW COLUMNS FROM `we_collection` [ RunTime:0.0031s ]
SQL: SELECT COUNT(id) AS tp_count FROM `we_collection` WHERE `status` = 1 AND `course_id` = 1 LIMIT 1   [ RunTime:0.0003s ]
SQL: SELECT * FROM `we_collection` WHERE `course_id` = 1 AND `user_id` = null LIMIT 1   [ RunTime:0.0002s ]
NOTIC: [8] Undefined variable: lists F:\XAMPP\htdocs\toget\Application\Home\Model\CourseModel.class.php 第 13 行.
NOTIC: [8] Undefined variable: id F:\XAMPP\htdocs\toget\Application\Home\Model\CourseModel.class.php 第 9 行.
SQL: SELECT COUNT(id) AS tp_count FROM `we_collection` WHERE `status` = 1 AND `course_id` = 2 LIMIT 1   [ RunTime:0.0002s ]
SQL: SELECT * FROM `we_collection` WHERE `course_id` = 2 AND `user_id` = null LIMIT 1   [ RunTime:0.0002s ]
NOTIC: [8] Undefined variable: lists F:\XAMPP\htdocs\toget\Application\Home\Model\CourseModel.class.php 第 13 行.
NOTIC: [8] Undefined variable: id F:\XAMPP\htdocs\toget\Application\Home\Model\CourseModel.class.php 第 9 行.
SQL: SELECT COUNT(id) AS tp_count FROM `we_collection` WHERE `status` = 1 AND `course_id` = 3 LIMIT 1   [ RunTime:0.0003s ]
SQL: SELECT * FROM `we_collection` WHERE `course_id` = 3 AND `user_id` = null LIMIT 1   [ RunTime:0.0003s ]
NOTIC: [8] Undefined variable: lists F:\XAMPP\htdocs\toget\Application\Home\Model\CourseModel.class.php 第 13 行.
NOTIC: [8] Undefined variable: id F:\XAMPP\htdocs\toget\Application\Home\Model\CourseModel.class.php 第 9 行.
SQL: SELECT COUNT(id) AS tp_count FROM `we_collection` WHERE `status` = 1 AND `course_id` = 4 LIMIT 1   [ RunTime:0.0002s ]
SQL: SELECT * FROM `we_collection` WHERE `course_id` = 4 AND `user_id` = null LIMIT 1   [ RunTime:0.0002s ]
NOTIC: [8] Undefined variable: lists F:\XAMPP\htdocs\toget\Application\Home\Model\CourseModel.class.php 第 13 行.
SQL: SHOW COLUMNS FROM `we_category` [ RunTime:0.0037s ]
SQL: SELECT `name` FROM `we_category` LIMIT 1   [ RunTime:0.0003s ]

[ 2017-05-21T17:09:05+08:00 ] 192.168.199.218 /index.php/home/course/detail
INFO: [ app_init ] --START--
INFO: Run Behavior\BuildLiteBehavior [ RunTime:0.000013s ]
INFO: [ app_init ] --END-- [ RunTime:0.000453s ]
INFO: [ app_begin ] --START--
INFO: Run Behavior\ReadHtmlCacheBehavior [ RunTime:0.000670s ]
INFO: [ app_begin ] --END-- [ RunTime:0.000734s ]
SQL: SHOW COLUMNS FROM `we_course` [ RunTime:0.0026s ]
SQL: SHOW COLUMNS FROM `we_course` [ RunTime:0.0026s ]
SQL: SELECT `image`,`name`,`id` FROM `we_course` WHERE `id` = 1 AND `status` = 1 LIMIT 1   [ RunTime:0.0003s ]
SQL: SHOW COLUMNS FROM `we_test` [ RunTime:0.0026s ]
SQL: SELECT COUNT(id) AS tp_count FROM `we_test` WHERE `course_id` = 1 AND `type` = 1 AND `status` > 0 LIMIT 1   [ RunTime:0.0521s ]
SQL: SELECT COUNT(id) AS tp_count FROM `we_test` WHERE `status` = 2 AND `course_id` = 1 AND `type` = 1 LIMIT 1   [ RunTime:0.0008s ]
SQL: SHOW COLUMNS FROM `we_chapter` [ RunTime:0.0042s ]
SQL: SELECT COUNT(id) AS tp_count FROM `we_chapter` WHERE `course_id` = 1 AND `status` > 0 LIMIT 1   [ RunTime:0.0390s ]
SQL: SELECT COUNT(id) AS tp_count FROM `we_chapter` WHERE `status` = 2 AND `course_id` = 1 LIMIT 1   [ RunTime:0.0003s ]
SQL: SELECT COUNT(id) AS tp_count FROM `we_test` WHERE `course_id` = 1 AND `type` = 2 AND `status` > 0 LIMIT 1   [ RunTime:0.0003s ]
SQL: SELECT COUNT(id) AS tp_count FROM `we_test` WHERE `status` = 2 AND `course_id` = 1 AND `type` = 2 LIMIT 1   [ RunTime:0.0002s ]

[ 2017-05-21T17:09:06+08:00 ] 192.168.199.218 /index.php/home/course/getchapter
INFO: [ app_init ] --START--
INFO: Run Behavior\BuildLiteBehavior [ RunTime:0.000012s ]
INFO: [ app_init ] --END-- [ RunTime:0.000390s ]
INFO: [ app_begin ] --START--
INFO: Run Behavior\ReadHtmlCacheBehavior [ RunTime:0.000581s ]
INFO: [ app_begin ] --END-- [ RunTime:0.000626s ]
SQL: SHOW COLUMNS FROM `we_chapter` [ RunTime:0.0033s ]
SQL: SELECT * FROM `we_chapter` WHERE `status` > 0 AND `course_id` = 1  [ RunTime:0.0004s ]

[ 2017-05-21T17:09:08+08:00 ] 192.168.199.218 /index.php/home/question/getquestion
INFO: [ app_init ] --START--
INFO: Run Behavior\BuildLiteBehavior [ RunTime:0.000015s ]
INFO: [ app_init ] --END-- [ RunTime:0.000523s ]
INFO: [ app_begin ] --START--
INFO: Run Behavior\ReadHtmlCacheBehavior [ RunTime:0.000781s ]
INFO: [ app_begin ] --END-- [ RunTime:0.000846s ]
SQL: SHOW COLUMNS FROM `we_question` [ RunTime:0.0239s ]
SQL: SELECT `id`,`sn`,`stem`,`question_type`,`explain` FROM `we_question` WHERE `status` = 1 AND `course_id` = 1 AND `type` = 1 AND `obj_id` = 1  [ RunTime:0.0334s ]
SQL: SHOW COLUMNS FROM `we_answer` [ RunTime:0.0031s ]
SQL: SELECT `content`,`is_true`,`sn` FROM `we_answer` WHERE `question_id` = 1  [ RunTime:0.0496s ]
SQL: SELECT `content`,`is_true`,`sn` FROM `we_answer` WHERE `question_id` = 2  [ RunTime:0.0004s ]
SQL: SELECT `content`,`is_true`,`sn` FROM `we_answer` WHERE `question_id` = 3  [ RunTime:0.0003s ]
SQL: SELECT `content`,`is_true`,`sn` FROM `we_answer` WHERE `question_id` = 7  [ RunTime:0.0003s ]
SQL: SELECT `content`,`is_true`,`sn` FROM `we_answer` WHERE `question_id` = 8  [ RunTime:0.0003s ]

[ 2017-05-21T17:11:59+08:00 ] 192.168.199.218 /index.php/home/index/index
INFO: [ app_init ] --START--
INFO: Run Behavior\BuildLiteBehavior [ RunTime:0.000024s ]
INFO: [ app_init ] --END-- [ RunTime:0.000709s ]
INFO: [ app_begin ] --START--
INFO: Run Behavior\ReadHtmlCacheBehavior [ RunTime:0.001234s ]
INFO: [ app_begin ] --END-- [ RunTime:0.001345s ]
SQL: SHOW COLUMNS FROM `we_ad` [ RunTime:0.0066s ]
SQL: SELECT `id`,`img`,`address` FROM `we_ad` WHERE `status` = 1  [ RunTime:0.0007s ]
SQL: SHOW COLUMNS FROM `we_course` [ RunTime:0.0088s ]
SQL: SHOW COLUMNS FROM `we_course` [ RunTime:0.0053s ]
SQL: SELECT `id`,`name`,`head_image`,`image` FROM `we_course` WHERE `status` = 1 LIMIT 5   [ RunTime:0.0004s ]
SQL: SHOW COLUMNS FROM `we_collection` [ RunTime:0.0043s ]
SQL: SELECT COUNT(id) AS tp_count FROM `we_collection` WHERE `status` = 1 AND `course_id` = 1 LIMIT 1   [ RunTime:0.0005s ]
SQL: SELECT * FROM `we_collection` WHERE `course_id` = 1 AND `user_id` = 41 LIMIT 1   [ RunTime:0.0006s ]
NOTIC: [8] Undefined variable: lists F:\XAMPP\htdocs\toget\Application\Home\Model\CourseModel.class.php 第 13 行.
SQL: SELECT COUNT(id) AS tp_count FROM `we_collection` WHERE `status` = 1 AND `course_id` = 2 LIMIT 1   [ RunTime:0.0005s ]
SQL: SELECT * FROM `we_collection` WHERE `course_id` = 2 AND `user_id` = 41 LIMIT 1   [ RunTime:0.0003s ]
NOTIC: [8] Undefined variable: lists F:\XAMPP\htdocs\toget\Application\Home\Model\CourseModel.class.php 第 13 行.
SQL: SELECT COUNT(id) AS tp_count FROM `we_collection` WHERE `status` = 1 AND `course_id` = 3 LIMIT 1   [ RunTime:0.0003s ]
SQL: SELECT * FROM `we_collection` WHERE `course_id` = 3 AND `user_id` = 41 LIMIT 1   [ RunTime:0.0002s ]
NOTIC: [8] Undefined variable: lists F:\XAMPP\htdocs\toget\Application\Home\Model\CourseModel.class.php 第 13 行.
SQL: SELECT COUNT(id) AS tp_count FROM `we_collection` WHERE `status` = 1 AND `course_id` = 4 LIMIT 1   [ RunTime:0.0002s ]
SQL: SELECT * FROM `we_collection` WHERE `course_id` = 4 AND `user_id` = 41 LIMIT 1   [ RunTime:0.0004s ]
NOTIC: [8] Undefined variable: lists F:\XAMPP\htdocs\toget\Application\Home\Model\CourseModel.class.php 第 13 行.
SQL: SELECT COUNT(id) AS tp_count FROM `we_collection` WHERE `status` = 1 AND `course_id` = 5 LIMIT 1   [ RunTime:0.0004s ]
SQL: SELECT * FROM `we_collection` WHERE `course_id` = 5 AND `user_id` = 41 LIMIT 1   [ RunTime:0.0019s ]
NOTIC: [8] Undefined variable: lists F:\XAMPP\htdocs\toget\Application\Home\Model\CourseModel.class.php 第 13 行.

[ 2017-05-21T17:12:03+08:00 ] 192.168.199.218 /index.php/home/category/lists
INFO: [ app_init ] --START--
INFO: Run Behavior\BuildLiteBehavior [ RunTime:0.000012s ]
INFO: [ app_init ] --END-- [ RunTime:0.000412s ]
INFO: [ app_begin ] --START--
INFO: Run Behavior\ReadHtmlCacheBehavior [ RunTime:0.000616s ]
INFO: [ app_begin ] --END-- [ RunTime:0.000664s ]
SQL: SHOW COLUMNS FROM `we_category` [ RunTime:0.0028s ]
SQL: SELECT * FROM `we_category` WHERE `status` = 1 AND `parent_id` = 0  [ RunTime:0.0003s ]

[ 2017-05-21T17:12:06+08:00 ] 192.168.199.218 /index.php/home/category/lists
INFO: [ app_init ] --START--
INFO: Run Behavior\BuildLiteBehavior [ RunTime:0.000032s ]
INFO: [ app_init ] --END-- [ RunTime:0.000899s ]
INFO: [ app_begin ] --START--
INFO: Run Behavior\ReadHtmlCacheBehavior [ RunTime:0.000989s ]
INFO: [ app_begin ] --END-- [ RunTime:0.001068s ]
SQL: SHOW COLUMNS FROM `we_category` [ RunTime:0.0029s ]
SQL: SELECT * FROM `we_category` WHERE `status` = 1 AND `parent_id` = 1  [ RunTime:0.0003s ]
SQL: SELECT `name`,`id` FROM `we_category` WHERE `status` = 1 AND `parent_id` = 8  [ RunTime:0.0002s ]
SQL: SELECT `name`,`id` FROM `we_category` WHERE `status` = 1 AND `parent_id` = 9  [ RunTime:0.0002s ]
SQL: SELECT * FROM `we_category` WHERE `id` = 1 LIMIT 1   [ RunTime:0.0002s ]

[ 2017-05-21T17:12:08+08:00 ] 192.168.199.218 /index.php/home/category/lists
INFO: [ app_init ] --START--
INFO: Run Behavior\BuildLiteBehavior [ RunTime:0.000028s ]
INFO: [ app_init ] --END-- [ RunTime:0.001018s ]
INFO: [ app_begin ] --START--
INFO: Run Behavior\ReadHtmlCacheBehavior [ RunTime:0.001014s ]
INFO: [ app_begin ] --END-- [ RunTime:0.001100s ]
SQL: SHOW COLUMNS FROM `we_category` [ RunTime:0.0033s ]
SQL: SELECT * FROM `we_category` WHERE `status` = 1 AND `parent_id` = 0  [ RunTime:0.0005s ]

[ 2017-05-21T17:12:28+08:00 ] 192.168.199.218 /index.php/home/category/lists
INFO: [ app_init ] --START--
INFO: Run Behavior\BuildLiteBehavior [ RunTime:0.000013s ]
INFO: [ app_init ] --END-- [ RunTime:0.000434s ]
INFO: [ app_begin ] --START--
INFO: Run Behavior\ReadHtmlCacheBehavior [ RunTime:0.000600s ]
INFO: [ app_begin ] --END-- [ RunTime:0.000647s ]
SQL: SHOW COLUMNS FROM `we_category` [ RunTime:0.0032s ]
SQL: SELECT * FROM `we_category` WHERE `status` = 1 AND `parent_id` = 1  [ RunTime:0.0003s ]
SQL: SELECT `name`,`id` FROM `we_category` WHERE `status` = 1 AND `parent_id` = 8  [ RunTime:0.0003s ]
SQL: SELECT `name`,`id` FROM `we_category` WHERE `status` = 1 AND `parent_id` = 9  [ RunTime:0.0003s ]
SQL: SELECT * FROM `we_category` WHERE `id` = 1 LIMIT 1   [ RunTime:0.0002s ]

[ 2017-05-21T17:12:46+08:00 ] 192.168.199.218 /index.php/home/course/lists
INFO: [ app_init ] --START--
INFO: Run Behavior\BuildLiteBehavior [ RunTime:0.000024s ]
INFO: [ app_init ] --END-- [ RunTime:0.000787s ]
INFO: [ app_begin ] --START--
INFO: Run Behavior\ReadHtmlCacheBehavior [ RunTime:0.001094s ]
INFO: [ app_begin ] --END-- [ RunTime:0.001192s ]
SQL: SHOW COLUMNS FROM `we_course` [ RunTime:0.0027s ]
NOTIC: [2] Missing argument 2 for Home\Model\CourseModel::lists(), called in F:\XAMPP\htdocs\toget\Application\Home\Controller\CourseController.class.php on line 32 and defined F:\XAMPP\htdocs\toget\Application\Home\Model\CourseModel.class.php 第 5 行.
SQL: SHOW COLUMNS FROM `we_course` [ RunTime:0.0031s ]
SQL: SELECT `id`,`name`,`head_image`,`image` FROM `we_course` WHERE `status` = 1 AND `category_id` = 10 LIMIT 5   [ RunTime:0.0003s ]
NOTIC: [8] Undefined variable: id F:\XAMPP\htdocs\toget\Application\Home\Model\CourseModel.class.php 第 9 行.
SQL: SHOW COLUMNS FROM `we_collection` [ RunTime:0.0027s ]
SQL: SELECT COUNT(id) AS tp_count FROM `we_collection` WHERE `status` = 1 AND `course_id` = 1 LIMIT 1   [ RunTime:0.0004s ]
SQL: SELECT * FROM `we_collection` WHERE `course_id` = 1 AND `user_id` = null LIMIT 1   [ RunTime:0.0002s ]
NOTIC: [8] Undefined variable: lists F:\XAMPP\htdocs\toget\Application\Home\Model\CourseModel.class.php 第 13 行.
NOTIC: [8] Undefined variable: id F:\XAMPP\htdocs\toget\Application\Home\Model\CourseModel.class.php 第 9 行.
SQL: SELECT COUNT(id) AS tp_count FROM `we_collection` WHERE `status` = 1 AND `course_id` = 2 LIMIT 1   [ RunTime:0.0002s ]
SQL: SELECT * FROM `we_collection` WHERE `course_id` = 2 AND `user_id` = null LIMIT 1   [ RunTime:0.0002s ]
NOTIC: [8] Undefined variable: lists F:\XAMPP\htdocs\toget\Application\Home\Model\CourseModel.class.php 第 13 行.
NOTIC: [8] Undefined variable: id F:\XAMPP\htdocs\toget\Application\Home\Model\CourseModel.class.php 第 9 行.
SQL: SELECT COUNT(id) AS tp_count FROM `we_collection` WHERE `status` = 1 AND `course_id` = 3 LIMIT 1   [ RunTime:0.0002s ]
SQL: SELECT * FROM `we_collection` WHERE `course_id` = 3 AND `user_id` = null LIMIT 1   [ RunTime:0.0002s ]
NOTIC: [8] Undefined variable: lists F:\XAMPP\htdocs\toget\Application\Home\Model\CourseModel.class.php 第 13 行.
NOTIC: [8] Undefined variable: id F:\XAMPP\htdocs\toget\Application\Home\Model\CourseModel.class.php 第 9 行.
SQL: SELECT COUNT(id) AS tp_count FROM `we_collection` WHERE `status` = 1 AND `course_id` = 4 LIMIT 1   [ RunTime:0.0002s ]
SQL: SELECT * FROM `we_collection` WHERE `course_id` = 4 AND `user_id` = null LIMIT 1   [ RunTime:0.0002s ]
NOTIC: [8] Undefined variable: lists F:\XAMPP\htdocs\toget\Application\Home\Model\CourseModel.class.php 第 13 行.
SQL: SHOW COLUMNS FROM `we_category` [ RunTime:0.0029s ]
SQL: SELECT `name` FROM `we_category` LIMIT 1   [ RunTime:0.0003s ]

[ 2017-05-21T17:13:04+08:00 ] 192.168.199.218 /index.php/home/course/detail
INFO: [ app_init ] --START--
INFO: Run Behavior\BuildLiteBehavior [ RunTime:0.000018s ]
INFO: [ app_init ] --END-- [ RunTime:0.000538s ]
INFO: [ app_begin ] --START--
INFO: Run Behavior\ReadHtmlCacheBehavior [ RunTime:0.000950s ]
INFO: [ app_begin ] --END-- [ RunTime:0.001072s ]
SQL: SHOW COLUMNS FROM `we_course` [ RunTime:0.0027s ]
SQL: SHOW COLUMNS FROM `we_course` [ RunTime:0.0029s ]
SQL: SELECT `image`,`name`,`id` FROM `we_course` WHERE `id` = 1 AND `status` = 1 LIMIT 1   [ RunTime:0.0003s ]
SQL: SHOW COLUMNS FROM `we_test` [ RunTime:0.0031s ]
SQL: SELECT COUNT(id) AS tp_count FROM `we_test` WHERE `course_id` = 1 AND `type` = 1 AND `status` > 0 LIMIT 1   [ RunTime:0.0003s ]
SQL: SELECT COUNT(id) AS tp_count FROM `we_test` WHERE `status` = 2 AND `course_id` = 1 AND `type` = 1 LIMIT 1   [ RunTime:0.0002s ]
SQL: SHOW COLUMNS FROM `we_chapter` [ RunTime:0.0033s ]
SQL: SELECT COUNT(id) AS tp_count FROM `we_chapter` WHERE `course_id` = 1 AND `status` > 0 LIMIT 1   [ RunTime:0.0003s ]
SQL: SELECT COUNT(id) AS tp_count FROM `we_chapter` WHERE `status` = 2 AND `course_id` = 1 LIMIT 1   [ RunTime:0.0003s ]
SQL: SELECT COUNT(id) AS tp_count FROM `we_test` WHERE `course_id` = 1 AND `type` = 2 AND `status` > 0 LIMIT 1   [ RunTime:0.0003s ]
SQL: SELECT COUNT(id) AS tp_count FROM `we_test` WHERE `status` = 2 AND `course_id` = 1 AND `type` = 2 LIMIT 1   [ RunTime:0.0002s ]

[ 2017-05-21T17:13:19+08:00 ] 192.168.199.218 /index.php/home/course/getchapter
INFO: [ app_init ] --START--
INFO: Run Behavior\BuildLiteBehavior [ RunTime:0.000023s ]
INFO: [ app_init ] --END-- [ RunTime:0.000488s ]
INFO: [ app_begin ] --START--
INFO: Run Behavior\ReadHtmlCacheBehavior [ RunTime:0.000756s ]
INFO: [ app_begin ] --END-- [ RunTime:0.000830s ]
SQL: SHOW COLUMNS FROM `we_chapter` [ RunTime:0.0029s ]
SQL: SELECT * FROM `we_chapter` WHERE `status` > 0 AND `course_id` = 1  [ RunTime:0.0003s ]

[ 2017-05-21T17:13:39+08:00 ] 192.168.199.218 /index.php/home/question/getquestion
INFO: [ app_init ] --START--
INFO: Run Behavior\BuildLiteBehavior [ RunTime:0.000023s ]
INFO: [ app_init ] --END-- [ RunTime:0.000749s ]
INFO: [ app_begin ] --START--
INFO: Run Behavior\ReadHtmlCacheBehavior [ RunTime:0.001252s ]
INFO: [ app_begin ] --END-- [ RunTime:0.001369s ]
SQL: SHOW COLUMNS FROM `we_question` [ RunTime:0.0052s ]
SQL: SELECT `id`,`sn`,`stem`,`question_type`,`explain` FROM `we_question` WHERE `status` = 1 AND `course_id` = 1 AND `type` = 1 AND `obj_id` = 1  [ RunTime:0.0005s ]
SQL: SHOW COLUMNS FROM `we_answer` [ RunTime:0.0047s ]
SQL: SELECT `content`,`is_true`,`sn` FROM `we_answer` WHERE `question_id` = 1  [ RunTime:0.0005s ]
SQL: SELECT `content`,`is_true`,`sn` FROM `we_answer` WHERE `question_id` = 2  [ RunTime:0.0004s ]
SQL: SELECT `content`,`is_true`,`sn` FROM `we_answer` WHERE `question_id` = 3  [ RunTime:0.0004s ]
SQL: SELECT `content`,`is_true`,`sn` FROM `we_answer` WHERE `question_id` = 7  [ RunTime:0.0004s ]
SQL: SELECT `content`,`is_true`,`sn` FROM `we_answer` WHERE `question_id` = 8  [ RunTime:0.0004s ]

