[ 2017-05-21T09:18:31+08:00 ] 127.0.0.1 /index.php/admin/category/index
INFO: [ app_init ] --START--
INFO: Run Behavior\BuildLiteBehavior [ RunTime:0.000035s ]
INFO: [ app_init ] --END-- [ RunTime:0.001483s ]
INFO: [ app_begin ] --START--
INFO: Run Behavior\ReadHtmlCacheBehavior [ RunTime:0.003242s ]
INFO: [ app_begin ] --END-- [ RunTime:0.003428s ]
SQL: SHOW COLUMNS FROM `we_category` [ RunTime:0.3178s ]
SQL: SELECT * FROM `we_category`  [ RunTime:0.0012s ]
INFO: [ view_parse ] --START--
INFO: [ template_filter ] --START--
INFO: Run Behavior\ContentReplaceBehavior [ RunTime:0.108897s ]
INFO: [ template_filter ] --END-- [ RunTime:0.109043s ]
NOTIC: [8] Use of undefined constant id - assumed 'id' F:\XAMPP\htdocs\toget\Application\Runtime\Cache\Admin\9bfef0f9f473c596f668b6c9a32bfd5c.php 第 23 行.
NOTIC: [8] Use of undefined constant id - assumed 'id' F:\XAMPP\htdocs\toget\Application\Runtime\Cache\Admin\9bfef0f9f473c596f668b6c9a32bfd5c.php 第 24 行.
NOTIC: [8] Use of undefined constant id - assumed 'id' F:\XAMPP\htdocs\toget\Application\Runtime\Cache\Admin\9bfef0f9f473c596f668b6c9a32bfd5c.php 第 23 行.
NOTIC: [8] Use of undefined constant id - assumed 'id' F:\XAMPP\htdocs\toget\Application\Runtime\Cache\Admin\9bfef0f9f473c596f668b6c9a32bfd5c.php 第 24 行.
NOTIC: [8] Use of undefined constant id - assumed 'id' F:\XAMPP\htdocs\toget\Application\Runtime\Cache\Admin\9bfef0f9f473c596f668b6c9a32bfd5c.php 第 23 行.
NOTIC: [8] Use of undefined constant id - assumed 'id' F:\XAMPP\htdocs\toget\Application\Runtime\Cache\Admin\9bfef0f9f473c596f668b6c9a32bfd5c.php 第 24 行.
NOTIC: [8] Use of undefined constant id - assumed 'id' F:\XAMPP\htdocs\toget\Application\Runtime\Cache\Admin\9bfef0f9f473c596f668b6c9a32bfd5c.php 第 23 行.
NOTIC: [8] Use of undefined constant id - assumed 'id' F:\XAMPP\htdocs\toget\Application\Runtime\Cache\Admin\9bfef0f9f473c596f668b6c9a32bfd5c.php 第 24 行.
NOTIC: [8] Use of undefined constant id - assumed 'id' F:\XAMPP\htdocs\toget\Application\Runtime\Cache\Admin\9bfef0f9f473c596f668b6c9a32bfd5c.php 第 23 行.
NOTIC: [8] Use of undefined constant id - assumed 'id' F:\XAMPP\htdocs\toget\Application\Runtime\Cache\Admin\9bfef0f9f473c596f668b6c9a32bfd5c.php 第 24 行.
NOTIC: [8] Use of undefined constant id - assumed 'id' F:\XAMPP\htdocs\toget\Application\Runtime\Cache\Admin\9bfef0f9f473c596f668b6c9a32bfd5c.php 第 23 行.
NOTIC: [8] Use of undefined constant id - assumed 'id' F:\XAMPP\htdocs\toget\Application\Runtime\Cache\Admin\9bfef0f9f473c596f668b6c9a32bfd5c.php 第 24 行.
NOTIC: [8] Use of undefined constant id - assumed 'id' F:\XAMPP\htdocs\toget\Application\Runtime\Cache\Admin\9bfef0f9f473c596f668b6c9a32bfd5c.php 第 23 行.
NOTIC: [8] Use of undefined constant id - assumed 'id' F:\XAMPP\htdocs\toget\Application\Runtime\Cache\Admin\9bfef0f9f473c596f668b6c9a32bfd5c.php 第 24 行.
NOTIC: [8] Use of undefined constant id - assumed 'id' F:\XAMPP\htdocs\toget\Application\Runtime\Cache\Admin\9bfef0f9f473c596f668b6c9a32bfd5c.php 第 23 行.
NOTIC: [8] Use of undefined constant id - assumed 'id' F:\XAMPP\htdocs\toget\Application\Runtime\Cache\Admin\9bfef0f9f473c596f668b6c9a32bfd5c.php 第 24 行.
NOTIC: [8] Use of undefined constant id - assumed 'id' F:\XAMPP\htdocs\toget\Application\Runtime\Cache\Admin\9bfef0f9f473c596f668b6c9a32bfd5c.php 第 23 行.
NOTIC: [8] Use of undefined constant id - assumed 'id' F:\XAMPP\htdocs\toget\Application\Runtime\Cache\Admin\9bfef0f9f473c596f668b6c9a32bfd5c.php 第 24 行.
NOTIC: [8] Use of undefined constant id - assumed 'id' F:\XAMPP\htdocs\toget\Application\Runtime\Cache\Admin\9bfef0f9f473c596f668b6c9a32bfd5c.php 第 23 行.
NOTIC: [8] Use of undefined constant id - assumed 'id' F:\XAMPP\htdocs\toget\Application\Runtime\Cache\Admin\9bfef0f9f473c596f668b6c9a32bfd5c.php 第 24 行.
NOTIC: [8] Use of undefined constant id - assumed 'id' F:\XAMPP\htdocs\toget\Application\Runtime\Cache\Admin\9bfef0f9f473c596f668b6c9a32bfd5c.php 第 23 行.
NOTIC: [8] Use of undefined constant id - assumed 'id' F:\XAMPP\htdocs\toget\Application\Runtime\Cache\Admin\9bfef0f9f473c596f668b6c9a32bfd5c.php 第 24 行.
NOTIC: [8] Use of undefined constant id - assumed 'id' F:\XAMPP\htdocs\toget\Application\Runtime\Cache\Admin\9bfef0f9f473c596f668b6c9a32bfd5c.php 第 23 行.
NOTIC: [8] Use of undefined constant id - assumed 'id' F:\XAMPP\htdocs\toget\Application\Runtime\Cache\Admin\9bfef0f9f473c596f668b6c9a32bfd5c.php 第 24 行.
NOTIC: [8] Use of undefined constant id - assumed 'id' F:\XAMPP\htdocs\toget\Application\Runtime\Cache\Admin\9bfef0f9f473c596f668b6c9a32bfd5c.php 第 23 行.
NOTIC: [8] Use of undefined constant id - assumed 'id' F:\XAMPP\htdocs\toget\Application\Runtime\Cache\Admin\9bfef0f9f473c596f668b6c9a32bfd5c.php 第 24 行.
NOTIC: [8] Use of undefined constant id - assumed 'id' F:\XAMPP\htdocs\toget\Application\Runtime\Cache\Admin\9bfef0f9f473c596f668b6c9a32bfd5c.php 第 23 行.
NOTIC: [8] Use of undefined constant id - assumed 'id' F:\XAMPP\htdocs\toget\Application\Runtime\Cache\Admin\9bfef0f9f473c596f668b6c9a32bfd5c.php 第 24 行.
NOTIC: [8] Use of undefined constant id - assumed 'id' F:\XAMPP\htdocs\toget\Application\Runtime\Cache\Admin\9bfef0f9f473c596f668b6c9a32bfd5c.php 第 23 行.
NOTIC: [8] Use of undefined constant id - assumed 'id' F:\XAMPP\htdocs\toget\Application\Runtime\Cache\Admin\9bfef0f9f473c596f668b6c9a32bfd5c.php 第 24 行.
NOTIC: [8] Use of undefined constant id - assumed 'id' F:\XAMPP\htdocs\toget\Application\Runtime\Cache\Admin\9bfef0f9f473c596f668b6c9a32bfd5c.php 第 23 行.
NOTIC: [8] Use of undefined constant id - assumed 'id' F:\XAMPP\htdocs\toget\Application\Runtime\Cache\Admin\9bfef0f9f473c596f668b6c9a32bfd5c.php 第 24 行.
NOTIC: [8] Use of undefined constant id - assumed 'id' F:\XAMPP\htdocs\toget\Application\Runtime\Cache\Admin\9bfef0f9f473c596f668b6c9a32bfd5c.php 第 23 行.
NOTIC: [8] Use of undefined constant id - assumed 'id' F:\XAMPP\htdocs\toget\Application\Runtime\Cache\Admin\9bfef0f9f473c596f668b6c9a32bfd5c.php 第 24 行.
NOTIC: [8] Use of undefined constant id - assumed 'id' F:\XAMPP\htdocs\toget\Application\Runtime\Cache\Admin\9bfef0f9f473c596f668b6c9a32bfd5c.php 第 23 行.
NOTIC: [8] Use of undefined constant id - assumed 'id' F:\XAMPP\htdocs\toget\Application\Runtime\Cache\Admin\9bfef0f9f473c596f668b6c9a32bfd5c.php 第 24 行.
NOTIC: [8] Use of undefined constant id - assumed 'id' F:\XAMPP\htdocs\toget\Application\Runtime\Cache\Admin\9bfef0f9f473c596f668b6c9a32bfd5c.php 第 23 行.
NOTIC: [8] Use of undefined constant id - assumed 'id' F:\XAMPP\htdocs\toget\Application\Runtime\Cache\Admin\9bfef0f9f473c596f668b6c9a32bfd5c.php 第 24 行.
NOTIC: [8] Use of undefined constant id - assumed 'id' F:\XAMPP\htdocs\toget\Application\Runtime\Cache\Admin\9bfef0f9f473c596f668b6c9a32bfd5c.php 第 23 行.
NOTIC: [8] Use of undefined constant id - assumed 'id' F:\XAMPP\htdocs\toget\Application\Runtime\Cache\Admin\9bfef0f9f473c596f668b6c9a32bfd5c.php 第 24 行.
NOTIC: [8] Use of undefined constant id - assumed 'id' F:\XAMPP\htdocs\toget\Application\Runtime\Cache\Admin\9bfef0f9f473c596f668b6c9a32bfd5c.php 第 23 行.
NOTIC: [8] Use of undefined constant id - assumed 'id' F:\XAMPP\htdocs\toget\Application\Runtime\Cache\Admin\9bfef0f9f473c596f668b6c9a32bfd5c.php 第 24 行.
NOTIC: [8] Use of undefined constant id - assumed 'id' F:\XAMPP\htdocs\toget\Application\Runtime\Cache\Admin\9bfef0f9f473c596f668b6c9a32bfd5c.php 第 23 行.
NOTIC: [8] Use of undefined constant id - assumed 'id' F:\XAMPP\htdocs\toget\Application\Runtime\Cache\Admin\9bfef0f9f473c596f668b6c9a32bfd5c.php 第 24 行.
NOTIC: [8] Use of undefined constant id - assumed 'id' F:\XAMPP\htdocs\toget\Application\Runtime\Cache\Admin\9bfef0f9f473c596f668b6c9a32bfd5c.php 第 23 行.
NOTIC: [8] Use of undefined constant id - assumed 'id' F:\XAMPP\htdocs\toget\Application\Runtime\Cache\Admin\9bfef0f9f473c596f668b6c9a32bfd5c.php 第 24 行.
NOTIC: [8] Use of undefined constant id - assumed 'id' F:\XAMPP\htdocs\toget\Application\Runtime\Cache\Admin\9bfef0f9f473c596f668b6c9a32bfd5c.php 第 23 行.
NOTIC: [8] Use of undefined constant id - assumed 'id' F:\XAMPP\htdocs\toget\Application\Runtime\Cache\Admin\9bfef0f9f473c596f668b6c9a32bfd5c.php 第 24 行.
NOTIC: [8] Use of undefined constant id - assumed 'id' F:\XAMPP\htdocs\toget\Application\Runtime\Cache\Admin\9bfef0f9f473c596f668b6c9a32bfd5c.php 第 23 行.
NOTIC: [8] Use of undefined constant id - assumed 'id' F:\XAMPP\htdocs\toget\Application\Runtime\Cache\Admin\9bfef0f9f473c596f668b6c9a32bfd5c.php 第 24 行.
INFO: Run Behavior\ParseTemplateBehavior [ RunTime:0.357815s ]
INFO: [ view_parse ] --END-- [ RunTime:0.357963s ]
INFO: [ view_filter ] --START--
INFO: Run Behavior\WriteHtmlCacheBehavior [ RunTime:0.091100s ]
INFO: [ view_filter ] --END-- [ RunTime:0.091200s ]
INFO: [ app_end ] --START--
INFO: Run Behavior\ShowPageTraceBehavior [ RunTime:0.044690s ]
INFO: [ app_end ] --END-- [ RunTime:0.044790s ]

[ 2017-05-21T09:18:40+08:00 ] 127.0.0.1 /index.php/admin/answer/lists
INFO: [ app_init ] --START--
INFO: Run Behavior\BuildLiteBehavior [ RunTime:0.000028s ]
INFO: [ app_init ] --END-- [ RunTime:0.000385s ]
INFO: [ app_begin ] --START--
INFO: Run Behavior\ReadHtmlCacheBehavior [ RunTime:0.000630s ]
INFO: [ app_begin ] --END-- [ RunTime:0.000676s ]
SQL: SHOW COLUMNS FROM `we_question` [ RunTime:0.0858s ]
SQL: SELECT `id`,`stem` FROM `we_question`  [ RunTime:0.0003s ]
SQL: SHOW COLUMNS FROM `we_answer` [ RunTime:0.0183s ]
SQL: SELECT * FROM `we_answer` WHERE `question_id` = 1  [ RunTime:0.0003s ]
SQL: SELECT * FROM `we_answer` WHERE `question_id` = 2  [ RunTime:0.0002s ]
SQL: SELECT * FROM `we_answer` WHERE `question_id` = 3  [ RunTime:0.0002s ]
SQL: SELECT * FROM `we_answer` WHERE `question_id` = 4  [ RunTime:0.0002s ]
SQL: SELECT * FROM `we_answer` WHERE `question_id` = 5  [ RunTime:0.0002s ]
SQL: SELECT * FROM `we_answer` WHERE `question_id` = 6  [ RunTime:0.0002s ]
SQL: SELECT * FROM `we_answer` WHERE `question_id` = 7  [ RunTime:0.0002s ]
SQL: SELECT * FROM `we_answer` WHERE `question_id` = 8  [ RunTime:0.0002s ]
INFO: [ view_parse ] --START--
INFO: [ template_filter ] --START--
INFO: Run Behavior\ContentReplaceBehavior [ RunTime:0.000036s ]
INFO: [ template_filter ] --END-- [ RunTime:0.000086s ]
INFO: Run Behavior\ParseTemplateBehavior [ RunTime:0.009119s ]
INFO: [ view_parse ] --END-- [ RunTime:0.009177s ]
INFO: [ view_filter ] --START--
INFO: Run Behavior\WriteHtmlCacheBehavior [ RunTime:0.000584s ]
INFO: [ view_filter ] --END-- [ RunTime:0.000633s ]
INFO: [ app_end ] --START--
INFO: Run Behavior\ShowPageTraceBehavior [ RunTime:0.000720s ]
INFO: [ app_end ] --END-- [ RunTime:0.000771s ]

[ 2017-05-21T14:01:39+08:00 ] 127.0.0.1 /index.php/admin/category/index
INFO: [ app_init ] --START--
INFO: Run Behavior\BuildLiteBehavior [ RunTime:0.000011s ]
INFO: [ app_init ] --END-- [ RunTime:0.000374s ]
INFO: [ app_begin ] --START--
INFO: Run Behavior\ReadHtmlCacheBehavior [ RunTime:0.000842s ]
INFO: [ app_begin ] --END-- [ RunTime:0.000887s ]
SQL: SHOW COLUMNS FROM `we_category` [ RunTime:0.0072s ]
SQL: SELECT * FROM `we_category`  [ RunTime:0.0010s ]
INFO: [ view_parse ] --START--
INFO: [ template_filter ] --START--
INFO: Run Behavior\ContentReplaceBehavior [ RunTime:0.000120s ]
INFO: [ template_filter ] --END-- [ RunTime:0.000302s ]
NOTIC: [8] Use of undefined constant id - assumed 'id' F:\XAMPP\htdocs\toget\Application\Runtime\Cache\Admin\9bfef0f9f473c596f668b6c9a32bfd5c.php 第 23 行.
NOTIC: [8] Use of undefined constant id - assumed 'id' F:\XAMPP\htdocs\toget\Application\Runtime\Cache\Admin\9bfef0f9f473c596f668b6c9a32bfd5c.php 第 24 行.
NOTIC: [8] Use of undefined constant id - assumed 'id' F:\XAMPP\htdocs\toget\Application\Runtime\Cache\Admin\9bfef0f9f473c596f668b6c9a32bfd5c.php 第 23 行.
NOTIC: [8] Use of undefined constant id - assumed 'id' F:\XAMPP\htdocs\toget\Application\Runtime\Cache\Admin\9bfef0f9f473c596f668b6c9a32bfd5c.php 第 24 行.
NOTIC: [8] Use of undefined constant id - assumed 'id' F:\XAMPP\htdocs\toget\Application\Runtime\Cache\Admin\9bfef0f9f473c596f668b6c9a32bfd5c.php 第 23 行.
NOTIC: [8] Use of undefined constant id - assumed 'id' F:\XAMPP\htdocs\toget\Application\Runtime\Cache\Admin\9bfef0f9f473c596f668b6c9a32bfd5c.php 第 24 行.
NOTIC: [8] Use of undefined constant id - assumed 'id' F:\XAMPP\htdocs\toget\Application\Runtime\Cache\Admin\9bfef0f9f473c596f668b6c9a32bfd5c.php 第 23 行.
NOTIC: [8] Use of undefined constant id - assumed 'id' F:\XAMPP\htdocs\toget\Application\Runtime\Cache\Admin\9bfef0f9f473c596f668b6c9a32bfd5c.php 第 24 行.
NOTIC: [8] Use of undefined constant id - assumed 'id' F:\XAMPP\htdocs\toget\Application\Runtime\Cache\Admin\9bfef0f9f473c596f668b6c9a32bfd5c.php 第 23 行.
NOTIC: [8] Use of undefined constant id - assumed 'id' F:\XAMPP\htdocs\toget\Application\Runtime\Cache\Admin\9bfef0f9f473c596f668b6c9a32bfd5c.php 第 24 行.
NOTIC: [8] Use of undefined constant id - assumed 'id' F:\XAMPP\htdocs\toget\Application\Runtime\Cache\Admin\9bfef0f9f473c596f668b6c9a32bfd5c.php 第 23 行.
NOTIC: [8] Use of undefined constant id - assumed 'id' F:\XAMPP\htdocs\toget\Application\Runtime\Cache\Admin\9bfef0f9f473c596f668b6c9a32bfd5c.php 第 24 行.
NOTIC: [8] Use of undefined constant id - assumed 'id' F:\XAMPP\htdocs\toget\Application\Runtime\Cache\Admin\9bfef0f9f473c596f668b6c9a32bfd5c.php 第 23 行.
NOTIC: [8] Use of undefined constant id - assumed 'id' F:\XAMPP\htdocs\toget\Application\Runtime\Cache\Admin\9bfef0f9f473c596f668b6c9a32bfd5c.php 第 24 行.
NOTIC: [8] Use of undefined constant id - assumed 'id' F:\XAMPP\htdocs\toget\Application\Runtime\Cache\Admin\9bfef0f9f473c596f668b6c9a32bfd5c.php 第 23 行.
NOTIC: [8] Use of undefined constant id - assumed 'id' F:\XAMPP\htdocs\toget\Application\Runtime\Cache\Admin\9bfef0f9f473c596f668b6c9a32bfd5c.php 第 24 行.
NOTIC: [8] Use of undefined constant id - assumed 'id' F:\XAMPP\htdocs\toget\Application\Runtime\Cache\Admin\9bfef0f9f473c596f668b6c9a32bfd5c.php 第 23 行.
NOTIC: [8] Use of undefined constant id - assumed 'id' F:\XAMPP\htdocs\toget\Application\Runtime\Cache\Admin\9bfef0f9f473c596f668b6c9a32bfd5c.php 第 24 行.
NOTIC: [8] Use of undefined constant id - assumed 'id' F:\XAMPP\htdocs\toget\Application\Runtime\Cache\Admin\9bfef0f9f473c596f668b6c9a32bfd5c.php 第 23 行.
NOTIC: [8] Use of undefined constant id - assumed 'id' F:\XAMPP\htdocs\toget\Application\Runtime\Cache\Admin\9bfef0f9f473c596f668b6c9a32bfd5c.php 第 24 行.
NOTIC: [8] Use of undefined constant id - assumed 'id' F:\XAMPP\htdocs\toget\Application\Runtime\Cache\Admin\9bfef0f9f473c596f668b6c9a32bfd5c.php 第 23 行.
NOTIC: [8] Use of undefined constant id - assumed 'id' F:\XAMPP\htdocs\toget\Application\Runtime\Cache\Admin\9bfef0f9f473c596f668b6c9a32bfd5c.php 第 24 行.
NOTIC: [8] Use of undefined constant id - assumed 'id' F:\XAMPP\htdocs\toget\Application\Runtime\Cache\Admin\9bfef0f9f473c596f668b6c9a32bfd5c.php 第 23 行.
NOTIC: [8] Use of undefined constant id - assumed 'id' F:\XAMPP\htdocs\toget\Application\Runtime\Cache\Admin\9bfef0f9f473c596f668b6c9a32bfd5c.php 第 24 行.
NOTIC: [8] Use of undefined constant id - assumed 'id' F:\XAMPP\htdocs\toget\Application\Runtime\Cache\Admin\9bfef0f9f473c596f668b6c9a32bfd5c.php 第 23 行.
NOTIC: [8] Use of undefined constant id - assumed 'id' F:\XAMPP\htdocs\toget\Application\Runtime\Cache\Admin\9bfef0f9f473c596f668b6c9a32bfd5c.php 第 24 行.
NOTIC: [8] Use of undefined constant id - assumed 'id' F:\XAMPP\htdocs\toget\Application\Runtime\Cache\Admin\9bfef0f9f473c596f668b6c9a32bfd5c.php 第 23 行.
NOTIC: [8] Use of undefined constant id - assumed 'id' F:\XAMPP\htdocs\toget\Application\Runtime\Cache\Admin\9bfef0f9f473c596f668b6c9a32bfd5c.php 第 24 行.
NOTIC: [8] Use of undefined constant id - assumed 'id' F:\XAMPP\htdocs\toget\Application\Runtime\Cache\Admin\9bfef0f9f473c596f668b6c9a32bfd5c.php 第 23 行.
NOTIC: [8] Use of undefined constant id - assumed 'id' F:\XAMPP\htdocs\toget\Application\Runtime\Cache\Admin\9bfef0f9f473c596f668b6c9a32bfd5c.php 第 24 行.
NOTIC: [8] Use of undefined constant id - assumed 'id' F:\XAMPP\htdocs\toget\Application\Runtime\Cache\Admin\9bfef0f9f473c596f668b6c9a32bfd5c.php 第 23 行.
NOTIC: [8] Use of undefined constant id - assumed 'id' F:\XAMPP\htdocs\toget\Application\Runtime\Cache\Admin\9bfef0f9f473c596f668b6c9a32bfd5c.php 第 24 行.
NOTIC: [8] Use of undefined constant id - assumed 'id' F:\XAMPP\htdocs\toget\Application\Runtime\Cache\Admin\9bfef0f9f473c596f668b6c9a32bfd5c.php 第 23 行.
NOTIC: [8] Use of undefined constant id - assumed 'id' F:\XAMPP\htdocs\toget\Application\Runtime\Cache\Admin\9bfef0f9f473c596f668b6c9a32bfd5c.php 第 24 行.
NOTIC: [8] Use of undefined constant id - assumed 'id' F:\XAMPP\htdocs\toget\Application\Runtime\Cache\Admin\9bfef0f9f473c596f668b6c9a32bfd5c.php 第 23 行.
NOTIC: [8] Use of undefined constant id - assumed 'id' F:\XAMPP\htdocs\toget\Application\Runtime\Cache\Admin\9bfef0f9f473c596f668b6c9a32bfd5c.php 第 24 行.
NOTIC: [8] Use of undefined constant id - assumed 'id' F:\XAMPP\htdocs\toget\Application\Runtime\Cache\Admin\9bfef0f9f473c596f668b6c9a32bfd5c.php 第 23 行.
NOTIC: [8] Use of undefined constant id - assumed 'id' F:\XAMPP\htdocs\toget\Application\Runtime\Cache\Admin\9bfef0f9f473c596f668b6c9a32bfd5c.php 第 24 行.
NOTIC: [8] Use of undefined constant id - assumed 'id' F:\XAMPP\htdocs\toget\Application\Runtime\Cache\Admin\9bfef0f9f473c596f668b6c9a32bfd5c.php 第 23 行.
NOTIC: [8] Use of undefined constant id - assumed 'id' F:\XAMPP\htdocs\toget\Application\Runtime\Cache\Admin\9bfef0f9f473c596f668b6c9a32bfd5c.php 第 24 行.
NOTIC: [8] Use of undefined constant id - assumed 'id' F:\XAMPP\htdocs\toget\Application\Runtime\Cache\Admin\9bfef0f9f473c596f668b6c9a32bfd5c.php 第 23 行.
NOTIC: [8] Use of undefined constant id - assumed 'id' F:\XAMPP\htdocs\toget\Application\Runtime\Cache\Admin\9bfef0f9f473c596f668b6c9a32bfd5c.php 第 24 行.
NOTIC: [8] Use of undefined constant id - assumed 'id' F:\XAMPP\htdocs\toget\Application\Runtime\Cache\Admin\9bfef0f9f473c596f668b6c9a32bfd5c.php 第 23 行.
NOTIC: [8] Use of undefined constant id - assumed 'id' F:\XAMPP\htdocs\toget\Application\Runtime\Cache\Admin\9bfef0f9f473c596f668b6c9a32bfd5c.php 第 24 行.
NOTIC: [8] Use of undefined constant id - assumed 'id' F:\XAMPP\htdocs\toget\Application\Runtime\Cache\Admin\9bfef0f9f473c596f668b6c9a32bfd5c.php 第 23 行.
NOTIC: [8] Use of undefined constant id - assumed 'id' F:\XAMPP\htdocs\toget\Application\Runtime\Cache\Admin\9bfef0f9f473c596f668b6c9a32bfd5c.php 第 24 行.
NOTIC: [8] Use of undefined constant id - assumed 'id' F:\XAMPP\htdocs\toget\Application\Runtime\Cache\Admin\9bfef0f9f473c596f668b6c9a32bfd5c.php 第 23 行.
NOTIC: [8] Use of undefined constant id - assumed 'id' F:\XAMPP\htdocs\toget\Application\Runtime\Cache\Admin\9bfef0f9f473c596f668b6c9a32bfd5c.php 第 24 行.
NOTIC: [8] Use of undefined constant id - assumed 'id' F:\XAMPP\htdocs\toget\Application\Runtime\Cache\Admin\9bfef0f9f473c596f668b6c9a32bfd5c.php 第 23 行.
NOTIC: [8] Use of undefined constant id - assumed 'id' F:\XAMPP\htdocs\toget\Application\Runtime\Cache\Admin\9bfef0f9f473c596f668b6c9a32bfd5c.php 第 24 行.
INFO: Run Behavior\ParseTemplateBehavior [ RunTime:0.079828s ]
INFO: [ view_parse ] --END-- [ RunTime:0.079990s ]
INFO: [ view_filter ] --START--
INFO: Run Behavior\WriteHtmlCacheBehavior [ RunTime:0.014232s ]
INFO: [ view_filter ] --END-- [ RunTime:0.014588s ]
INFO: [ app_end ] --START--
INFO: Run Behavior\ShowPageTraceBehavior [ RunTime:0.002062s ]
INFO: [ app_end ] --END-- [ RunTime:0.002146s ]

