[ 2017-05-24T18:29:19+08:00 ] 127.0.0.1 /index.php/admin/category/index
INFO: [ app_init ] --START--
INFO: Run Behavior\BuildLiteBehavior [ RunTime:0.000038s ]
INFO: [ app_init ] --END-- [ RunTime:0.001794s ]
INFO: [ app_begin ] --START--
INFO: Run Behavior\ReadHtmlCacheBehavior [ RunTime:0.020535s ]
INFO: [ app_begin ] --END-- [ RunTime:0.020811s ]
SQL: SHOW COLUMNS FROM `we_category` [ RunTime:0.0600s ]
SQL: SELECT * FROM `we_category`  [ RunTime:0.0014s ]
INFO: [ view_parse ] --START--
INFO: [ template_filter ] --START--
INFO: Run Behavior\ContentReplaceBehavior [ RunTime:0.000136s ]
INFO: [ template_filter ] --END-- [ RunTime:0.000350s ]
NOTIC: [8] Use of undefined constant id - assumed 'id' F:\XAMPP\htdocs\toget\Application\Runtime\Cache\Admin\9bfef0f9f473c596f668b6c9a32bfd5c.php 第 23 行.
NOTIC: [8] Use of undefined constant id - assumed 'id' F:\XAMPP\htdocs\toget\Application\Runtime\Cache\Admin\9bfef0f9f473c596f668b6c9a32bfd5c.php 第 24 行.
NOTIC: [8] Use of undefined constant id - assumed 'id' F:\XAMPP\htdocs\toget\Application\Runtime\Cache\Admin\9bfef0f9f473c596f668b6c9a32bfd5c.php 第 23 行.
NOTIC: [8] Use of undefined constant id - assumed 'id' F:\XAMPP\htdocs\toget\Application\Runtime\Cache\Admin\9bfef0f9f473c596f668b6c9a32bfd5c.php 第 24 行.
NOTIC: [8] Use of undefined constant id - assumed 'id' F:\XAMPP\htdocs\toget\Application\Runtime\Cache\Admin\9bfef0f9f473c596f668b6c9a32bfd5c.php 第 23 行.
NOTIC: [8] Use of undefined constant id - assumed 'id' F:\XAMPP\htdocs\toget\Application\Runtime\Cache\Admin\9bfef0f9f473c596f668b6c9a32bfd5c.php 第 24 行.
NOTIC: [8] Use of undefined constant id - assumed 'id' F:\XAMPP\htdocs\toget\Application\Runtime\Cache\Admin\9bfef0f9f473c596f668b6c9a32bfd5c.php 第 23 行.
NOTIC: [8] Use of undefined constant id - assumed 'id' F:\XAMPP\htdocs\toget\Application\Runtime\Cache\Admin\9bfef0f9f473c596f668b6c9a32bfd5c.php 第 24 行.
NOTIC: [8] Use of undefined constant id - assumed 'id' F:\XAMPP\htdocs\toget\Application\Runtime\Cache\Admin\9bfef0f9f473c596f668b6c9a32bfd5c.php 第 23 行.
NOTIC: [8] Use of undefined constant id - assumed 'id' F:\XAMPP\htdocs\toget\Application\Runtime\Cache\Admin\9bfef0f9f473c596f668b6c9a32bfd5c.php 第 24 行.
NOTIC: [8] Use of undefined constant id - assumed 'id' F:\XAMPP\htdocs\toget\Application\Runtime\Cache\Admin\9bfef0f9f473c596f668b6c9a32bfd5c.php 第 23 行.
NOTIC: [8] Use of undefined constant id - assumed 'id' F:\XAMPP\htdocs\toget\Application\Runtime\Cache\Admin\9bfef0f9f473c596f668b6c9a32bfd5c.php 第 24 行.
NOTIC: [8] Use of undefined constant id - assumed 'id' F:\XAMPP\htdocs\toget\Application\Runtime\Cache\Admin\9bfef0f9f473c596f668b6c9a32bfd5c.php 第 23 行.
NOTIC: [8] Use of undefined constant id - assumed 'id' F:\XAMPP\htdocs\toget\Application\Runtime\Cache\Admin\9bfef0f9f473c596f668b6c9a32bfd5c.php 第 24 行.
NOTIC: [8] Use of undefined constant id - assumed 'id' F:\XAMPP\htdocs\toget\Application\Runtime\Cache\Admin\9bfef0f9f473c596f668b6c9a32bfd5c.php 第 23 行.
NOTIC: [8] Use of undefined constant id - assumed 'id' F:\XAMPP\htdocs\toget\Application\Runtime\Cache\Admin\9bfef0f9f473c596f668b6c9a32bfd5c.php 第 24 行.
NOTIC: [8] Use of undefined constant id - assumed 'id' F:\XAMPP\htdocs\toget\Application\Runtime\Cache\Admin\9bfef0f9f473c596f668b6c9a32bfd5c.php 第 23 行.
NOTIC: [8] Use of undefined constant id - assumed 'id' F:\XAMPP\htdocs\toget\Application\Runtime\Cache\Admin\9bfef0f9f473c596f668b6c9a32bfd5c.php 第 24 行.
NOTIC: [8] Use of undefined constant id - assumed 'id' F:\XAMPP\htdocs\toget\Application\Runtime\Cache\Admin\9bfef0f9f473c596f668b6c9a32bfd5c.php 第 23 行.
NOTIC: [8] Use of undefined constant id - assumed 'id' F:\XAMPP\htdocs\toget\Application\Runtime\Cache\Admin\9bfef0f9f473c596f668b6c9a32bfd5c.php 第 24 行.
NOTIC: [8] Use of undefined constant id - assumed 'id' F:\XAMPP\htdocs\toget\Application\Runtime\Cache\Admin\9bfef0f9f473c596f668b6c9a32bfd5c.php 第 23 行.
NOTIC: [8] Use of undefined constant id - assumed 'id' F:\XAMPP\htdocs\toget\Application\Runtime\Cache\Admin\9bfef0f9f473c596f668b6c9a32bfd5c.php 第 24 行.
NOTIC: [8] Use of undefined constant id - assumed 'id' F:\XAMPP\htdocs\toget\Application\Runtime\Cache\Admin\9bfef0f9f473c596f668b6c9a32bfd5c.php 第 23 行.
NOTIC: [8] Use of undefined constant id - assumed 'id' F:\XAMPP\htdocs\toget\Application\Runtime\Cache\Admin\9bfef0f9f473c596f668b6c9a32bfd5c.php 第 24 行.
NOTIC: [8] Use of undefined constant id - assumed 'id' F:\XAMPP\htdocs\toget\Application\Runtime\Cache\Admin\9bfef0f9f473c596f668b6c9a32bfd5c.php 第 23 行.
NOTIC: [8] Use of undefined constant id - assumed 'id' F:\XAMPP\htdocs\toget\Application\Runtime\Cache\Admin\9bfef0f9f473c596f668b6c9a32bfd5c.php 第 24 行.
NOTIC: [8] Use of undefined constant id - assumed 'id' F:\XAMPP\htdocs\toget\Application\Runtime\Cache\Admin\9bfef0f9f473c596f668b6c9a32bfd5c.php 第 23 行.
NOTIC: [8] Use of undefined constant id - assumed 'id' F:\XAMPP\htdocs\toget\Application\Runtime\Cache\Admin\9bfef0f9f473c596f668b6c9a32bfd5c.php 第 24 行.
NOTIC: [8] Use of undefined constant id - assumed 'id' F:\XAMPP\htdocs\toget\Application\Runtime\Cache\Admin\9bfef0f9f473c596f668b6c9a32bfd5c.php 第 23 行.
NOTIC: [8] Use of undefined constant id - assumed 'id' F:\XAMPP\htdocs\toget\Application\Runtime\Cache\Admin\9bfef0f9f473c596f668b6c9a32bfd5c.php 第 24 行.
NOTIC: [8] Use of undefined constant id - assumed 'id' F:\XAMPP\htdocs\toget\Application\Runtime\Cache\Admin\9bfef0f9f473c596f668b6c9a32bfd5c.php 第 23 行.
NOTIC: [8] Use of undefined constant id - assumed 'id' F:\XAMPP\htdocs\toget\Application\Runtime\Cache\Admin\9bfef0f9f473c596f668b6c9a32bfd5c.php 第 24 行.
NOTIC: [8] Use of undefined constant id - assumed 'id' F:\XAMPP\htdocs\toget\Application\Runtime\Cache\Admin\9bfef0f9f473c596f668b6c9a32bfd5c.php 第 23 行.
NOTIC: [8] Use of undefined constant id - assumed 'id' F:\XAMPP\htdocs\toget\Application\Runtime\Cache\Admin\9bfef0f9f473c596f668b6c9a32bfd5c.php 第 24 行.
NOTIC: [8] Use of undefined constant id - assumed 'id' F:\XAMPP\htdocs\toget\Application\Runtime\Cache\Admin\9bfef0f9f473c596f668b6c9a32bfd5c.php 第 23 行.
NOTIC: [8] Use of undefined constant id - assumed 'id' F:\XAMPP\htdocs\toget\Application\Runtime\Cache\Admin\9bfef0f9f473c596f668b6c9a32bfd5c.php 第 24 行.
NOTIC: [8] Use of undefined constant id - assumed 'id' F:\XAMPP\htdocs\toget\Application\Runtime\Cache\Admin\9bfef0f9f473c596f668b6c9a32bfd5c.php 第 23 行.
NOTIC: [8] Use of undefined constant id - assumed 'id' F:\XAMPP\htdocs\toget\Application\Runtime\Cache\Admin\9bfef0f9f473c596f668b6c9a32bfd5c.php 第 24 行.
NOTIC: [8] Use of undefined constant id - assumed 'id' F:\XAMPP\htdocs\toget\Application\Runtime\Cache\Admin\9bfef0f9f473c596f668b6c9a32bfd5c.php 第 23 行.
NOTIC: [8] Use of undefined constant id - assumed 'id' F:\XAMPP\htdocs\toget\Application\Runtime\Cache\Admin\9bfef0f9f473c596f668b6c9a32bfd5c.php 第 24 行.
NOTIC: [8] Use of undefined constant id - assumed 'id' F:\XAMPP\htdocs\toget\Application\Runtime\Cache\Admin\9bfef0f9f473c596f668b6c9a32bfd5c.php 第 23 行.
NOTIC: [8] Use of undefined constant id - assumed 'id' F:\XAMPP\htdocs\toget\Application\Runtime\Cache\Admin\9bfef0f9f473c596f668b6c9a32bfd5c.php 第 24 行.
NOTIC: [8] Use of undefined constant id - assumed 'id' F:\XAMPP\htdocs\toget\Application\Runtime\Cache\Admin\9bfef0f9f473c596f668b6c9a32bfd5c.php 第 23 行.
NOTIC: [8] Use of undefined constant id - assumed 'id' F:\XAMPP\htdocs\toget\Application\Runtime\Cache\Admin\9bfef0f9f473c596f668b6c9a32bfd5c.php 第 24 行.
NOTIC: [8] Use of undefined constant id - assumed 'id' F:\XAMPP\htdocs\toget\Application\Runtime\Cache\Admin\9bfef0f9f473c596f668b6c9a32bfd5c.php 第 23 行.
NOTIC: [8] Use of undefined constant id - assumed 'id' F:\XAMPP\htdocs\toget\Application\Runtime\Cache\Admin\9bfef0f9f473c596f668b6c9a32bfd5c.php 第 24 行.
NOTIC: [8] Use of undefined constant id - assumed 'id' F:\XAMPP\htdocs\toget\Application\Runtime\Cache\Admin\9bfef0f9f473c596f668b6c9a32bfd5c.php 第 23 行.
NOTIC: [8] Use of undefined constant id - assumed 'id' F:\XAMPP\htdocs\toget\Application\Runtime\Cache\Admin\9bfef0f9f473c596f668b6c9a32bfd5c.php 第 24 行.
NOTIC: [8] Use of undefined constant id - assumed 'id' F:\XAMPP\htdocs\toget\Application\Runtime\Cache\Admin\9bfef0f9f473c596f668b6c9a32bfd5c.php 第 23 行.
NOTIC: [8] Use of undefined constant id - assumed 'id' F:\XAMPP\htdocs\toget\Application\Runtime\Cache\Admin\9bfef0f9f473c596f668b6c9a32bfd5c.php 第 24 行.
NOTIC: [8] Use of undefined constant id - assumed 'id' F:\XAMPP\htdocs\toget\Application\Runtime\Cache\Admin\9bfef0f9f473c596f668b6c9a32bfd5c.php 第 23 行.
NOTIC: [8] Use of undefined constant id - assumed 'id' F:\XAMPP\htdocs\toget\Application\Runtime\Cache\Admin\9bfef0f9f473c596f668b6c9a32bfd5c.php 第 24 行.
NOTIC: [8] Use of undefined constant id - assumed 'id' F:\XAMPP\htdocs\toget\Application\Runtime\Cache\Admin\9bfef0f9f473c596f668b6c9a32bfd5c.php 第 23 行.
NOTIC: [8] Use of undefined constant id - assumed 'id' F:\XAMPP\htdocs\toget\Application\Runtime\Cache\Admin\9bfef0f9f473c596f668b6c9a32bfd5c.php 第 24 行.
NOTIC: [8] Use of undefined constant id - assumed 'id' F:\XAMPP\htdocs\toget\Application\Runtime\Cache\Admin\9bfef0f9f473c596f668b6c9a32bfd5c.php 第 23 行.
NOTIC: [8] Use of undefined constant id - assumed 'id' F:\XAMPP\htdocs\toget\Application\Runtime\Cache\Admin\9bfef0f9f473c596f668b6c9a32bfd5c.php 第 24 行.
NOTIC: [8] Use of undefined constant id - assumed 'id' F:\XAMPP\htdocs\toget\Application\Runtime\Cache\Admin\9bfef0f9f473c596f668b6c9a32bfd5c.php 第 23 行.
NOTIC: [8] Use of undefined constant id - assumed 'id' F:\XAMPP\htdocs\toget\Application\Runtime\Cache\Admin\9bfef0f9f473c596f668b6c9a32bfd5c.php 第 24 行.
NOTIC: [8] Use of undefined constant id - assumed 'id' F:\XAMPP\htdocs\toget\Application\Runtime\Cache\Admin\9bfef0f9f473c596f668b6c9a32bfd5c.php 第 23 行.
NOTIC: [8] Use of undefined constant id - assumed 'id' F:\XAMPP\htdocs\toget\Application\Runtime\Cache\Admin\9bfef0f9f473c596f668b6c9a32bfd5c.php 第 24 行.
NOTIC: [8] Use of undefined constant id - assumed 'id' F:\XAMPP\htdocs\toget\Application\Runtime\Cache\Admin\9bfef0f9f473c596f668b6c9a32bfd5c.php 第 23 行.
NOTIC: [8] Use of undefined constant id - assumed 'id' F:\XAMPP\htdocs\toget\Application\Runtime\Cache\Admin\9bfef0f9f473c596f668b6c9a32bfd5c.php 第 24 行.
NOTIC: [8] Use of undefined constant id - assumed 'id' F:\XAMPP\htdocs\toget\Application\Runtime\Cache\Admin\9bfef0f9f473c596f668b6c9a32bfd5c.php 第 23 行.
NOTIC: [8] Use of undefined constant id - assumed 'id' F:\XAMPP\htdocs\toget\Application\Runtime\Cache\Admin\9bfef0f9f473c596f668b6c9a32bfd5c.php 第 24 行.
NOTIC: [8] Use of undefined constant id - assumed 'id' F:\XAMPP\htdocs\toget\Application\Runtime\Cache\Admin\9bfef0f9f473c596f668b6c9a32bfd5c.php 第 23 行.
NOTIC: [8] Use of undefined constant id - assumed 'id' F:\XAMPP\htdocs\toget\Application\Runtime\Cache\Admin\9bfef0f9f473c596f668b6c9a32bfd5c.php 第 24 行.
NOTIC: [8] Use of undefined constant id - assumed 'id' F:\XAMPP\htdocs\toget\Application\Runtime\Cache\Admin\9bfef0f9f473c596f668b6c9a32bfd5c.php 第 23 行.
NOTIC: [8] Use of undefined constant id - assumed 'id' F:\XAMPP\htdocs\toget\Application\Runtime\Cache\Admin\9bfef0f9f473c596f668b6c9a32bfd5c.php 第 24 行.
NOTIC: [8] Use of undefined constant id - assumed 'id' F:\XAMPP\htdocs\toget\Application\Runtime\Cache\Admin\9bfef0f9f473c596f668b6c9a32bfd5c.php 第 23 行.
NOTIC: [8] Use of undefined constant id - assumed 'id' F:\XAMPP\htdocs\toget\Application\Runtime\Cache\Admin\9bfef0f9f473c596f668b6c9a32bfd5c.php 第 24 行.
NOTIC: [8] Use of undefined constant id - assumed 'id' F:\XAMPP\htdocs\toget\Application\Runtime\Cache\Admin\9bfef0f9f473c596f668b6c9a32bfd5c.php 第 23 行.
NOTIC: [8] Use of undefined constant id - assumed 'id' F:\XAMPP\htdocs\toget\Application\Runtime\Cache\Admin\9bfef0f9f473c596f668b6c9a32bfd5c.php 第 24 行.
NOTIC: [8] Use of undefined constant id - assumed 'id' F:\XAMPP\htdocs\toget\Application\Runtime\Cache\Admin\9bfef0f9f473c596f668b6c9a32bfd5c.php 第 23 行.
NOTIC: [8] Use of undefined constant id - assumed 'id' F:\XAMPP\htdocs\toget\Application\Runtime\Cache\Admin\9bfef0f9f473c596f668b6c9a32bfd5c.php 第 24 行.
NOTIC: [8] Use of undefined constant id - assumed 'id' F:\XAMPP\htdocs\toget\Application\Runtime\Cache\Admin\9bfef0f9f473c596f668b6c9a32bfd5c.php 第 23 行.
NOTIC: [8] Use of undefined constant id - assumed 'id' F:\XAMPP\htdocs\toget\Application\Runtime\Cache\Admin\9bfef0f9f473c596f668b6c9a32bfd5c.php 第 24 行.
NOTIC: [8] Use of undefined constant id - assumed 'id' F:\XAMPP\htdocs\toget\Application\Runtime\Cache\Admin\9bfef0f9f473c596f668b6c9a32bfd5c.php 第 23 行.
NOTIC: [8] Use of undefined constant id - assumed 'id' F:\XAMPP\htdocs\toget\Application\Runtime\Cache\Admin\9bfef0f9f473c596f668b6c9a32bfd5c.php 第 24 行.
NOTIC: [8] Use of undefined constant id - assumed 'id' F:\XAMPP\htdocs\toget\Application\Runtime\Cache\Admin\9bfef0f9f473c596f668b6c9a32bfd5c.php 第 23 行.
NOTIC: [8] Use of undefined constant id - assumed 'id' F:\XAMPP\htdocs\toget\Application\Runtime\Cache\Admin\9bfef0f9f473c596f668b6c9a32bfd5c.php 第 24 行.
NOTIC: [8] Use of undefined constant id - assumed 'id' F:\XAMPP\htdocs\toget\Application\Runtime\Cache\Admin\9bfef0f9f473c596f668b6c9a32bfd5c.php 第 23 行.
NOTIC: [8] Use of undefined constant id - assumed 'id' F:\XAMPP\htdocs\toget\Application\Runtime\Cache\Admin\9bfef0f9f473c596f668b6c9a32bfd5c.php 第 24 行.
NOTIC: [8] Use of undefined constant id - assumed 'id' F:\XAMPP\htdocs\toget\Application\Runtime\Cache\Admin\9bfef0f9f473c596f668b6c9a32bfd5c.php 第 23 行.
NOTIC: [8] Use of undefined constant id - assumed 'id' F:\XAMPP\htdocs\toget\Application\Runtime\Cache\Admin\9bfef0f9f473c596f668b6c9a32bfd5c.php 第 24 行.
NOTIC: [8] Use of undefined constant id - assumed 'id' F:\XAMPP\htdocs\toget\Application\Runtime\Cache\Admin\9bfef0f9f473c596f668b6c9a32bfd5c.php 第 23 行.
NOTIC: [8] Use of undefined constant id - assumed 'id' F:\XAMPP\htdocs\toget\Application\Runtime\Cache\Admin\9bfef0f9f473c596f668b6c9a32bfd5c.php 第 24 行.
NOTIC: [8] Use of undefined constant id - assumed 'id' F:\XAMPP\htdocs\toget\Application\Runtime\Cache\Admin\9bfef0f9f473c596f668b6c9a32bfd5c.php 第 23 行.
NOTIC: [8] Use of undefined constant id - assumed 'id' F:\XAMPP\htdocs\toget\Application\Runtime\Cache\Admin\9bfef0f9f473c596f668b6c9a32bfd5c.php 第 24 行.
NOTIC: [8] Use of undefined constant id - assumed 'id' F:\XAMPP\htdocs\toget\Application\Runtime\Cache\Admin\9bfef0f9f473c596f668b6c9a32bfd5c.php 第 23 行.
NOTIC: [8] Use of undefined constant id - assumed 'id' F:\XAMPP\htdocs\toget\Application\Runtime\Cache\Admin\9bfef0f9f473c596f668b6c9a32bfd5c.php 第 24 行.
NOTIC: [8] Use of undefined constant id - assumed 'id' F:\XAMPP\htdocs\toget\Application\Runtime\Cache\Admin\9bfef0f9f473c596f668b6c9a32bfd5c.php 第 23 行.
NOTIC: [8] Use of undefined constant id - assumed 'id' F:\XAMPP\htdocs\toget\Application\Runtime\Cache\Admin\9bfef0f9f473c596f668b6c9a32bfd5c.php 第 24 行.
NOTIC: [8] Use of undefined constant id - assumed 'id' F:\XAMPP\htdocs\toget\Application\Runtime\Cache\Admin\9bfef0f9f473c596f668b6c9a32bfd5c.php 第 23 行.
NOTIC: [8] Use of undefined constant id - assumed 'id' F:\XAMPP\htdocs\toget\Application\Runtime\Cache\Admin\9bfef0f9f473c596f668b6c9a32bfd5c.php 第 24 行.
NOTIC: [8] Use of undefined constant id - assumed 'id' F:\XAMPP\htdocs\toget\Application\Runtime\Cache\Admin\9bfef0f9f473c596f668b6c9a32bfd5c.php 第 23 行.
NOTIC: [8] Use of undefined constant id - assumed 'id' F:\XAMPP\htdocs\toget\Application\Runtime\Cache\Admin\9bfef0f9f473c596f668b6c9a32bfd5c.php 第 24 行.
INFO: Run Behavior\ParseTemplateBehavior [ RunTime:0.115872s ]
INFO: [ view_parse ] --END-- [ RunTime:0.116020s ]
INFO: [ view_filter ] --START--
INFO: Run Behavior\WriteHtmlCacheBehavior [ RunTime:0.039758s ]
INFO: [ view_filter ] --END-- [ RunTime:0.039903s ]
INFO: [ app_end ] --START--
INFO: Run Behavior\ShowPageTraceBehavior [ RunTime:0.003143s ]
INFO: [ app_end ] --END-- [ RunTime:0.003372s ]

[ 2017-05-24T20:25:59+08:00 ] 127.0.0.1 /index.php/admin/category/index
INFO: [ app_init ] --START--
INFO: Run Behavior\BuildLiteBehavior [ RunTime:0.000015s ]
INFO: [ app_init ] --END-- [ RunTime:0.088142s ]
INFO: [ app_begin ] --START--
INFO: Run Behavior\ReadHtmlCacheBehavior [ RunTime:0.103500s ]
INFO: [ app_begin ] --END-- [ RunTime:0.103597s ]
SQL: SHOW COLUMNS FROM `we_category` [ RunTime:0.1419s ]
SQL: SELECT * FROM `we_category`  [ RunTime:0.0014s ]
INFO: [ view_parse ] --START--
INFO: [ template_filter ] --START--
INFO: Run Behavior\ContentReplaceBehavior [ RunTime:0.000415s ]
INFO: [ template_filter ] --END-- [ RunTime:0.000644s ]
NOTIC: [8] Use of undefined constant id - assumed 'id' F:\XAMPP\htdocs\toget\Application\Runtime\Cache\Admin\9bfef0f9f473c596f668b6c9a32bfd5c.php 第 23 行.
NOTIC: [8] Use of undefined constant id - assumed 'id' F:\XAMPP\htdocs\toget\Application\Runtime\Cache\Admin\9bfef0f9f473c596f668b6c9a32bfd5c.php 第 24 行.
NOTIC: [8] Use of undefined constant id - assumed 'id' F:\XAMPP\htdocs\toget\Application\Runtime\Cache\Admin\9bfef0f9f473c596f668b6c9a32bfd5c.php 第 23 行.
NOTIC: [8] Use of undefined constant id - assumed 'id' F:\XAMPP\htdocs\toget\Application\Runtime\Cache\Admin\9bfef0f9f473c596f668b6c9a32bfd5c.php 第 24 行.
NOTIC: [8] Use of undefined constant id - assumed 'id' F:\XAMPP\htdocs\toget\Application\Runtime\Cache\Admin\9bfef0f9f473c596f668b6c9a32bfd5c.php 第 23 行.
NOTIC: [8] Use of undefined constant id - assumed 'id' F:\XAMPP\htdocs\toget\Application\Runtime\Cache\Admin\9bfef0f9f473c596f668b6c9a32bfd5c.php 第 24 行.
NOTIC: [8] Use of undefined constant id - assumed 'id' F:\XAMPP\htdocs\toget\Application\Runtime\Cache\Admin\9bfef0f9f473c596f668b6c9a32bfd5c.php 第 23 行.
NOTIC: [8] Use of undefined constant id - assumed 'id' F:\XAMPP\htdocs\toget\Application\Runtime\Cache\Admin\9bfef0f9f473c596f668b6c9a32bfd5c.php 第 24 行.
NOTIC: [8] Use of undefined constant id - assumed 'id' F:\XAMPP\htdocs\toget\Application\Runtime\Cache\Admin\9bfef0f9f473c596f668b6c9a32bfd5c.php 第 23 行.
NOTIC: [8] Use of undefined constant id - assumed 'id' F:\XAMPP\htdocs\toget\Application\Runtime\Cache\Admin\9bfef0f9f473c596f668b6c9a32bfd5c.php 第 24 行.
NOTIC: [8] Use of undefined constant id - assumed 'id' F:\XAMPP\htdocs\toget\Application\Runtime\Cache\Admin\9bfef0f9f473c596f668b6c9a32bfd5c.php 第 23 行.
NOTIC: [8] Use of undefined constant id - assumed 'id' F:\XAMPP\htdocs\toget\Application\Runtime\Cache\Admin\9bfef0f9f473c596f668b6c9a32bfd5c.php 第 24 行.
NOTIC: [8] Use of undefined constant id - assumed 'id' F:\XAMPP\htdocs\toget\Application\Runtime\Cache\Admin\9bfef0f9f473c596f668b6c9a32bfd5c.php 第 23 行.
NOTIC: [8] Use of undefined constant id - assumed 'id' F:\XAMPP\htdocs\toget\Application\Runtime\Cache\Admin\9bfef0f9f473c596f668b6c9a32bfd5c.php 第 24 行.
NOTIC: [8] Use of undefined constant id - assumed 'id' F:\XAMPP\htdocs\toget\Application\Runtime\Cache\Admin\9bfef0f9f473c596f668b6c9a32bfd5c.php 第 23 行.
NOTIC: [8] Use of undefined constant id - assumed 'id' F:\XAMPP\htdocs\toget\Application\Runtime\Cache\Admin\9bfef0f9f473c596f668b6c9a32bfd5c.php 第 24 行.
NOTIC: [8] Use of undefined constant id - assumed 'id' F:\XAMPP\htdocs\toget\Application\Runtime\Cache\Admin\9bfef0f9f473c596f668b6c9a32bfd5c.php 第 23 行.
NOTIC: [8] Use of undefined constant id - assumed 'id' F:\XAMPP\htdocs\toget\Application\Runtime\Cache\Admin\9bfef0f9f473c596f668b6c9a32bfd5c.php 第 24 行.
NOTIC: [8] Use of undefined constant id - assumed 'id' F:\XAMPP\htdocs\toget\Application\Runtime\Cache\Admin\9bfef0f9f473c596f668b6c9a32bfd5c.php 第 23 行.
NOTIC: [8] Use of undefined constant id - assumed 'id' F:\XAMPP\htdocs\toget\Application\Runtime\Cache\Admin\9bfef0f9f473c596f668b6c9a32bfd5c.php 第 24 行.
NOTIC: [8] Use of undefined constant id - assumed 'id' F:\XAMPP\htdocs\toget\Application\Runtime\Cache\Admin\9bfef0f9f473c596f668b6c9a32bfd5c.php 第 23 行.
NOTIC: [8] Use of undefined constant id - assumed 'id' F:\XAMPP\htdocs\toget\Application\Runtime\Cache\Admin\9bfef0f9f473c596f668b6c9a32bfd5c.php 第 24 行.
NOTIC: [8] Use of undefined constant id - assumed 'id' F:\XAMPP\htdocs\toget\Application\Runtime\Cache\Admin\9bfef0f9f473c596f668b6c9a32bfd5c.php 第 23 行.
NOTIC: [8] Use of undefined constant id - assumed 'id' F:\XAMPP\htdocs\toget\Application\Runtime\Cache\Admin\9bfef0f9f473c596f668b6c9a32bfd5c.php 第 24 行.
NOTIC: [8] Use of undefined constant id - assumed 'id' F:\XAMPP\htdocs\toget\Application\Runtime\Cache\Admin\9bfef0f9f473c596f668b6c9a32bfd5c.php 第 23 行.
NOTIC: [8] Use of undefined constant id - assumed 'id' F:\XAMPP\htdocs\toget\Application\Runtime\Cache\Admin\9bfef0f9f473c596f668b6c9a32bfd5c.php 第 24 行.
NOTIC: [8] Use of undefined constant id - assumed 'id' F:\XAMPP\htdocs\toget\Application\Runtime\Cache\Admin\9bfef0f9f473c596f668b6c9a32bfd5c.php 第 23 行.
NOTIC: [8] Use of undefined constant id - assumed 'id' F:\XAMPP\htdocs\toget\Application\Runtime\Cache\Admin\9bfef0f9f473c596f668b6c9a32bfd5c.php 第 24 行.
NOTIC: [8] Use of undefined constant id - assumed 'id' F:\XAMPP\htdocs\toget\Application\Runtime\Cache\Admin\9bfef0f9f473c596f668b6c9a32bfd5c.php 第 23 行.
NOTIC: [8] Use of undefined constant id - assumed 'id' F:\XAMPP\htdocs\toget\Application\Runtime\Cache\Admin\9bfef0f9f473c596f668b6c9a32bfd5c.php 第 24 行.
NOTIC: [8] Use of undefined constant id - assumed 'id' F:\XAMPP\htdocs\toget\Application\Runtime\Cache\Admin\9bfef0f9f473c596f668b6c9a32bfd5c.php 第 23 行.
NOTIC: [8] Use of undefined constant id - assumed 'id' F:\XAMPP\htdocs\toget\Application\Runtime\Cache\Admin\9bfef0f9f473c596f668b6c9a32bfd5c.php 第 24 行.
NOTIC: [8] Use of undefined constant id - assumed 'id' F:\XAMPP\htdocs\toget\Application\Runtime\Cache\Admin\9bfef0f9f473c596f668b6c9a32bfd5c.php 第 23 行.
NOTIC: [8] Use of undefined constant id - assumed 'id' F:\XAMPP\htdocs\toget\Application\Runtime\Cache\Admin\9bfef0f9f473c596f668b6c9a32bfd5c.php 第 24 行.
NOTIC: [8] Use of undefined constant id - assumed 'id' F:\XAMPP\htdocs\toget\Application\Runtime\Cache\Admin\9bfef0f9f473c596f668b6c9a32bfd5c.php 第 23 行.
NOTIC: [8] Use of undefined constant id - assumed 'id' F:\XAMPP\htdocs\toget\Application\Runtime\Cache\Admin\9bfef0f9f473c596f668b6c9a32bfd5c.php 第 24 行.
NOTIC: [8] Use of undefined constant id - assumed 'id' F:\XAMPP\htdocs\toget\Application\Runtime\Cache\Admin\9bfef0f9f473c596f668b6c9a32bfd5c.php 第 23 行.
NOTIC: [8] Use of undefined constant id - assumed 'id' F:\XAMPP\htdocs\toget\Application\Runtime\Cache\Admin\9bfef0f9f473c596f668b6c9a32bfd5c.php 第 24 行.
NOTIC: [8] Use of undefined constant id - assumed 'id' F:\XAMPP\htdocs\toget\Application\Runtime\Cache\Admin\9bfef0f9f473c596f668b6c9a32bfd5c.php 第 23 行.
NOTIC: [8] Use of undefined constant id - assumed 'id' F:\XAMPP\htdocs\toget\Application\Runtime\Cache\Admin\9bfef0f9f473c596f668b6c9a32bfd5c.php 第 24 行.
NOTIC: [8] Use of undefined constant id - assumed 'id' F:\XAMPP\htdocs\toget\Application\Runtime\Cache\Admin\9bfef0f9f473c596f668b6c9a32bfd5c.php 第 23 行.
NOTIC: [8] Use of undefined constant id - assumed 'id' F:\XAMPP\htdocs\toget\Application\Runtime\Cache\Admin\9bfef0f9f473c596f668b6c9a32bfd5c.php 第 24 行.
NOTIC: [8] Use of undefined constant id - assumed 'id' F:\XAMPP\htdocs\toget\Application\Runtime\Cache\Admin\9bfef0f9f473c596f668b6c9a32bfd5c.php 第 23 行.
NOTIC: [8] Use of undefined constant id - assumed 'id' F:\XAMPP\htdocs\toget\Application\Runtime\Cache\Admin\9bfef0f9f473c596f668b6c9a32bfd5c.php 第 24 行.
NOTIC: [8] Use of undefined constant id - assumed 'id' F:\XAMPP\htdocs\toget\Application\Runtime\Cache\Admin\9bfef0f9f473c596f668b6c9a32bfd5c.php 第 23 行.
NOTIC: [8] Use of undefined constant id - assumed 'id' F:\XAMPP\htdocs\toget\Application\Runtime\Cache\Admin\9bfef0f9f473c596f668b6c9a32bfd5c.php 第 24 行.
NOTIC: [8] Use of undefined constant id - assumed 'id' F:\XAMPP\htdocs\toget\Application\Runtime\Cache\Admin\9bfef0f9f473c596f668b6c9a32bfd5c.php 第 23 行.
NOTIC: [8] Use of undefined constant id - assumed 'id' F:\XAMPP\htdocs\toget\Application\Runtime\Cache\Admin\9bfef0f9f473c596f668b6c9a32bfd5c.php 第 24 行.
NOTIC: [8] Use of undefined constant id - assumed 'id' F:\XAMPP\htdocs\toget\Application\Runtime\Cache\Admin\9bfef0f9f473c596f668b6c9a32bfd5c.php 第 23 行.
NOTIC: [8] Use of undefined constant id - assumed 'id' F:\XAMPP\htdocs\toget\Application\Runtime\Cache\Admin\9bfef0f9f473c596f668b6c9a32bfd5c.php 第 24 行.
NOTIC: [8] Use of undefined constant id - assumed 'id' F:\XAMPP\htdocs\toget\Application\Runtime\Cache\Admin\9bfef0f9f473c596f668b6c9a32bfd5c.php 第 23 行.
NOTIC: [8] Use of undefined constant id - assumed 'id' F:\XAMPP\htdocs\toget\Application\Runtime\Cache\Admin\9bfef0f9f473c596f668b6c9a32bfd5c.php 第 24 行.
NOTIC: [8] Use of undefined constant id - assumed 'id' F:\XAMPP\htdocs\toget\Application\Runtime\Cache\Admin\9bfef0f9f473c596f668b6c9a32bfd5c.php 第 23 行.
NOTIC: [8] Use of undefined constant id - assumed 'id' F:\XAMPP\htdocs\toget\Application\Runtime\Cache\Admin\9bfef0f9f473c596f668b6c9a32bfd5c.php 第 24 行.
NOTIC: [8] Use of undefined constant id - assumed 'id' F:\XAMPP\htdocs\toget\Application\Runtime\Cache\Admin\9bfef0f9f473c596f668b6c9a32bfd5c.php 第 23 行.
NOTIC: [8] Use of undefined constant id - assumed 'id' F:\XAMPP\htdocs\toget\Application\Runtime\Cache\Admin\9bfef0f9f473c596f668b6c9a32bfd5c.php 第 24 行.
NOTIC: [8] Use of undefined constant id - assumed 'id' F:\XAMPP\htdocs\toget\Application\Runtime\Cache\Admin\9bfef0f9f473c596f668b6c9a32bfd5c.php 第 23 行.
NOTIC: [8] Use of undefined constant id - assumed 'id' F:\XAMPP\htdocs\toget\Application\Runtime\Cache\Admin\9bfef0f9f473c596f668b6c9a32bfd5c.php 第 24 行.
NOTIC: [8] Use of undefined constant id - assumed 'id' F:\XAMPP\htdocs\toget\Application\Runtime\Cache\Admin\9bfef0f9f473c596f668b6c9a32bfd5c.php 第 23 行.
NOTIC: [8] Use of undefined constant id - assumed 'id' F:\XAMPP\htdocs\toget\Application\Runtime\Cache\Admin\9bfef0f9f473c596f668b6c9a32bfd5c.php 第 24 行.
NOTIC: [8] Use of undefined constant id - assumed 'id' F:\XAMPP\htdocs\toget\Application\Runtime\Cache\Admin\9bfef0f9f473c596f668b6c9a32bfd5c.php 第 23 行.
NOTIC: [8] Use of undefined constant id - assumed 'id' F:\XAMPP\htdocs\toget\Application\Runtime\Cache\Admin\9bfef0f9f473c596f668b6c9a32bfd5c.php 第 24 行.
NOTIC: [8] Use of undefined constant id - assumed 'id' F:\XAMPP\htdocs\toget\Application\Runtime\Cache\Admin\9bfef0f9f473c596f668b6c9a32bfd5c.php 第 23 行.
NOTIC: [8] Use of undefined constant id - assumed 'id' F:\XAMPP\htdocs\toget\Application\Runtime\Cache\Admin\9bfef0f9f473c596f668b6c9a32bfd5c.php 第 24 行.
NOTIC: [8] Use of undefined constant id - assumed 'id' F:\XAMPP\htdocs\toget\Application\Runtime\Cache\Admin\9bfef0f9f473c596f668b6c9a32bfd5c.php 第 23 行.
NOTIC: [8] Use of undefined constant id - assumed 'id' F:\XAMPP\htdocs\toget\Application\Runtime\Cache\Admin\9bfef0f9f473c596f668b6c9a32bfd5c.php 第 24 行.
NOTIC: [8] Use of undefined constant id - assumed 'id' F:\XAMPP\htdocs\toget\Application\Runtime\Cache\Admin\9bfef0f9f473c596f668b6c9a32bfd5c.php 第 23 行.
NOTIC: [8] Use of undefined constant id - assumed 'id' F:\XAMPP\htdocs\toget\Application\Runtime\Cache\Admin\9bfef0f9f473c596f668b6c9a32bfd5c.php 第 24 行.
NOTIC: [8] Use of undefined constant id - assumed 'id' F:\XAMPP\htdocs\toget\Application\Runtime\Cache\Admin\9bfef0f9f473c596f668b6c9a32bfd5c.php 第 23 行.
NOTIC: [8] Use of undefined constant id - assumed 'id' F:\XAMPP\htdocs\toget\Application\Runtime\Cache\Admin\9bfef0f9f473c596f668b6c9a32bfd5c.php 第 24 行.
NOTIC: [8] Use of undefined constant id - assumed 'id' F:\XAMPP\htdocs\toget\Application\Runtime\Cache\Admin\9bfef0f9f473c596f668b6c9a32bfd5c.php 第 23 行.
NOTIC: [8] Use of undefined constant id - assumed 'id' F:\XAMPP\htdocs\toget\Application\Runtime\Cache\Admin\9bfef0f9f473c596f668b6c9a32bfd5c.php 第 24 行.
NOTIC: [8] Use of undefined constant id - assumed 'id' F:\XAMPP\htdocs\toget\Application\Runtime\Cache\Admin\9bfef0f9f473c596f668b6c9a32bfd5c.php 第 23 行.
NOTIC: [8] Use of undefined constant id - assumed 'id' F:\XAMPP\htdocs\toget\Application\Runtime\Cache\Admin\9bfef0f9f473c596f668b6c9a32bfd5c.php 第 24 行.
NOTIC: [8] Use of undefined constant id - assumed 'id' F:\XAMPP\htdocs\toget\Application\Runtime\Cache\Admin\9bfef0f9f473c596f668b6c9a32bfd5c.php 第 23 行.
NOTIC: [8] Use of undefined constant id - assumed 'id' F:\XAMPP\htdocs\toget\Application\Runtime\Cache\Admin\9bfef0f9f473c596f668b6c9a32bfd5c.php 第 24 行.
NOTIC: [8] Use of undefined constant id - assumed 'id' F:\XAMPP\htdocs\toget\Application\Runtime\Cache\Admin\9bfef0f9f473c596f668b6c9a32bfd5c.php 第 23 行.
NOTIC: [8] Use of undefined constant id - assumed 'id' F:\XAMPP\htdocs\toget\Application\Runtime\Cache\Admin\9bfef0f9f473c596f668b6c9a32bfd5c.php 第 24 行.
NOTIC: [8] Use of undefined constant id - assumed 'id' F:\XAMPP\htdocs\toget\Application\Runtime\Cache\Admin\9bfef0f9f473c596f668b6c9a32bfd5c.php 第 23 行.
NOTIC: [8] Use of undefined constant id - assumed 'id' F:\XAMPP\htdocs\toget\Application\Runtime\Cache\Admin\9bfef0f9f473c596f668b6c9a32bfd5c.php 第 24 行.
NOTIC: [8] Use of undefined constant id - assumed 'id' F:\XAMPP\htdocs\toget\Application\Runtime\Cache\Admin\9bfef0f9f473c596f668b6c9a32bfd5c.php 第 23 行.
NOTIC: [8] Use of undefined constant id - assumed 'id' F:\XAMPP\htdocs\toget\Application\Runtime\Cache\Admin\9bfef0f9f473c596f668b6c9a32bfd5c.php 第 24 行.
NOTIC: [8] Use of undefined constant id - assumed 'id' F:\XAMPP\htdocs\toget\Application\Runtime\Cache\Admin\9bfef0f9f473c596f668b6c9a32bfd5c.php 第 23 行.
NOTIC: [8] Use of undefined constant id - assumed 'id' F:\XAMPP\htdocs\toget\Application\Runtime\Cache\Admin\9bfef0f9f473c596f668b6c9a32bfd5c.php 第 24 行.
NOTIC: [8] Use of undefined constant id - assumed 'id' F:\XAMPP\htdocs\toget\Application\Runtime\Cache\Admin\9bfef0f9f473c596f668b6c9a32bfd5c.php 第 23 行.
NOTIC: [8] Use of undefined constant id - assumed 'id' F:\XAMPP\htdocs\toget\Application\Runtime\Cache\Admin\9bfef0f9f473c596f668b6c9a32bfd5c.php 第 24 行.
NOTIC: [8] Use of undefined constant id - assumed 'id' F:\XAMPP\htdocs\toget\Application\Runtime\Cache\Admin\9bfef0f9f473c596f668b6c9a32bfd5c.php 第 23 行.
NOTIC: [8] Use of undefined constant id - assumed 'id' F:\XAMPP\htdocs\toget\Application\Runtime\Cache\Admin\9bfef0f9f473c596f668b6c9a32bfd5c.php 第 24 行.
NOTIC: [8] Use of undefined constant id - assumed 'id' F:\XAMPP\htdocs\toget\Application\Runtime\Cache\Admin\9bfef0f9f473c596f668b6c9a32bfd5c.php 第 23 行.
NOTIC: [8] Use of undefined constant id - assumed 'id' F:\XAMPP\htdocs\toget\Application\Runtime\Cache\Admin\9bfef0f9f473c596f668b6c9a32bfd5c.php 第 24 行.
NOTIC: [8] Use of undefined constant id - assumed 'id' F:\XAMPP\htdocs\toget\Application\Runtime\Cache\Admin\9bfef0f9f473c596f668b6c9a32bfd5c.php 第 23 行.
NOTIC: [8] Use of undefined constant id - assumed 'id' F:\XAMPP\htdocs\toget\Application\Runtime\Cache\Admin\9bfef0f9f473c596f668b6c9a32bfd5c.php 第 24 行.
NOTIC: [8] Use of undefined constant id - assumed 'id' F:\XAMPP\htdocs\toget\Application\Runtime\Cache\Admin\9bfef0f9f473c596f668b6c9a32bfd5c.php 第 23 行.
NOTIC: [8] Use of undefined constant id - assumed 'id' F:\XAMPP\htdocs\toget\Application\Runtime\Cache\Admin\9bfef0f9f473c596f668b6c9a32bfd5c.php 第 24 行.
NOTIC: [8] Use of undefined constant id - assumed 'id' F:\XAMPP\htdocs\toget\Application\Runtime\Cache\Admin\9bfef0f9f473c596f668b6c9a32bfd5c.php 第 23 行.
NOTIC: [8] Use of undefined constant id - assumed 'id' F:\XAMPP\htdocs\toget\Application\Runtime\Cache\Admin\9bfef0f9f473c596f668b6c9a32bfd5c.php 第 24 行.
INFO: Run Behavior\ParseTemplateBehavior [ RunTime:0.263171s ]
INFO: [ view_parse ] --END-- [ RunTime:0.263307s ]
INFO: [ view_filter ] --START--
INFO: Run Behavior\WriteHtmlCacheBehavior [ RunTime:0.050866s ]
INFO: [ view_filter ] --END-- [ RunTime:0.051119s ]
INFO: [ app_end ] --START--
INFO: Run Behavior\ShowPageTraceBehavior [ RunTime:0.052334s ]
INFO: [ app_end ] --END-- [ RunTime:0.052514s ]

