[ 2017-05-23T13:48:09+08:00 ] 127.0.0.1 /index.php/admin/category/index
INFO: [ app_init ] --START--
INFO: Run Behavior\BuildLiteBehavior [ RunTime:0.000036s ]
INFO: [ app_init ] --END-- [ RunTime:0.199100s ]
INFO: [ app_begin ] --START--
INFO: Run Behavior\ReadHtmlCacheBehavior [ RunTime:0.049705s ]
INFO: [ app_begin ] --END-- [ RunTime:0.049876s ]
SQL: SHOW COLUMNS FROM `we_category` [ RunTime:0.3059s ]
SQL: SELECT * FROM `we_category`  [ RunTime:0.0011s ]
INFO: [ view_parse ] --START--
INFO: [ template_filter ] --START--
INFO: Run Behavior\ContentReplaceBehavior [ RunTime:0.137912s ]
INFO: [ template_filter ] --END-- [ RunTime:0.138145s ]
NOTIC: [8] Use of undefined constant id - assumed 'id' F:\XAMPP\htdocs\toget\Application\Runtime\Cache\Admin\9bfef0f9f473c596f668b6c9a32bfd5c.php 第 23 行.
NOTIC: [8] Use of undefined constant id - assumed 'id' F:\XAMPP\htdocs\toget\Application\Runtime\Cache\Admin\9bfef0f9f473c596f668b6c9a32bfd5c.php 第 24 行.
NOTIC: [8] Use of undefined constant id - assumed 'id' F:\XAMPP\htdocs\toget\Application\Runtime\Cache\Admin\9bfef0f9f473c596f668b6c9a32bfd5c.php 第 23 行.
NOTIC: [8] Use of undefined constant id - assumed 'id' F:\XAMPP\htdocs\toget\Application\Runtime\Cache\Admin\9bfef0f9f473c596f668b6c9a32bfd5c.php 第 24 行.
NOTIC: [8] Use of undefined constant id - assumed 'id' F:\XAMPP\htdocs\toget\Application\Runtime\Cache\Admin\9bfef0f9f473c596f668b6c9a32bfd5c.php 第 23 行.
NOTIC: [8] Use of undefined constant id - assumed 'id' F:\XAMPP\htdocs\toget\Application\Runtime\Cache\Admin\9bfef0f9f473c596f668b6c9a32bfd5c.php 第 24 行.
NOTIC: [8] Use of undefined constant id - assumed 'id' F:\XAMPP\htdocs\toget\Application\Runtime\Cache\Admin\9bfef0f9f473c596f668b6c9a32bfd5c.php 第 23 行.
NOTIC: [8] Use of undefined constant id - assumed 'id' F:\XAMPP\htdocs\toget\Application\Runtime\Cache\Admin\9bfef0f9f473c596f668b6c9a32bfd5c.php 第 24 行.
NOTIC: [8] Use of undefined constant id - assumed 'id' F:\XAMPP\htdocs\toget\Application\Runtime\Cache\Admin\9bfef0f9f473c596f668b6c9a32bfd5c.php 第 23 行.
NOTIC: [8] Use of undefined constant id - assumed 'id' F:\XAMPP\htdocs\toget\Application\Runtime\Cache\Admin\9bfef0f9f473c596f668b6c9a32bfd5c.php 第 24 行.
NOTIC: [8] Use of undefined constant id - assumed 'id' F:\XAMPP\htdocs\toget\Application\Runtime\Cache\Admin\9bfef0f9f473c596f668b6c9a32bfd5c.php 第 23 行.
NOTIC: [8] Use of undefined constant id - assumed 'id' F:\XAMPP\htdocs\toget\Application\Runtime\Cache\Admin\9bfef0f9f473c596f668b6c9a32bfd5c.php 第 24 行.
NOTIC: [8] Use of undefined constant id - assumed 'id' F:\XAMPP\htdocs\toget\Application\Runtime\Cache\Admin\9bfef0f9f473c596f668b6c9a32bfd5c.php 第 23 行.
NOTIC: [8] Use of undefined constant id - assumed 'id' F:\XAMPP\htdocs\toget\Application\Runtime\Cache\Admin\9bfef0f9f473c596f668b6c9a32bfd5c.php 第 24 行.
NOTIC: [8] Use of undefined constant id - assumed 'id' F:\XAMPP\htdocs\toget\Application\Runtime\Cache\Admin\9bfef0f9f473c596f668b6c9a32bfd5c.php 第 23 行.
NOTIC: [8] Use of undefined constant id - assumed 'id' F:\XAMPP\htdocs\toget\Application\Runtime\Cache\Admin\9bfef0f9f473c596f668b6c9a32bfd5c.php 第 24 行.
NOTIC: [8] Use of undefined constant id - assumed 'id' F:\XAMPP\htdocs\toget\Application\Runtime\Cache\Admin\9bfef0f9f473c596f668b6c9a32bfd5c.php 第 23 行.
NOTIC: [8] Use of undefined constant id - assumed 'id' F:\XAMPP\htdocs\toget\Application\Runtime\Cache\Admin\9bfef0f9f473c596f668b6c9a32bfd5c.php 第 24 行.
NOTIC: [8] Use of undefined constant id - assumed 'id' F:\XAMPP\htdocs\toget\Application\Runtime\Cache\Admin\9bfef0f9f473c596f668b6c9a32bfd5c.php 第 23 行.
NOTIC: [8] Use of undefined constant id - assumed 'id' F:\XAMPP\htdocs\toget\Application\Runtime\Cache\Admin\9bfef0f9f473c596f668b6c9a32bfd5c.php 第 24 行.
NOTIC: [8] Use of undefined constant id - assumed 'id' F:\XAMPP\htdocs\toget\Application\Runtime\Cache\Admin\9bfef0f9f473c596f668b6c9a32bfd5c.php 第 23 行.
NOTIC: [8] Use of undefined constant id - assumed 'id' F:\XAMPP\htdocs\toget\Application\Runtime\Cache\Admin\9bfef0f9f473c596f668b6c9a32bfd5c.php 第 24 行.
NOTIC: [8] Use of undefined constant id - assumed 'id' F:\XAMPP\htdocs\toget\Application\Runtime\Cache\Admin\9bfef0f9f473c596f668b6c9a32bfd5c.php 第 23 行.
NOTIC: [8] Use of undefined constant id - assumed 'id' F:\XAMPP\htdocs\toget\Application\Runtime\Cache\Admin\9bfef0f9f473c596f668b6c9a32bfd5c.php 第 24 行.
NOTIC: [8] Use of undefined constant id - assumed 'id' F:\XAMPP\htdocs\toget\Application\Runtime\Cache\Admin\9bfef0f9f473c596f668b6c9a32bfd5c.php 第 23 行.
NOTIC: [8] Use of undefined constant id - assumed 'id' F:\XAMPP\htdocs\toget\Application\Runtime\Cache\Admin\9bfef0f9f473c596f668b6c9a32bfd5c.php 第 24 行.
NOTIC: [8] Use of undefined constant id - assumed 'id' F:\XAMPP\htdocs\toget\Application\Runtime\Cache\Admin\9bfef0f9f473c596f668b6c9a32bfd5c.php 第 23 行.
NOTIC: [8] Use of undefined constant id - assumed 'id' F:\XAMPP\htdocs\toget\Application\Runtime\Cache\Admin\9bfef0f9f473c596f668b6c9a32bfd5c.php 第 24 行.
NOTIC: [8] Use of undefined constant id - assumed 'id' F:\XAMPP\htdocs\toget\Application\Runtime\Cache\Admin\9bfef0f9f473c596f668b6c9a32bfd5c.php 第 23 行.
NOTIC: [8] Use of undefined constant id - assumed 'id' F:\XAMPP\htdocs\toget\Application\Runtime\Cache\Admin\9bfef0f9f473c596f668b6c9a32bfd5c.php 第 24 行.
NOTIC: [8] Use of undefined constant id - assumed 'id' F:\XAMPP\htdocs\toget\Application\Runtime\Cache\Admin\9bfef0f9f473c596f668b6c9a32bfd5c.php 第 23 行.
NOTIC: [8] Use of undefined constant id - assumed 'id' F:\XAMPP\htdocs\toget\Application\Runtime\Cache\Admin\9bfef0f9f473c596f668b6c9a32bfd5c.php 第 24 行.
NOTIC: [8] Use of undefined constant id - assumed 'id' F:\XAMPP\htdocs\toget\Application\Runtime\Cache\Admin\9bfef0f9f473c596f668b6c9a32bfd5c.php 第 23 行.
NOTIC: [8] Use of undefined constant id - assumed 'id' F:\XAMPP\htdocs\toget\Application\Runtime\Cache\Admin\9bfef0f9f473c596f668b6c9a32bfd5c.php 第 24 行.
NOTIC: [8] Use of undefined constant id - assumed 'id' F:\XAMPP\htdocs\toget\Application\Runtime\Cache\Admin\9bfef0f9f473c596f668b6c9a32bfd5c.php 第 23 行.
NOTIC: [8] Use of undefined constant id - assumed 'id' F:\XAMPP\htdocs\toget\Application\Runtime\Cache\Admin\9bfef0f9f473c596f668b6c9a32bfd5c.php 第 24 行.
NOTIC: [8] Use of undefined constant id - assumed 'id' F:\XAMPP\htdocs\toget\Application\Runtime\Cache\Admin\9bfef0f9f473c596f668b6c9a32bfd5c.php 第 23 行.
NOTIC: [8] Use of undefined constant id - assumed 'id' F:\XAMPP\htdocs\toget\Application\Runtime\Cache\Admin\9bfef0f9f473c596f668b6c9a32bfd5c.php 第 24 行.
NOTIC: [8] Use of undefined constant id - assumed 'id' F:\XAMPP\htdocs\toget\Application\Runtime\Cache\Admin\9bfef0f9f473c596f668b6c9a32bfd5c.php 第 23 行.
NOTIC: [8] Use of undefined constant id - assumed 'id' F:\XAMPP\htdocs\toget\Application\Runtime\Cache\Admin\9bfef0f9f473c596f668b6c9a32bfd5c.php 第 24 行.
NOTIC: [8] Use of undefined constant id - assumed 'id' F:\XAMPP\htdocs\toget\Application\Runtime\Cache\Admin\9bfef0f9f473c596f668b6c9a32bfd5c.php 第 23 行.
NOTIC: [8] Use of undefined constant id - assumed 'id' F:\XAMPP\htdocs\toget\Application\Runtime\Cache\Admin\9bfef0f9f473c596f668b6c9a32bfd5c.php 第 24 行.
NOTIC: [8] Use of undefined constant id - assumed 'id' F:\XAMPP\htdocs\toget\Application\Runtime\Cache\Admin\9bfef0f9f473c596f668b6c9a32bfd5c.php 第 23 行.
NOTIC: [8] Use of undefined constant id - assumed 'id' F:\XAMPP\htdocs\toget\Application\Runtime\Cache\Admin\9bfef0f9f473c596f668b6c9a32bfd5c.php 第 24 行.
NOTIC: [8] Use of undefined constant id - assumed 'id' F:\XAMPP\htdocs\toget\Application\Runtime\Cache\Admin\9bfef0f9f473c596f668b6c9a32bfd5c.php 第 23 行.
NOTIC: [8] Use of undefined constant id - assumed 'id' F:\XAMPP\htdocs\toget\Application\Runtime\Cache\Admin\9bfef0f9f473c596f668b6c9a32bfd5c.php 第 24 行.
NOTIC: [8] Use of undefined constant id - assumed 'id' F:\XAMPP\htdocs\toget\Application\Runtime\Cache\Admin\9bfef0f9f473c596f668b6c9a32bfd5c.php 第 23 行.
NOTIC: [8] Use of undefined constant id - assumed 'id' F:\XAMPP\htdocs\toget\Application\Runtime\Cache\Admin\9bfef0f9f473c596f668b6c9a32bfd5c.php 第 24 行.
NOTIC: [8] Use of undefined constant id - assumed 'id' F:\XAMPP\htdocs\toget\Application\Runtime\Cache\Admin\9bfef0f9f473c596f668b6c9a32bfd5c.php 第 23 行.
NOTIC: [8] Use of undefined constant id - assumed 'id' F:\XAMPP\htdocs\toget\Application\Runtime\Cache\Admin\9bfef0f9f473c596f668b6c9a32bfd5c.php 第 24 行.
INFO: Run Behavior\ParseTemplateBehavior [ RunTime:0.265846s ]
INFO: [ view_parse ] --END-- [ RunTime:0.266030s ]
INFO: [ view_filter ] --START--
INFO: Run Behavior\WriteHtmlCacheBehavior [ RunTime:0.083148s ]
INFO: [ view_filter ] --END-- [ RunTime:0.083313s ]
INFO: [ app_end ] --START--
INFO: Run Behavior\ShowPageTraceBehavior [ RunTime:0.044202s ]
INFO: [ app_end ] --END-- [ RunTime:0.044332s ]

